00:48:01.568 febs [SessionValidationThread-1] INFO  o.a.s.s.m.AbstractValidatingSessionManager - Validating all active sessions...
00:48:01.598 febs [SessionValidationThread-1] INFO  o.a.s.s.m.AbstractValidatingSessionManager - Finished session validation.  No sessions were stopped.
01:41:20.476 febs [http-nio-9020-exec-3] INFO  c.x.c.i.SqlStatementInterceptor - 【SQL语句Id】>>>> com.xsz.system.dao.UserMapper.selectByExample
01:41:20.477 febs [http-nio-9020-exec-3] INFO  c.x.c.i.SqlStatementInterceptor - 【SQL语句耗时】>>>> 47 ms
01:41:20.477 febs [http-nio-9020-exec-3] INFO  c.x.c.i.SqlStatementInterceptor - 【SQL语句】>>>> SELECT USER_ID,USERNAME,PASSWORD,DEPT_ID,EMAIL,MOBILE,STATUS,CRATE_TIME,MODIFY_TIME,LAST_LOGIN_TIME,SSEX,THEME,AVATAR,DESCRIPTION FROM t_user WHERE ( ( lower(username)= 'admin' ) )
01:41:20.501 febs [http-nio-9020-exec-3] INFO  c.x.c.i.SqlStatementInterceptor - 【SQL语句Id】>>>> com.xsz.system.dao.UserMapper.updateByExampleSelective
01:41:20.501 febs [http-nio-9020-exec-3] INFO  c.x.c.i.SqlStatementInterceptor - 【SQL语句耗时】>>>> 18 ms
01:41:20.501 febs [http-nio-9020-exec-3] INFO  c.x.c.i.SqlStatementInterceptor - 【SQL语句】>>>> UPDATE t_user SET STATUS = '1',LAST_LOGIN_TIME = '2020-6-21 1:41:20' WHERE ( ( lower(username)= 'admin' ) )
01:41:20.888 febs [asyncTaskExecutor-4] INFO  c.x.c.i.SqlStatementInterceptor - 【SQL语句Id】>>>> com.xsz.system.dao.LogMapper.insert
01:41:20.888 febs [asyncTaskExecutor-4] INFO  c.x.c.i.SqlStatementInterceptor - 【SQL语句耗时】>>>> 213 ms
01:41:20.888 febs [asyncTaskExecutor-4] INFO  c.x.c.i.SqlStatementInterceptor - 【SQL语句】>>>> INSERT INTO t_log ( ID,USERNAME,OPERATION,TIME,METHOD,PARAMS,IP,CREATE_TIME,LOCATION ) VALUES( 2556,'admin','访问系统',0,'com.xsz.system.controller.LoginController.index()','user: "User{userId=167, username='admin', password='8b9196ebe9f537da256b424f1fc93041', deptId=1, deptName='null', email='', mobile='', status='1', crateTime=Fri May 29 22:02:05 CST 2020, modifyTime=null, lastLoginTime=Sat Jun 20 18:03:13 CST 2020, ssex='0', theme='green', avatar='default.jpg', description='null', roleName='null'}"  org.springframework.validation.BindingResult.user: "org.springframework.validation.BeanPropertyBindingResult: 0 errors"','192.168.3.30','2020-6-21 1:41:20','内网IP|0|0|内网IP|内网IP' )
01:41:21.532 febs [http-nio-9020-exec-9] INFO  c.x.c.i.SqlStatementInterceptor - 【SQL语句Id】>>>> com.xsz.system.dao.MenuMapper.findUserMenus
01:41:21.532 febs [http-nio-9020-exec-9] INFO  c.x.c.i.SqlStatementInterceptor - 【SQL语句耗时】>>>> 139 ms
01:41:21.532 febs [http-nio-9020-exec-9] INFO  c.x.c.i.SqlStatementInterceptor - 【SQL语句】>>>> select m.* from t_menu m where m.type <> 1 and m.MENU_ID in (select distinct rm.menu_id from t_role_menu rm left join t_role r on(rm.role_id = r.role_id) left join t_user_role ur on(ur.role_id = r.role_id) left join t_user u on (u.user_id = ur.user_id) where u.username = 'admin') order by m.create_time
01:41:28.679 febs [http-nio-9020-exec-7] INFO  c.x.c.i.SqlStatementInterceptor - 【SQL语句Id】>>>> com.xsz.system.dao.RoleMapper.findUserRole
01:41:28.679 febs [http-nio-9020-exec-7] INFO  c.x.c.i.SqlStatementInterceptor - 【SQL语句耗时】>>>> 2 ms
01:41:28.679 febs [http-nio-9020-exec-7] INFO  c.x.c.i.SqlStatementInterceptor - 【SQL语句】>>>> select r.* from t_role r left join t_user_role ur on(r.role_id = ur.role_id) left join t_user u on(u.user_id = ur.user_id) where u.username = 'admin'
01:41:28.683 febs [http-nio-9020-exec-7] INFO  c.x.c.i.SqlStatementInterceptor - 【SQL语句Id】>>>> com.xsz.system.dao.MenuMapper.findUserPermissions
01:41:28.683 febs [http-nio-9020-exec-7] INFO  c.x.c.i.SqlStatementInterceptor - 【SQL语句耗时】>>>> 3 ms
01:41:28.684 febs [http-nio-9020-exec-7] INFO  c.x.c.i.SqlStatementInterceptor - 【SQL语句】>>>> select m.perms from t_role r left join t_user_role ur on(r.role_id = ur.role_id) left join t_user u on(u.user_id = ur.user_id) left join t_role_menu rm on(rm.role_id = r.role_id) left join t_menu m on(m.menu_id = rm.menu_id ) where u.username = 'admin' and m.perms is not null and m.perms <> ''
01:41:55.661 febs [asyncTaskExecutor-5] INFO  c.x.c.i.SqlStatementInterceptor - 【SQL语句Id】>>>> com.xsz.system.dao.LogMapper.insert
01:41:55.661 febs [asyncTaskExecutor-5] INFO  c.x.c.i.SqlStatementInterceptor - 【SQL语句耗时】>>>> 135 ms
01:41:55.661 febs [asyncTaskExecutor-5] INFO  c.x.c.i.SqlStatementInterceptor - 【SQL语句】>>>> INSERT INTO t_log ( ID,USERNAME,OPERATION,TIME,METHOD,PARAMS,IP,CREATE_TIME,LOCATION ) VALUES( 2557,'admin','访问系统',0,'com.xsz.system.controller.LoginController.index()','user: "User{userId=167, username='admin', password='8b9196ebe9f537da256b424f1fc93041', deptId=1, deptName='null', email='', mobile='', status='1', crateTime=Fri May 29 22:02:05 CST 2020, modifyTime=null, lastLoginTime=Sat Jun 20 18:03:13 CST 2020, ssex='0', theme='green', avatar='default.jpg', description='null', roleName='null'}"  org.springframework.validation.BindingResult.user: "org.springframework.validation.BeanPropertyBindingResult: 0 errors"','192.168.3.30','2020-6-21 1:41:55','内网IP|0|0|内网IP|内网IP' )
01:41:56.074 febs [http-nio-9020-exec-1] INFO  c.x.c.i.SqlStatementInterceptor - 【SQL语句Id】>>>> com.xsz.system.dao.MenuMapper.findUserMenus
01:41:56.074 febs [http-nio-9020-exec-1] INFO  c.x.c.i.SqlStatementInterceptor - 【SQL语句耗时】>>>> 23 ms
01:41:56.075 febs [http-nio-9020-exec-1] INFO  c.x.c.i.SqlStatementInterceptor - 【SQL语句】>>>> select m.* from t_menu m where m.type <> 1 and m.MENU_ID in (select distinct rm.menu_id from t_role_menu rm left join t_role r on(rm.role_id = r.role_id) left join t_user_role ur on(ur.role_id = r.role_id) left join t_user u on (u.user_id = ur.user_id) where u.username = 'admin') order by m.create_time
01:44:43.960 febs [http-nio-9020-exec-9] INFO  c.x.c.i.SqlStatementInterceptor - 【SQL语句Id】>>>> com.xsz.system.dao.LogMapper.selectByExample_COUNT
01:44:43.961 febs [http-nio-9020-exec-9] INFO  c.x.c.i.SqlStatementInterceptor - 【SQL语句耗时】>>>> 125 ms
01:44:43.961 febs [http-nio-9020-exec-9] INFO  c.x.c.i.SqlStatementInterceptor - 【SQL语句】>>>> SELECT ID,USERNAME,OPERATION,TIME,METHOD,PARAMS,IP,CREATE_TIME,LOCATION FROM t_log order by create_time desc
01:44:44.000 febs [http-nio-9020-exec-9] INFO  c.x.c.i.SqlStatementInterceptor - 【SQL语句Id】>>>> com.xsz.system.dao.LogMapper.selectByExample
01:44:44.000 febs [http-nio-9020-exec-9] INFO  c.x.c.i.SqlStatementInterceptor - 【SQL语句耗时】>>>> 8 ms
01:44:44.000 febs [http-nio-9020-exec-9] INFO  c.x.c.i.SqlStatementInterceptor - 【SQL语句】>>>> SELECT ID,USERNAME,OPERATION,TIME,METHOD,PARAMS,IP,CREATE_TIME,LOCATION FROM t_log order by create_time desc
01:44:48.765 febs [http-nio-9020-exec-8] INFO  c.x.c.i.SqlStatementInterceptor - 【SQL语句Id】>>>> com.xsz.system.dao.RoleMapper.selectByExample_COUNT
01:44:48.765 febs [http-nio-9020-exec-8] INFO  c.x.c.i.SqlStatementInterceptor - 【SQL语句耗时】>>>> 44 ms
01:44:48.765 febs [http-nio-9020-exec-8] INFO  c.x.c.i.SqlStatementInterceptor - 【SQL语句】>>>> SELECT ROLE_ID,ROLE_NAME,REMARK,CREATE_TIME,MODIFY_TIME FROM t_role order by create_time
01:44:48.766 febs [http-nio-9020-exec-8] INFO  c.x.c.i.SqlStatementInterceptor - 【SQL语句Id】>>>> com.xsz.system.dao.RoleMapper.selectByExample
01:44:48.766 febs [http-nio-9020-exec-8] INFO  c.x.c.i.SqlStatementInterceptor - 【SQL语句耗时】>>>> 1 ms
01:44:48.767 febs [http-nio-9020-exec-8] INFO  c.x.c.i.SqlStatementInterceptor - 【SQL语句】>>>> SELECT ROLE_ID,ROLE_NAME,REMARK,CREATE_TIME,MODIFY_TIME FROM t_role order by create_time
01:44:49.049 febs [asyncTaskExecutor-1] INFO  c.x.c.i.SqlStatementInterceptor - 【SQL语句Id】>>>> com.xsz.system.dao.LogMapper.insert
01:44:49.049 febs [asyncTaskExecutor-1] INFO  c.x.c.i.SqlStatementInterceptor - 【SQL语句耗时】>>>> 132 ms
01:44:49.049 febs [asyncTaskExecutor-1] INFO  c.x.c.i.SqlStatementInterceptor - 【SQL语句】>>>> INSERT INTO t_log ( ID,USERNAME,OPERATION,TIME,METHOD,PARAMS,IP,CREATE_TIME,LOCATION ) VALUES( 2558,'admin','获取用户信息',132,'com.xsz.system.controller.UserController.userList()','request: "QueryRequest{pageSize=10, pageNum=1}"  user: "User{userId=null, username='', password='null', deptId=null, deptName='null', email='null', mobile='null', status='', crateTime=null, modifyTime=null, lastLoginTime=null, ssex='', theme='null', avatar='null', description='null', roleName='null'}"','192.168.3.30','2020-6-21 1:44:49','内网IP|0|0|内网IP|内网IP' )
01:44:49.214 febs [http-nio-9020-exec-3] INFO  c.x.c.i.SqlStatementInterceptor - 【SQL语句Id】>>>> com.xsz.system.dao.DeptMapper.selectByExample
01:44:49.214 febs [http-nio-9020-exec-3] INFO  c.x.c.i.SqlStatementInterceptor - 【SQL语句耗时】>>>> 483 ms
01:44:49.214 febs [http-nio-9020-exec-3] INFO  c.x.c.i.SqlStatementInterceptor - 【SQL语句】>>>> SELECT DEPT_ID,PARENT_ID,DEPT_NAME,ORDER_NUM,CREATE_TIME FROM t_dept order by dept_id
01:44:49.996 febs [http-nio-9020-exec-9] INFO  c.x.c.i.SqlStatementInterceptor - 【SQL语句Id】>>>> com.xsz.system.dao.MenuMapper.selectByExample
01:44:49.996 febs [http-nio-9020-exec-9] INFO  c.x.c.i.SqlStatementInterceptor - 【SQL语句耗时】>>>> 86 ms
01:44:49.996 febs [http-nio-9020-exec-9] INFO  c.x.c.i.SqlStatementInterceptor - 【SQL语句】>>>> SELECT MENU_ID,PARENT_ID,MENU_NAME,URL,PERMS,ICON,TYPE,ORDER_NUM,CREATE_TIME,MODIFY_TIME FROM t_menu order by menu_id
01:44:50.039 febs [asyncTaskExecutor-2] INFO  c.x.c.i.SqlStatementInterceptor - 【SQL语句Id】>>>> com.xsz.system.dao.LogMapper.insert
01:44:50.040 febs [asyncTaskExecutor-2] INFO  c.x.c.i.SqlStatementInterceptor - 【SQL语句耗时】>>>> 206 ms
01:44:50.040 febs [asyncTaskExecutor-2] INFO  c.x.c.i.SqlStatementInterceptor - 【SQL语句】>>>> INSERT INTO t_log ( ID,USERNAME,OPERATION,TIME,METHOD,PARAMS,IP,CREATE_TIME,LOCATION ) VALUES( 2559,'admin','获取角色信息',0,'com.xsz.system.controller.RoleController.index()','','192.168.3.30','2020-6-21 1:44:50','内网IP|0|0|内网IP|内网IP' )
01:44:50.078 febs [http-nio-9020-exec-4] INFO  c.x.c.i.SqlStatementInterceptor - 【SQL语句Id】>>>> com.xsz.system.dao.RoleMapper.selectByExample_COUNT
01:44:50.078 febs [http-nio-9020-exec-4] INFO  c.x.c.i.SqlStatementInterceptor - 【SQL语句耗时】>>>> 1 ms
01:44:50.078 febs [http-nio-9020-exec-4] INFO  c.x.c.i.SqlStatementInterceptor - 【SQL语句】>>>> SELECT ROLE_ID,ROLE_NAME,REMARK,CREATE_TIME,MODIFY_TIME FROM t_role order by create_time
01:44:50.081 febs [http-nio-9020-exec-4] INFO  c.x.c.i.SqlStatementInterceptor - 【SQL语句Id】>>>> com.xsz.system.dao.RoleMapper.selectByExample
01:44:50.081 febs [http-nio-9020-exec-4] INFO  c.x.c.i.SqlStatementInterceptor - 【SQL语句耗时】>>>> 2 ms
01:44:50.081 febs [http-nio-9020-exec-4] INFO  c.x.c.i.SqlStatementInterceptor - 【SQL语句】>>>> SELECT ROLE_ID,ROLE_NAME,REMARK,CREATE_TIME,MODIFY_TIME FROM t_role order by create_time
01:44:50.816 febs [asyncTaskExecutor-3] INFO  c.x.c.i.SqlStatementInterceptor - 【SQL语句Id】>>>> com.xsz.system.dao.LogMapper.insert
01:44:50.816 febs [asyncTaskExecutor-3] INFO  c.x.c.i.SqlStatementInterceptor - 【SQL语句耗时】>>>> 107 ms
01:44:50.816 febs [asyncTaskExecutor-3] INFO  c.x.c.i.SqlStatementInterceptor - 【SQL语句】>>>> INSERT INTO t_log ( ID,USERNAME,OPERATION,TIME,METHOD,PARAMS,IP,CREATE_TIME,LOCATION ) VALUES( 2560,'admin','获取部门信息',0,'com.xsz.system.controller.DeptController.index()','','192.168.3.30','2020-6-21 1:44:50','内网IP|0|0|内网IP|内网IP' )
01:44:50.825 febs [http-nio-9020-exec-10] INFO  c.x.c.i.SqlStatementInterceptor - 【SQL语句Id】>>>> com.xsz.system.dao.DeptMapper.selectByExample
01:44:50.825 febs [http-nio-9020-exec-10] INFO  c.x.c.i.SqlStatementInterceptor - 【SQL语句耗时】>>>> 2 ms
01:44:50.825 febs [http-nio-9020-exec-10] INFO  c.x.c.i.SqlStatementInterceptor - 【SQL语句】>>>> SELECT DEPT_ID,PARENT_ID,DEPT_NAME,ORDER_NUM,CREATE_TIME FROM t_dept order by dept_id
01:44:50.896 febs [http-nio-9020-exec-1] INFO  c.x.c.i.SqlStatementInterceptor - 【SQL语句Id】>>>> com.xsz.system.dao.DeptMapper.selectByExample
01:44:50.896 febs [http-nio-9020-exec-1] INFO  c.x.c.i.SqlStatementInterceptor - 【SQL语句耗时】>>>> 3 ms
01:44:50.896 febs [http-nio-9020-exec-1] INFO  c.x.c.i.SqlStatementInterceptor - 【SQL语句】>>>> SELECT DEPT_ID,PARENT_ID,DEPT_NAME,ORDER_NUM,CREATE_TIME FROM t_dept order by dept_id
01:45:01.636 febs [http-nio-9020-exec-10] INFO  c.g.d.core.util.RuntimeUtils - OSGi support is false
01:45:01.648 febs [http-nio-9020-exec-10] INFO  c.g.d.core.DozerBeanMapperBuilder - Initializing Dozer. Version: 6.4.0, Thread Name: http-nio-9020-exec-10
01:45:01.661 febs [http-nio-9020-exec-10] INFO  c.g.d.c.c.r.LegacyPropertiesSettingsResolver - Trying to find Dozer configuration file: dozer.properties
01:45:01.662 febs [http-nio-9020-exec-10] INFO  c.g.d.c.c.r.LegacyPropertiesSettingsResolver - Failed to find dozer.properties via com.github.dozermapper.core.config.resolvers.LegacyPropertiesSettingsResolver.
01:45:02.329 febs [http-nio-9020-exec-10] INFO  c.x.c.i.SqlStatementInterceptor - 【SQL语句Id】>>>> com.xsz.product.dao.CategoryMapper.selectByExample_COUNT
01:45:02.330 febs [http-nio-9020-exec-10] INFO  c.x.c.i.SqlStatementInterceptor - 【SQL语句耗时】>>>> 50 ms
01:45:02.330 febs [http-nio-9020-exec-10] INFO  c.x.c.i.SqlStatementInterceptor - 【SQL语句】>>>> SELECT category_id,category_name,category_companyid,category_name_en,createtime,updatetime,createman,updateman FROM tb_category WHERE ( ( category_companyid= 1 ) ) order by createtime desc
01:45:02.628 febs [asyncTaskExecutor-4] INFO  c.x.c.i.SqlStatementInterceptor - 【SQL语句Id】>>>> com.xsz.system.dao.LogMapper.insert
01:45:02.628 febs [asyncTaskExecutor-4] INFO  c.x.c.i.SqlStatementInterceptor - 【SQL语句耗时】>>>> 282 ms
01:45:02.628 febs [asyncTaskExecutor-4] INFO  c.x.c.i.SqlStatementInterceptor - 【SQL语句】>>>> INSERT INTO t_log ( ID,USERNAME,OPERATION,TIME,METHOD,PARAMS,IP,CREATE_TIME,LOCATION ) VALUES( 2561,'admin','获取菜品父类信息分页',794,'com.xsz.product.controller.CategoryController.categoryListPage()','request: "QueryRequest{pageSize=10, pageNum=1}"  categoryForm: "CategoryForm(categoryId=null, categoryName=, categoryCompanyid=null, categoryNameEn=, categoryCreateTime=)"','192.168.3.30','2020-6-21 1:45:02','内网IP|0|0|内网IP|内网IP' )
01:45:04.061 febs [asyncTaskExecutor-5] INFO  c.x.c.i.SqlStatementInterceptor - 【SQL语句Id】>>>> com.xsz.system.dao.LogMapper.insert
01:45:04.062 febs [asyncTaskExecutor-5] INFO  c.x.c.i.SqlStatementInterceptor - 【SQL语句耗时】>>>> 181 ms
01:45:04.062 febs [asyncTaskExecutor-5] INFO  c.x.c.i.SqlStatementInterceptor - 【SQL语句】>>>> INSERT INTO t_log ( ID,USERNAME,OPERATION,TIME,METHOD,PARAMS,IP,CREATE_TIME,LOCATION ) VALUES( 2562,'admin','获取天气信息',4,'com.xsz.web.controller.WeatherController.weather()','','192.168.3.30','2020-6-21 1:45:04','内网IP|0|0|内网IP|内网IP' )
01:45:06.340 febs [http-nio-9020-exec-8] INFO  c.x.c.i.SqlStatementInterceptor - 【SQL语句Id】>>>> com.xsz.system.dao.LogMapper.selectByExample_COUNT
01:45:06.340 febs [http-nio-9020-exec-8] INFO  c.x.c.i.SqlStatementInterceptor - 【SQL语句耗时】>>>> 1 ms
01:45:06.340 febs [http-nio-9020-exec-8] INFO  c.x.c.i.SqlStatementInterceptor - 【SQL语句】>>>> SELECT ID,USERNAME,OPERATION,TIME,METHOD,PARAMS,IP,CREATE_TIME,LOCATION FROM t_log order by create_time desc
01:45:06.345 febs [http-nio-9020-exec-8] INFO  c.x.c.i.SqlStatementInterceptor - 【SQL语句Id】>>>> com.xsz.system.dao.LogMapper.selectByExample
01:45:06.345 febs [http-nio-9020-exec-8] INFO  c.x.c.i.SqlStatementInterceptor - 【SQL语句耗时】>>>> 4 ms
01:45:06.345 febs [http-nio-9020-exec-8] INFO  c.x.c.i.SqlStatementInterceptor - 【SQL语句】>>>> SELECT ID,USERNAME,OPERATION,TIME,METHOD,PARAMS,IP,CREATE_TIME,LOCATION FROM t_log order by create_time desc
01:45:13.011 febs [http-nio-9020-exec-3] INFO  c.x.c.i.SqlStatementInterceptor - 【SQL语句Id】>>>> com.xsz.system.dao.RoleMapper.selectByExample_COUNT
01:45:13.012 febs [http-nio-9020-exec-3] INFO  c.x.c.i.SqlStatementInterceptor - 【SQL语句耗时】>>>> 1 ms
01:45:13.012 febs [http-nio-9020-exec-3] INFO  c.x.c.i.SqlStatementInterceptor - 【SQL语句】>>>> SELECT ROLE_ID,ROLE_NAME,REMARK,CREATE_TIME,MODIFY_TIME FROM t_role order by create_time
01:45:13.015 febs [http-nio-9020-exec-3] INFO  c.x.c.i.SqlStatementInterceptor - 【SQL语句Id】>>>> com.xsz.system.dao.RoleMapper.selectByExample
01:45:13.016 febs [http-nio-9020-exec-3] INFO  c.x.c.i.SqlStatementInterceptor - 【SQL语句耗时】>>>> 3 ms
01:45:13.016 febs [http-nio-9020-exec-3] INFO  c.x.c.i.SqlStatementInterceptor - 【SQL语句】>>>> SELECT ROLE_ID,ROLE_NAME,REMARK,CREATE_TIME,MODIFY_TIME FROM t_role order by create_time
01:45:13.016 febs [http-nio-9020-exec-5] INFO  c.x.c.i.SqlStatementInterceptor - 【SQL语句Id】>>>> com.xsz.system.dao.DeptMapper.selectByExample
01:45:13.016 febs [http-nio-9020-exec-5] INFO  c.x.c.i.SqlStatementInterceptor - 【SQL语句耗时】>>>> 4 ms
01:45:13.016 febs [http-nio-9020-exec-5] INFO  c.x.c.i.SqlStatementInterceptor - 【SQL语句】>>>> SELECT DEPT_ID,PARENT_ID,DEPT_NAME,ORDER_NUM,CREATE_TIME FROM t_dept order by dept_id
01:45:13.217 febs [asyncTaskExecutor-1] INFO  c.x.c.i.SqlStatementInterceptor - 【SQL语句Id】>>>> com.xsz.system.dao.LogMapper.insert
01:45:13.217 febs [asyncTaskExecutor-1] INFO  c.x.c.i.SqlStatementInterceptor - 【SQL语句耗时】>>>> 128 ms
01:45:13.217 febs [asyncTaskExecutor-1] INFO  c.x.c.i.SqlStatementInterceptor - 【SQL语句】>>>> INSERT INTO t_log ( ID,USERNAME,OPERATION,TIME,METHOD,PARAMS,IP,CREATE_TIME,LOCATION ) VALUES( 2563,'admin','获取用户信息',37,'com.xsz.system.controller.UserController.userList()','request: "QueryRequest{pageSize=10, pageNum=1}"  user: "User{userId=null, username='', password='null', deptId=null, deptName='null', email='null', mobile='null', status='', crateTime=null, modifyTime=null, lastLoginTime=null, ssex='', theme='null', avatar='null', description='null', roleName='null'}"','192.168.3.30','2020-6-21 1:45:13','内网IP|0|0|内网IP|内网IP' )
01:48:01.567 febs [SessionValidationThread-1] INFO  o.a.s.s.m.AbstractValidatingSessionManager - Validating all active sessions...
01:48:01.577 febs [SessionValidationThread-1] INFO  o.a.s.s.m.AbstractValidatingSessionManager - Finished session validation.  No sessions were stopped.
01:48:21.977 febs [main] INFO  com.xsz.Application - Starting Application on DESKTOP-5G79DEK with PID 5484 (C:\bseawp\springbootbookcode\voteWeb\target\classes started by jiyu in C:\bseawp\springbootbookcode)
01:48:21.984 febs [main] INFO  com.xsz.Application - No active profile set, falling back to default profiles: default
01:48:22.129 febs [main] INFO  o.s.b.w.s.c.AnnotationConfigServletWebServerApplicationContext - Refreshing org.springframework.boot.web.servlet.context.AnnotationConfigServletWebServerApplicationContext@4cc8eb05: startup date [Sun Jun 21 01:48:22 CST 2020]; root of context hierarchy
01:48:26.028 febs [main] INFO  o.s.d.r.c.RepositoryConfigurationDelegate - Multiple Spring Data modules found, entering strict repository configuration mode!
01:48:26.482 febs [main] INFO  c.u.j.c.EnableEncryptablePropertiesBeanFactoryPostProcessor - Post-processing PropertySource instances
01:48:26.560 febs [main] INFO  c.u.j.EncryptablePropertySourceConverter - Converting PropertySource configurationProperties [org.springframework.boot.context.properties.source.ConfigurationPropertySourcesPropertySource] to AOP Proxy
01:48:26.562 febs [main] INFO  c.u.j.EncryptablePropertySourceConverter - Converting PropertySource servletConfigInitParams [org.springframework.core.env.PropertySource$StubPropertySource] to EncryptablePropertySourceWrapper
01:48:26.562 febs [main] INFO  c.u.j.EncryptablePropertySourceConverter - Converting PropertySource servletContextInitParams [org.springframework.core.env.PropertySource$StubPropertySource] to EncryptablePropertySourceWrapper
01:48:26.562 febs [main] INFO  c.u.j.EncryptablePropertySourceConverter - Converting PropertySource systemProperties [org.springframework.core.env.MapPropertySource] to EncryptableMapPropertySourceWrapper
01:48:26.562 febs [main] INFO  c.u.j.EncryptablePropertySourceConverter - Converting PropertySource systemEnvironment [org.springframework.boot.env.SystemEnvironmentPropertySourceEnvironmentPostProcessor$OriginAwareSystemEnvironmentPropertySource] to EncryptableMapPropertySourceWrapper
01:48:26.562 febs [main] INFO  c.u.j.EncryptablePropertySourceConverter - Converting PropertySource random [org.springframework.boot.env.RandomValuePropertySource] to EncryptablePropertySourceWrapper
01:48:26.562 febs [main] INFO  c.u.j.EncryptablePropertySourceConverter - Converting PropertySource applicationConfig: [classpath:/application.yml] [org.springframework.boot.env.OriginTrackedMapPropertySource] to EncryptableMapPropertySourceWrapper
01:48:26.631 febs [main] INFO  o.s.c.s.PostProcessorRegistrationDelegate$BeanPostProcessorChecker - Bean 'asyncExecutorPoolConfig' of type [com.xsz.common.config.AsyncExecutorPoolConfig$$EnhancerBySpringCGLIB$$35c99003] is not eligible for getting processed by all BeanPostProcessors (for example: not eligible for auto-proxying)
01:48:26.679 febs [main] INFO  c.u.j.f.DefaultLazyPropertyFilter - Property Filter custom Bean not found with name 'encryptablePropertyFilter'. Initializing Default Property Filter
01:48:26.689 febs [main] INFO  o.s.c.s.PostProcessorRegistrationDelegate$BeanPostProcessorChecker - Bean 'com.alibaba.druid.spring.boot.autoconfigure.stat.DruidSpringAopConfiguration' of type [com.alibaba.druid.spring.boot.autoconfigure.stat.DruidSpringAopConfiguration] is not eligible for getting processed by all BeanPostProcessors (for example: not eligible for auto-proxying)
01:48:26.764 febs [main] INFO  o.s.c.s.PostProcessorRegistrationDelegate$BeanPostProcessorChecker - Bean 'org.springframework.boot.context.properties.ConversionServiceDeducer$Factory' of type [org.springframework.boot.context.properties.ConversionServiceDeducer$Factory] is not eligible for getting processed by all BeanPostProcessors (for example: not eligible for auto-proxying)
01:48:26.908 febs [main] INFO  c.u.j.r.DefaultLazyPropertyResolver - Property Resolver custom Bean not found with name 'encryptablePropertyResolver'. Initializing Default Property Resolver
01:48:26.916 febs [main] INFO  c.u.j.d.DefaultLazyPropertyDetector - Property Detector custom Bean not found with name 'encryptablePropertyDetector'. Initializing Default Property Detector
01:48:26.923 febs [main] INFO  o.s.c.s.PostProcessorRegistrationDelegate$BeanPostProcessorChecker - Bean 'spring.datasource.druid-com.alibaba.druid.spring.boot.autoconfigure.properties.DruidStatProperties' of type [com.alibaba.druid.spring.boot.autoconfigure.properties.DruidStatProperties] is not eligible for getting processed by all BeanPostProcessors (for example: not eligible for auto-proxying)
01:48:26.955 febs [main] INFO  o.s.c.s.PostProcessorRegistrationDelegate$BeanPostProcessorChecker - Bean 'advisor' of type [org.springframework.aop.support.RegexpMethodPointcutAdvisor] is not eligible for getting processed by all BeanPostProcessors (for example: not eligible for auto-proxying)
01:48:26.987 febs [main] INFO  o.s.c.s.PostProcessorRegistrationDelegate$BeanPostProcessorChecker - Bean 'redisConfig' of type [com.xsz.common.config.RedisConfig$$EnhancerBySpringCGLIB$$600553d3] is not eligible for getting processed by all BeanPostProcessors (for example: not eligible for auto-proxying)
01:48:27.039 febs [main] INFO  o.s.c.s.PostProcessorRegistrationDelegate$BeanPostProcessorChecker - Bean 'org.springframework.transaction.annotation.ProxyTransactionManagementConfiguration' of type [org.springframework.transaction.annotation.ProxyTransactionManagementConfiguration$$EnhancerBySpringCGLIB$$78ab00b6] is not eligible for getting processed by all BeanPostProcessors (for example: not eligible for auto-proxying)
01:48:27.085 febs [main] INFO  o.s.c.s.PostProcessorRegistrationDelegate$BeanPostProcessorChecker - Bean 'febsProperties' of type [com.xsz.common.config.FebsProperties$$EnhancerBySpringCGLIB$$e277d5c3] is not eligible for getting processed by all BeanPostProcessors (for example: not eligible for auto-proxying)
01:48:27.089 febs [main] INFO  o.s.c.s.PostProcessorRegistrationDelegate$BeanPostProcessorChecker - Bean 'shiroConfig' of type [com.xsz.common.shiro.ShiroConfig$$EnhancerBySpringCGLIB$$ce69712a] is not eligible for getting processed by all BeanPostProcessors (for example: not eligible for auto-proxying)
01:48:27.656 febs [main] INFO  o.s.c.s.PostProcessorRegistrationDelegate$BeanPostProcessorChecker - Bean 'mybatis-org.mybatis.spring.boot.autoconfigure.MybatisProperties' of type [org.mybatis.spring.boot.autoconfigure.MybatisProperties] is not eligible for getting processed by all BeanPostProcessors (for example: not eligible for auto-proxying)
01:48:27.665 febs [main] INFO  o.s.c.s.PostProcessorRegistrationDelegate$BeanPostProcessorChecker - Bean 'myBatisConfig' of type [com.xsz.common.config.MyBatisConfig$$EnhancerBySpringCGLIB$$d2f5264b] is not eligible for getting processed by all BeanPostProcessors (for example: not eligible for auto-proxying)
01:48:27.671 febs [main] INFO  o.s.c.s.PostProcessorRegistrationDelegate$BeanPostProcessorChecker - Bean 'sqlStatementInterceptor' of type [com.xsz.common.interceptor.SqlStatementInterceptor] is not eligible for getting processed by all BeanPostProcessors (for example: not eligible for auto-proxying)
01:48:27.679 febs [main] INFO  o.s.c.s.PostProcessorRegistrationDelegate$BeanPostProcessorChecker - Bean 'org.mybatis.spring.boot.autoconfigure.MybatisAutoConfiguration' of type [org.mybatis.spring.boot.autoconfigure.MybatisAutoConfiguration$$EnhancerBySpringCGLIB$$ab7f51e6] is not eligible for getting processed by all BeanPostProcessors (for example: not eligible for auto-proxying)
01:48:27.684 febs [main] INFO  o.s.c.s.PostProcessorRegistrationDelegate$BeanPostProcessorChecker - Bean 'com.alibaba.druid.spring.boot.autoconfigure.DruidDataSourceAutoConfigure' of type [com.alibaba.druid.spring.boot.autoconfigure.DruidDataSourceAutoConfigure$$EnhancerBySpringCGLIB$$9256f628] is not eligible for getting processed by all BeanPostProcessors (for example: not eligible for auto-proxying)
01:48:27.687 febs [main] INFO  c.a.d.s.b.a.DruidDataSourceAutoConfigure - Init DruidDataSource
01:48:27.810 febs [main] INFO  o.s.c.s.PostProcessorRegistrationDelegate$BeanPostProcessorChecker - Bean 'spring.datasource-org.springframework.boot.autoconfigure.jdbc.DataSourceProperties' of type [org.springframework.boot.autoconfigure.jdbc.DataSourceProperties] is not eligible for getting processed by all BeanPostProcessors (for example: not eligible for auto-proxying)
01:48:27.817 febs [main] INFO  o.s.c.s.PostProcessorRegistrationDelegate$BeanPostProcessorChecker - Bean 'com.alibaba.druid.spring.boot.autoconfigure.stat.DruidFilterConfiguration' of type [com.alibaba.druid.spring.boot.autoconfigure.stat.DruidFilterConfiguration] is not eligible for getting processed by all BeanPostProcessors (for example: not eligible for auto-proxying)
01:48:27.901 febs [main] INFO  o.s.c.s.PostProcessorRegistrationDelegate$BeanPostProcessorChecker - Bean 'statFilter' of type [com.alibaba.druid.filter.stat.StatFilter] is not eligible for getting processed by all BeanPostProcessors (for example: not eligible for auto-proxying)
01:48:28.478 febs [main] INFO  c.alibaba.druid.pool.DruidDataSource - {dataSource-1} inited
01:48:28.479 febs [main] INFO  o.s.c.s.PostProcessorRegistrationDelegate$BeanPostProcessorChecker - Bean 'dataSource' of type [com.alibaba.druid.spring.boot.autoconfigure.DruidDataSourceWrapper] is not eligible for getting processed by all BeanPostProcessors (for example: not eligible for auto-proxying)
01:48:28.513 febs [main] INFO  o.s.c.s.PostProcessorRegistrationDelegate$BeanPostProcessorChecker - Bean 'org.springframework.boot.autoconfigure.jdbc.DataSourceInitializerInvoker' of type [org.springframework.boot.autoconfigure.jdbc.DataSourceInitializerInvoker] is not eligible for getting processed by all BeanPostProcessors (for example: not eligible for auto-proxying)
01:48:29.150 febs [main] INFO  o.s.c.s.PostProcessorRegistrationDelegate$BeanPostProcessorChecker - Bean 'sqlSessionFactory' of type [org.apache.ibatis.session.defaults.DefaultSqlSessionFactory] is not eligible for getting processed by all BeanPostProcessors (for example: not eligible for auto-proxying)
01:48:29.179 febs [main] INFO  o.s.c.s.PostProcessorRegistrationDelegate$BeanPostProcessorChecker - Bean 'sqlSessionTemplate' of type [org.mybatis.spring.SqlSessionTemplate] is not eligible for getting processed by all BeanPostProcessors (for example: not eligible for auto-proxying)
01:48:29.247 febs [main] INFO  o.s.c.s.PostProcessorRegistrationDelegate$BeanPostProcessorChecker - Bean 'userMapper' of type [tk.mybatis.spring.mapper.MapperFactoryBean] is not eligible for getting processed by all BeanPostProcessors (for example: not eligible for auto-proxying)
01:48:29.250 febs [main] INFO  o.s.c.s.PostProcessorRegistrationDelegate$BeanPostProcessorChecker - Bean 'userMapper' of type [com.sun.proxy.$Proxy116] is not eligible for getting processed by all BeanPostProcessors (for example: not eligible for auto-proxying)
01:48:29.296 febs [main] INFO  o.s.c.s.PostProcessorRegistrationDelegate$BeanPostProcessorChecker - Bean 'userRoleMapper' of type [tk.mybatis.spring.mapper.MapperFactoryBean] is not eligible for getting processed by all BeanPostProcessors (for example: not eligible for auto-proxying)
01:48:29.298 febs [main] INFO  o.s.c.s.PostProcessorRegistrationDelegate$BeanPostProcessorChecker - Bean 'userRoleMapper' of type [com.sun.proxy.$Proxy118] is not eligible for getting processed by all BeanPostProcessors (for example: not eligible for auto-proxying)
01:48:29.306 febs [main] INFO  o.s.c.s.PostProcessorRegistrationDelegate$BeanPostProcessorChecker - Bean 'userRoleService' of type [com.xsz.system.service.impl.UserRoleServiceImpl] is not eligible for getting processed by all BeanPostProcessors (for example: not eligible for auto-proxying)
01:48:29.329 febs [main] INFO  o.s.c.s.PostProcessorRegistrationDelegate$BeanPostProcessorChecker - Bean 'userService' of type [com.xsz.system.service.impl.UserServiceImpl] is not eligible for getting processed by all BeanPostProcessors (for example: not eligible for auto-proxying)
01:48:29.407 febs [main] INFO  o.s.c.s.PostProcessorRegistrationDelegate$BeanPostProcessorChecker - Bean 'roleMapper' of type [tk.mybatis.spring.mapper.MapperFactoryBean] is not eligible for getting processed by all BeanPostProcessors (for example: not eligible for auto-proxying)
01:48:29.409 febs [main] INFO  o.s.c.s.PostProcessorRegistrationDelegate$BeanPostProcessorChecker - Bean 'roleMapper' of type [com.sun.proxy.$Proxy124] is not eligible for getting processed by all BeanPostProcessors (for example: not eligible for auto-proxying)
01:48:29.452 febs [main] INFO  o.s.c.s.PostProcessorRegistrationDelegate$BeanPostProcessorChecker - Bean 'roleMenuMapper' of type [tk.mybatis.spring.mapper.MapperFactoryBean] is not eligible for getting processed by all BeanPostProcessors (for example: not eligible for auto-proxying)
01:48:29.455 febs [main] INFO  o.s.c.s.PostProcessorRegistrationDelegate$BeanPostProcessorChecker - Bean 'roleMenuMapper' of type [com.sun.proxy.$Proxy125] is not eligible for getting processed by all BeanPostProcessors (for example: not eligible for auto-proxying)
01:48:29.465 febs [main] INFO  o.s.c.s.PostProcessorRegistrationDelegate$BeanPostProcessorChecker - Bean 'roleMenuService' of type [com.xsz.system.service.impl.RoleMenuServiceImpl] is not eligible for getting processed by all BeanPostProcessors (for example: not eligible for auto-proxying)
01:48:29.494 febs [main] INFO  o.s.c.s.PostProcessorRegistrationDelegate$BeanPostProcessorChecker - Bean 'roleService' of type [com.xsz.system.service.impl.RoleServiceImpl] is not eligible for getting processed by all BeanPostProcessors (for example: not eligible for auto-proxying)
01:48:29.551 febs [main] INFO  o.s.c.s.PostProcessorRegistrationDelegate$BeanPostProcessorChecker - Bean 'menuMapper' of type [tk.mybatis.spring.mapper.MapperFactoryBean] is not eligible for getting processed by all BeanPostProcessors (for example: not eligible for auto-proxying)
01:48:29.553 febs [main] INFO  o.s.c.s.PostProcessorRegistrationDelegate$BeanPostProcessorChecker - Bean 'menuMapper' of type [com.sun.proxy.$Proxy126] is not eligible for getting processed by all BeanPostProcessors (for example: not eligible for auto-proxying)
01:48:29.560 febs [main] INFO  o.s.c.s.PostProcessorRegistrationDelegate$BeanPostProcessorChecker - Bean 'menuService' of type [com.xsz.system.service.impl.MenuServiceImpl] is not eligible for getting processed by all BeanPostProcessors (for example: not eligible for auto-proxying)
01:48:29.579 febs [main] INFO  o.s.c.s.PostProcessorRegistrationDelegate$BeanPostProcessorChecker - Bean 'shiroRealm' of type [com.xsz.common.shiro.ShiroRealm] is not eligible for getting processed by all BeanPostProcessors (for example: not eligible for auto-proxying)
01:48:29.594 febs [main] INFO  o.s.c.s.PostProcessorRegistrationDelegate$BeanPostProcessorChecker - Bean 'redisSessionDAO' of type [org.crazycake.shiro.RedisSessionDAO] is not eligible for getting processed by all BeanPostProcessors (for example: not eligible for auto-proxying)
01:48:29.665 febs [main] INFO  o.s.c.s.PostProcessorRegistrationDelegate$BeanPostProcessorChecker - Bean 'sessionManager' of type [org.apache.shiro.web.session.mgt.DefaultWebSessionManager] is not eligible for getting processed by all BeanPostProcessors (for example: not eligible for auto-proxying)
01:48:29.678 febs [main] INFO  o.s.c.s.PostProcessorRegistrationDelegate$BeanPostProcessorChecker - Bean 'securityManager' of type [org.apache.shiro.web.mgt.DefaultWebSecurityManager] is not eligible for getting processed by all BeanPostProcessors (for example: not eligible for auto-proxying)
01:48:29.699 febs [main] INFO  o.s.c.s.PostProcessorRegistrationDelegate$BeanPostProcessorChecker - Bean 'authorizationAttributeSourceAdvisor' of type [org.apache.shiro.spring.security.interceptor.AuthorizationAttributeSourceAdvisor] is not eligible for getting processed by all BeanPostProcessors (for example: not eligible for auto-proxying)
01:48:30.293 febs [main] INFO  o.s.b.w.e.tomcat.TomcatWebServer - Tomcat initialized with port(s): 9020 (http)
01:48:30.339 febs [main] INFO  o.a.coyote.http11.Http11NioProtocol - Initializing ProtocolHandler ["http-nio-9020"]
01:48:30.379 febs [main] INFO  o.a.catalina.core.StandardService - Starting service [Tomcat]
01:48:30.379 febs [main] INFO  o.a.catalina.core.StandardEngine - Starting Servlet Engine: Apache Tomcat/8.5.32
01:48:30.400 febs [localhost-startStop-1] INFO  o.a.c.core.AprLifecycleListener - The APR based Apache Tomcat Native library which allows optimal performance in production environments was not found on the java.library.path: [C:\Program Files\Java\jdk1.8.0_131\bin;C:\WINDOWS\Sun\Java\bin;C:\WINDOWS\system32;C:\WINDOWS;C:\ProgramData\Oracle\Java\javapath;C:\WINDOWS\system32;C:\WINDOWS;C:\WINDOWS\System32\Wbem;C:\WINDOWS\System32\WindowsPowerShell\v1.0\;C:\Program Files\Git\cmd;C:\Users\jiyu\AppData\Local\Microsoft\WindowsApps;;.]
01:48:30.652 febs [localhost-startStop-1] INFO  o.a.c.c.C.[Tomcat].[localhost].[/] - Initializing Spring embedded WebApplicationContext
01:48:30.652 febs [localhost-startStop-1] INFO  o.s.web.context.ContextLoader - Root WebApplicationContext: initialization completed in 8523 ms
01:48:30.777 febs [localhost-startStop-1] INFO  o.s.b.w.s.FilterRegistrationBean - Mapping filter: 'characterEncodingFilter' to: [/*]
01:48:30.777 febs [localhost-startStop-1] INFO  o.s.b.w.s.FilterRegistrationBean - Mapping filter: 'hiddenHttpMethodFilter' to: [/*]
01:48:30.778 febs [localhost-startStop-1] INFO  o.s.b.w.s.FilterRegistrationBean - Mapping filter: 'httpPutFormContentFilter' to: [/*]
01:48:30.778 febs [localhost-startStop-1] INFO  o.s.b.w.s.FilterRegistrationBean - Mapping filter: 'requestContextFilter' to: [/*]
01:48:30.778 febs [localhost-startStop-1] INFO  o.s.b.w.s.FilterRegistrationBean - Mapping filter: 'xssFilter' to urls: [/*]
01:48:30.778 febs [localhost-startStop-1] INFO  o.s.b.w.s.FilterRegistrationBean - Mapping filter: 'webStatFilter' to urls: [/*]
01:48:30.778 febs [localhost-startStop-1] INFO  o.s.b.w.s.FilterRegistrationBean - Mapping filter: 'shiroFilterFactoryBean' to: [/*]
01:48:30.778 febs [localhost-startStop-1] INFO  o.s.b.w.s.ServletRegistrationBean - Servlet dispatcherServlet mapped to [/]
01:48:30.779 febs [localhost-startStop-1] INFO  o.s.b.w.s.ServletRegistrationBean - Servlet statViewServlet mapped to [/druid/*]
01:48:30.815 febs [localhost-startStop-1] INFO  com.xsz.common.xss.XssFilter - ------------ xss filter init ------------
01:48:31.237 febs [main] INFO  org.quartz.impl.StdSchedulerFactory - Using default implementation for ThreadExecutor
01:48:31.251 febs [main] INFO  o.quartz.core.SchedulerSignalerImpl - Initialized Scheduler Signaller of type: class org.quartz.core.SchedulerSignalerImpl
01:48:31.251 febs [main] INFO  org.quartz.core.QuartzScheduler - Quartz Scheduler v.2.3.0 created.
01:48:31.255 febs [main] INFO  o.s.s.quartz.LocalDataSourceJobStore - Using db table-based data access locking (synchronization).
01:48:31.257 febs [main] INFO  o.s.s.quartz.LocalDataSourceJobStore - JobStoreCMT initialized.
01:48:31.257 febs [main] INFO  org.quartz.core.QuartzScheduler - Scheduler meta-data: Quartz Scheduler (v2.3.0) 'MyScheduler' with instanceId 'DESKTOP-5G79DEK1592675311239'
  Scheduler class: 'org.quartz.core.QuartzScheduler' - running locally.
  NOT STARTED.
  Currently in standby mode.
  Number of jobs executed: 0
  Using thread pool 'org.quartz.simpl.SimpleThreadPool' - with 20 threads.
  Using job-store 'org.springframework.scheduling.quartz.LocalDataSourceJobStore' - which supports persistence. and is clustered.

01:48:31.257 febs [main] INFO  org.quartz.impl.StdSchedulerFactory - Quartz scheduler 'MyScheduler' initialized from an externally provided properties instance.
01:48:31.257 febs [main] INFO  org.quartz.impl.StdSchedulerFactory - Quartz scheduler version: 2.3.0
01:48:31.259 febs [main] INFO  org.quartz.core.QuartzScheduler - JobFactory set to: org.springframework.scheduling.quartz.AdaptableJobFactory@1c62c3fd
01:48:31.409 febs [main] INFO  c.x.c.i.SqlStatementInterceptor - 【SQL语句Id】>>>> com.xsz.job.dao.JobMapper.queryList
01:48:31.410 febs [main] INFO  c.x.c.i.SqlStatementInterceptor - 【SQL语句耗时】>>>> 130 ms
01:48:31.410 febs [main] INFO  c.x.c.i.SqlStatementInterceptor - 【SQL语句】>>>> select job_id jobId,bean_name beanName,method_name methodName, params,cron_expression cronExpression,status,remark,create_time createTime from t_job order by job_id
01:48:33.163 febs [main] INFO  o.s.w.s.m.m.a.RequestMappingHandlerMapping - Mapped "{[/common/download]}" onto public void com.xsz.common.controller.CommonController.fileDownload(java.lang.String,java.lang.Boolean,javax.servlet.http.HttpServletResponse) throws java.io.IOException,com.xsz.common.exception.FileDownloadException
01:48:33.165 febs [main] INFO  o.s.w.s.m.m.a.RequestMappingHandlerMapping - Mapped "{[/test],methods=[GET]}" onto public int com.xsz.common.controller.TestController.testLimiter()
01:48:33.166 febs [main] INFO  o.s.w.s.m.m.a.RequestMappingHandlerMapping - Mapped "{[/job]}" onto public java.lang.String com.xsz.job.controller.JobController.index()
01:48:33.166 febs [main] INFO  o.s.w.s.m.m.a.RequestMappingHandlerMapping - Mapped "{[/job/add]}" onto public com.xsz.common.domain.ResponseBo com.xsz.job.controller.JobController.addJob(com.xsz.job.domain.Job)
01:48:33.166 febs [main] INFO  o.s.w.s.m.m.a.RequestMappingHandlerMapping - Mapped "{[/job/resume]}" onto public com.xsz.common.domain.ResponseBo com.xsz.job.controller.JobController.resumeJob(java.lang.String)
01:48:33.166 febs [main] INFO  o.s.w.s.m.m.a.RequestMappingHandlerMapping - Mapped "{[/job/delete]}" onto public com.xsz.common.domain.ResponseBo com.xsz.job.controller.JobController.deleteJob(java.lang.String)
01:48:33.166 febs [main] INFO  o.s.w.s.m.m.a.RequestMappingHandlerMapping - Mapped "{[/job/pause]}" onto public com.xsz.common.domain.ResponseBo com.xsz.job.controller.JobController.pauseJob(java.lang.String)
01:48:33.167 febs [main] INFO  o.s.w.s.m.m.a.RequestMappingHandlerMapping - Mapped "{[/job/checkCron]}" onto public boolean com.xsz.job.controller.JobController.checkCron(java.lang.String)
01:48:33.167 febs [main] INFO  o.s.w.s.m.m.a.RequestMappingHandlerMapping - Mapped "{[/job/csv]}" onto public com.xsz.common.domain.ResponseBo com.xsz.job.controller.JobController.jobCsv(com.xsz.job.domain.Job)
01:48:33.167 febs [main] INFO  o.s.w.s.m.m.a.RequestMappingHandlerMapping - Mapped "{[/job/update]}" onto public com.xsz.common.domain.ResponseBo com.xsz.job.controller.JobController.updateJob(com.xsz.job.domain.Job)
01:48:33.167 febs [main] INFO  o.s.w.s.m.m.a.RequestMappingHandlerMapping - Mapped "{[/job/list]}" onto public java.util.Map<java.lang.String, java.lang.Object> com.xsz.job.controller.JobController.jobList(com.xsz.common.domain.QueryRequest,com.xsz.job.domain.Job)
01:48:33.167 febs [main] INFO  o.s.w.s.m.m.a.RequestMappingHandlerMapping - Mapped "{[/job/getSysCronClazz]}" onto public com.xsz.common.domain.ResponseBo com.xsz.job.controller.JobController.getSysCronClazz(com.xsz.job.domain.Job)
01:48:33.168 febs [main] INFO  o.s.w.s.m.m.a.RequestMappingHandlerMapping - Mapped "{[/job/getJob]}" onto public com.xsz.common.domain.ResponseBo com.xsz.job.controller.JobController.getJob(java.lang.Long)
01:48:33.168 febs [main] INFO  o.s.w.s.m.m.a.RequestMappingHandlerMapping - Mapped "{[/job/run]}" onto public com.xsz.common.domain.ResponseBo com.xsz.job.controller.JobController.runJob(java.lang.String)
01:48:33.168 febs [main] INFO  o.s.w.s.m.m.a.RequestMappingHandlerMapping - Mapped "{[/job/excel]}" onto public com.xsz.common.domain.ResponseBo com.xsz.job.controller.JobController.jobExcel(com.xsz.job.domain.Job)
01:48:33.170 febs [main] INFO  o.s.w.s.m.m.a.RequestMappingHandlerMapping - Mapped "{[/jobLog]}" onto public java.lang.String com.xsz.job.controller.JobLogController.index()
01:48:33.170 febs [main] INFO  o.s.w.s.m.m.a.RequestMappingHandlerMapping - Mapped "{[/jobLog/csv]}" onto public com.xsz.common.domain.ResponseBo com.xsz.job.controller.JobLogController.jobLogCsv(com.xsz.job.domain.JobLog)
01:48:33.170 febs [main] INFO  o.s.w.s.m.m.a.RequestMappingHandlerMapping - Mapped "{[/jobLog/delete]}" onto public com.xsz.common.domain.ResponseBo com.xsz.job.controller.JobLogController.deleteJobLog(java.lang.String)
01:48:33.170 febs [main] INFO  o.s.w.s.m.m.a.RequestMappingHandlerMapping - Mapped "{[/jobLog/excel]}" onto public com.xsz.common.domain.ResponseBo com.xsz.job.controller.JobLogController.jobLogExcel(com.xsz.job.domain.JobLog)
01:48:33.171 febs [main] INFO  o.s.w.s.m.m.a.RequestMappingHandlerMapping - Mapped "{[/jobLog/list]}" onto public java.util.Map<java.lang.String, java.lang.Object> com.xsz.job.controller.JobLogController.jobLogList(com.xsz.common.domain.QueryRequest,com.xsz.job.domain.JobLog)
01:48:33.173 febs [main] INFO  o.s.w.s.m.m.a.RequestMappingHandlerMapping - Mapped "{[/category/category],methods=[POST]}" onto public java.lang.String com.xsz.product.controller.CategoryController.index()
01:48:33.174 febs [main] INFO  o.s.w.s.m.m.a.RequestMappingHandlerMapping - Mapped "{[/category/categoryListByDishes/{dishesId}],methods=[GET]}" onto public com.xsz.common.domain.ResponseBo com.xsz.product.controller.CategoryController.categoryListByDishes(java.lang.Long)
01:48:33.174 febs [main] INFO  o.s.w.s.m.m.a.RequestMappingHandlerMapping - Mapped "{[/category/categoryDelete/{categoryId}],methods=[POST]}" onto public com.xsz.common.domain.ResponseBo com.xsz.product.controller.CategoryController.categoryDelete(java.lang.Long)
01:48:33.174 febs [main] INFO  o.s.w.s.m.m.a.RequestMappingHandlerMapping - Mapped "{[/category/categoryAdd],methods=[POST]}" onto public com.xsz.common.domain.ResponseBo com.xsz.product.controller.CategoryController.categoryAdd(com.xsz.product.form.CategoryForm)
01:48:33.174 febs [main] INFO  o.s.w.s.m.m.a.RequestMappingHandlerMapping - Mapped "{[/category/categoryListPage],methods=[GET]}" onto public java.util.Map<java.lang.String, java.lang.Object> com.xsz.product.controller.CategoryController.categoryListPage(com.xsz.common.domain.QueryRequest,com.xsz.product.form.CategoryForm)
01:48:33.175 febs [main] INFO  o.s.w.s.m.m.a.RequestMappingHandlerMapping - Mapped "{[/category/categoryList],methods=[GET]}" onto public com.xsz.common.domain.ResponseBo com.xsz.product.controller.CategoryController.categoryList()
01:48:33.175 febs [main] INFO  o.s.w.s.m.m.a.RequestMappingHandlerMapping - Mapped "{[/category/categoryUpdate],methods=[POST]}" onto public com.xsz.common.domain.ResponseBo com.xsz.product.controller.CategoryController.categoryUpdate(com.xsz.product.form.CategoryForm)
01:48:33.176 febs [main] INFO  o.s.w.s.m.m.a.RequestMappingHandlerMapping - Mapped "{[/category/getCategory/{categoryId}],methods=[GET]}" onto public com.xsz.common.domain.ResponseBo com.xsz.product.controller.CategoryController.getCategory(java.lang.Long)
01:48:33.178 febs [main] INFO  o.s.w.s.m.m.a.RequestMappingHandlerMapping - Mapped "{[/dishes/dishes],methods=[POST]}" onto public java.lang.String com.xsz.product.controller.DishesController.index()
01:48:33.178 febs [main] INFO  o.s.w.s.m.m.a.RequestMappingHandlerMapping - Mapped "{[/dishes/getDishes/{dishesId}],methods=[GET]}" onto public com.xsz.common.domain.ResponseBo com.xsz.product.controller.DishesController.getDishes(java.lang.Long)
01:48:33.178 febs [main] INFO  o.s.w.s.m.m.a.RequestMappingHandlerMapping - Mapped "{[/dishes/dishesAdd],methods=[POST]}" onto public com.xsz.common.domain.ResponseBo com.xsz.product.controller.DishesController.dishesAdd(com.xsz.product.form.DishesForm)
01:48:33.179 febs [main] INFO  o.s.w.s.m.m.a.RequestMappingHandlerMapping - Mapped "{[/dishes/dishesUpdate],methods=[POST]}" onto public com.xsz.common.domain.ResponseBo com.xsz.product.controller.DishesController.dishesUpdate(com.xsz.product.form.DishesForm)
01:48:33.179 febs [main] INFO  o.s.w.s.m.m.a.RequestMappingHandlerMapping - Mapped "{[/dishes/dishesDelete],methods=[POST]}" onto public com.xsz.common.domain.ResponseBo com.xsz.product.controller.DishesController.dishesDelete(java.lang.String)
01:48:33.179 febs [main] INFO  o.s.w.s.m.m.a.RequestMappingHandlerMapping - Mapped "{[/dishes/dishesFileUpload/{dishesId}],methods=[POST]}" onto public com.xsz.common.domain.ResponseBo com.xsz.product.controller.DishesController.dishesFileUpload(java.lang.Long,javax.servlet.http.HttpServletRequest,org.springframework.web.multipart.MultipartHttpServletRequest)
01:48:33.179 febs [main] INFO  o.s.w.s.m.m.a.RequestMappingHandlerMapping - Mapped "{[/dishes/dishesList],methods=[GET]}" onto public java.util.Map<java.lang.String, java.lang.Object> com.xsz.product.controller.DishesController.dishesList(com.xsz.common.domain.QueryRequest,com.xsz.product.form.DishesForm)
01:48:33.180 febs [main] INFO  o.s.w.s.m.m.a.RequestMappingHandlerMapping - Mapped "{[/dishes/dishesModelUpdate/{dishesId}],methods=[POST]}" onto public com.xsz.common.domain.ResponseBo com.xsz.product.controller.DishesModelController.dishesModelUpdate(java.lang.Long,java.lang.String)
01:48:33.180 febs [main] INFO  o.s.w.s.m.m.a.RequestMappingHandlerMapping - Mapped "{[/dishes/dishesModelListPage/{dishesId}],methods=[GET]}" onto public java.util.Map<java.lang.String, java.lang.Object> com.xsz.product.controller.DishesModelController.dishesModelListPage(com.xsz.common.domain.QueryRequest,java.lang.Long)
01:48:33.181 febs [main] INFO  o.s.w.s.m.m.a.RequestMappingHandlerMapping - Mapped "{[/dishes/dishesModelAdd/{dishesId}],methods=[POST]}" onto public com.xsz.common.domain.ResponseBo com.xsz.product.controller.DishesModelController.dishesModelAdd(java.lang.Long,java.lang.String)
01:48:33.183 febs [main] INFO  o.s.w.s.m.m.a.RequestMappingHandlerMapping - Mapped "{[/product/product]}" onto public java.lang.String com.xsz.product.controller.ProductController.index(org.springframework.ui.Model)
01:48:33.183 febs [main] INFO  o.s.w.s.m.m.a.RequestMappingHandlerMapping - Mapped "{[/product/updateUserProfile]}" onto public com.xsz.common.domain.ResponseBo com.xsz.product.controller.ProductController.updateUserProfile(com.xsz.system.domain.User)
01:48:33.183 febs [main] INFO  o.s.w.s.m.m.a.RequestMappingHandlerMapping - Mapped "{[/product/updatePassword]}" onto public com.xsz.common.domain.ResponseBo com.xsz.product.controller.ProductController.updatePassword(java.lang.String)
01:48:33.183 febs [main] INFO  o.s.w.s.m.m.a.RequestMappingHandlerMapping - Mapped "{[/product/regist]}" onto public com.xsz.common.domain.ResponseBo com.xsz.product.controller.ProductController.regist(com.xsz.system.domain.User)
01:48:33.183 febs [main] INFO  o.s.w.s.m.m.a.RequestMappingHandlerMapping - Mapped "{[/product/excel]}" onto public com.xsz.common.domain.ResponseBo com.xsz.product.controller.ProductController.userExcel(com.xsz.system.domain.User)
01:48:33.183 febs [main] INFO  o.s.w.s.m.m.a.RequestMappingHandlerMapping - Mapped "{[/product/getUserProfile]}" onto public com.xsz.common.domain.ResponseBo com.xsz.product.controller.ProductController.getUserProfile(java.lang.Long)
01:48:33.184 febs [main] INFO  o.s.w.s.m.m.a.RequestMappingHandlerMapping - Mapped "{[/product/delete]}" onto public com.xsz.common.domain.ResponseBo com.xsz.product.controller.ProductController.deleteUsers(java.lang.String)
01:48:33.184 febs [main] INFO  o.s.w.s.m.m.a.RequestMappingHandlerMapping - Mapped "{[/product/profile]}" onto public java.lang.String com.xsz.product.controller.ProductController.profileIndex(org.springframework.ui.Model)
01:48:33.184 febs [main] INFO  o.s.w.s.m.m.a.RequestMappingHandlerMapping - Mapped "{[/product/theme]}" onto public com.xsz.common.domain.ResponseBo com.xsz.product.controller.ProductController.updateTheme(com.xsz.system.domain.User)
01:48:33.184 febs [main] INFO  o.s.w.s.m.m.a.RequestMappingHandlerMapping - Mapped "{[/product/csv]}" onto public com.xsz.common.domain.ResponseBo com.xsz.product.controller.ProductController.userCsv(com.xsz.system.domain.User)
01:48:33.184 febs [main] INFO  o.s.w.s.m.m.a.RequestMappingHandlerMapping - Mapped "{[/product/checkUserName]}" onto public boolean com.xsz.product.controller.ProductController.checkUserName(java.lang.String,java.lang.String)
01:48:33.184 febs [main] INFO  o.s.w.s.m.m.a.RequestMappingHandlerMapping - Mapped "{[/product/list]}" onto public java.util.Map<java.lang.String, java.lang.Object> com.xsz.product.controller.ProductController.productList(com.xsz.common.domain.QueryRequest,com.xsz.product.domain.Product)
01:48:33.185 febs [main] INFO  o.s.w.s.m.m.a.RequestMappingHandlerMapping - Mapped "{[/product/getUser]}" onto public com.xsz.common.domain.ResponseBo com.xsz.product.controller.ProductController.getUser(java.lang.Long)
01:48:33.185 febs [main] INFO  o.s.w.s.m.m.a.RequestMappingHandlerMapping - Mapped "{[/product/update]}" onto public com.xsz.common.domain.ResponseBo com.xsz.product.controller.ProductController.updateUser(com.xsz.system.domain.User,java.lang.Long[])
01:48:33.185 febs [main] INFO  o.s.w.s.m.m.a.RequestMappingHandlerMapping - Mapped "{[/product/checkPassword]}" onto public boolean com.xsz.product.controller.ProductController.checkPassword(java.lang.String)
01:48:33.185 febs [main] INFO  o.s.w.s.m.m.a.RequestMappingHandlerMapping - Mapped "{[/product/changeAvatar]}" onto public com.xsz.common.domain.ResponseBo com.xsz.product.controller.ProductController.changeAvatar(java.lang.String)
01:48:33.185 febs [main] INFO  o.s.w.s.m.m.a.RequestMappingHandlerMapping - Mapped "{[/product/add]}" onto public com.xsz.common.domain.ResponseBo com.xsz.product.controller.ProductController.addUser(com.xsz.system.domain.User,java.lang.Long[])
01:48:33.186 febs [main] INFO  o.s.w.s.m.m.a.RequestMappingHandlerMapping - Mapped "{[/dept]}" onto public java.lang.String com.xsz.system.controller.DeptController.index()
01:48:33.186 febs [main] INFO  o.s.w.s.m.m.a.RequestMappingHandlerMapping - Mapped "{[/dept/tree]}" onto public com.xsz.common.domain.ResponseBo com.xsz.system.controller.DeptController.getDeptTree()
01:48:33.186 febs [main] INFO  o.s.w.s.m.m.a.RequestMappingHandlerMapping - Mapped "{[/dept/getDept]}" onto public com.xsz.common.domain.ResponseBo com.xsz.system.controller.DeptController.getDept(java.lang.Long)
01:48:33.187 febs [main] INFO  o.s.w.s.m.m.a.RequestMappingHandlerMapping - Mapped "{[/dept/excel]}" onto public com.xsz.common.domain.ResponseBo com.xsz.system.controller.DeptController.deptExcel(com.xsz.system.domain.Dept)
01:48:33.187 febs [main] INFO  o.s.w.s.m.m.a.RequestMappingHandlerMapping - Mapped "{[/dept/csv]}" onto public com.xsz.common.domain.ResponseBo com.xsz.system.controller.DeptController.deptCsv(com.xsz.system.domain.Dept)
01:48:33.187 febs [main] INFO  o.s.w.s.m.m.a.RequestMappingHandlerMapping - Mapped "{[/dept/delete]}" onto public com.xsz.common.domain.ResponseBo com.xsz.system.controller.DeptController.deleteDepts(java.lang.String)
01:48:33.187 febs [main] INFO  o.s.w.s.m.m.a.RequestMappingHandlerMapping - Mapped "{[/dept/update]}" onto public com.xsz.common.domain.ResponseBo com.xsz.system.controller.DeptController.updateRole(com.xsz.system.domain.Dept)
01:48:33.187 febs [main] INFO  o.s.w.s.m.m.a.RequestMappingHandlerMapping - Mapped "{[/dept/list]}" onto public java.util.List<com.xsz.system.domain.Dept> com.xsz.system.controller.DeptController.deptList(com.xsz.system.domain.Dept)
01:48:33.187 febs [main] INFO  o.s.w.s.m.m.a.RequestMappingHandlerMapping - Mapped "{[/dept/checkDeptName]}" onto public boolean com.xsz.system.controller.DeptController.checkDeptName(java.lang.String,java.lang.String)
01:48:33.188 febs [main] INFO  o.s.w.s.m.m.a.RequestMappingHandlerMapping - Mapped "{[/dept/add]}" onto public com.xsz.common.domain.ResponseBo com.xsz.system.controller.DeptController.addRole(com.xsz.system.domain.Dept)
01:48:33.188 febs [main] INFO  o.s.w.s.m.m.a.RequestMappingHandlerMapping - Mapped "{[/dict]}" onto public java.lang.String com.xsz.system.controller.DictController.index()
01:48:33.188 febs [main] INFO  o.s.w.s.m.m.a.RequestMappingHandlerMapping - Mapped "{[/dict/getDict]}" onto public com.xsz.common.domain.ResponseBo com.xsz.system.controller.DictController.getDict(java.lang.Long)
01:48:33.189 febs [main] INFO  o.s.w.s.m.m.a.RequestMappingHandlerMapping - Mapped "{[/dict/update]}" onto public com.xsz.common.domain.ResponseBo com.xsz.system.controller.DictController.updateDict(com.xsz.system.domain.Dict)
01:48:33.189 febs [main] INFO  o.s.w.s.m.m.a.RequestMappingHandlerMapping - Mapped "{[/dict/delete]}" onto public com.xsz.common.domain.ResponseBo com.xsz.system.controller.DictController.deleteDicts(java.lang.String)
01:48:33.189 febs [main] INFO  o.s.w.s.m.m.a.RequestMappingHandlerMapping - Mapped "{[/dict/csv]}" onto public com.xsz.common.domain.ResponseBo com.xsz.system.controller.DictController.dictCsv(com.xsz.system.domain.Dict)
01:48:33.189 febs [main] INFO  o.s.w.s.m.m.a.RequestMappingHandlerMapping - Mapped "{[/dict/excel]}" onto public com.xsz.common.domain.ResponseBo com.xsz.system.controller.DictController.dictExcel(com.xsz.system.domain.Dict)
01:48:33.189 febs [main] INFO  o.s.w.s.m.m.a.RequestMappingHandlerMapping - Mapped "{[/dict/list]}" onto public java.util.Map<java.lang.String, java.lang.Object> com.xsz.system.controller.DictController.dictList(com.xsz.common.domain.QueryRequest,com.xsz.system.domain.Dict)
01:48:33.190 febs [main] INFO  o.s.w.s.m.m.a.RequestMappingHandlerMapping - Mapped "{[/dict/add]}" onto public com.xsz.common.domain.ResponseBo com.xsz.system.controller.DictController.addDict(com.xsz.system.domain.Dict)
01:48:33.191 febs [main] INFO  o.s.w.s.m.m.a.RequestMappingHandlerMapping - Mapped "{[/log]}" onto public java.lang.String com.xsz.system.controller.LogController.index()
01:48:33.191 febs [main] INFO  o.s.w.s.m.m.a.RequestMappingHandlerMapping - Mapped "{[/log/excel]}" onto public com.xsz.common.domain.ResponseBo com.xsz.system.controller.LogController.logExcel(com.xsz.system.domain.SysLog)
01:48:33.192 febs [main] INFO  o.s.w.s.m.m.a.RequestMappingHandlerMapping - Mapped "{[/log/delete]}" onto public com.xsz.common.domain.ResponseBo com.xsz.system.controller.LogController.deleteLogss(java.lang.String)
01:48:33.193 febs [main] INFO  o.s.w.s.m.m.a.RequestMappingHandlerMapping - Mapped "{[/log/csv]}" onto public com.xsz.common.domain.ResponseBo com.xsz.system.controller.LogController.logCsv(com.xsz.system.domain.SysLog)
01:48:33.193 febs [main] INFO  o.s.w.s.m.m.a.RequestMappingHandlerMapping - Mapped "{[/log/list]}" onto public java.util.Map<java.lang.String, java.lang.Object> com.xsz.system.controller.LogController.logList(com.xsz.common.domain.QueryRequest,com.xsz.system.domain.SysLog)
01:48:33.195 febs [main] INFO  o.s.w.s.m.m.a.RequestMappingHandlerMapping - Mapped "{[/index]}" onto public java.lang.String com.xsz.system.controller.LoginController.index(org.springframework.ui.Model)
01:48:33.198 febs [main] INFO  o.s.w.s.m.m.a.RequestMappingHandlerMapping - Mapped "{[/gifCode],methods=[GET]}" onto public void com.xsz.system.controller.LoginController.getGifCode(javax.servlet.http.HttpServletResponse,javax.servlet.http.HttpServletRequest)
01:48:33.198 febs [main] INFO  o.s.w.s.m.m.a.RequestMappingHandlerMapping - Mapped "{[/403],methods=[GET]}" onto public java.lang.String com.xsz.system.controller.LoginController.forbid()
01:48:33.198 febs [main] INFO  o.s.w.s.m.m.a.RequestMappingHandlerMapping - Mapped "{[/]}" onto public java.lang.String com.xsz.system.controller.LoginController.redirectIndex()
01:48:33.198 febs [main] INFO  o.s.w.s.m.m.a.RequestMappingHandlerMapping - Mapped "{[/login],methods=[GET]}" onto public java.lang.String com.xsz.system.controller.LoginController.login()
01:48:33.198 febs [main] INFO  o.s.w.s.m.m.a.RequestMappingHandlerMapping - Mapped "{[/login],methods=[POST]}" onto public com.xsz.common.domain.ResponseBo com.xsz.system.controller.LoginController.login(java.lang.String,java.lang.String,java.lang.String,java.lang.Boolean)
01:48:33.200 febs [main] INFO  o.s.w.s.m.m.a.RequestMappingHandlerMapping - Mapped "{[/menu]}" onto public java.lang.String com.xsz.system.controller.MenuController.index()
01:48:33.202 febs [main] INFO  o.s.w.s.m.m.a.RequestMappingHandlerMapping - Mapped "{[/menu/menuButtonTree]}" onto public com.xsz.common.domain.ResponseBo com.xsz.system.controller.MenuController.getMenuButtonTree()
01:48:33.202 febs [main] INFO  o.s.w.s.m.m.a.RequestMappingHandlerMapping - Mapped "{[/menu/csv]}" onto public com.xsz.common.domain.ResponseBo com.xsz.system.controller.MenuController.menuCsv(com.xsz.system.domain.Menu)
01:48:33.205 febs [main] INFO  o.s.w.s.m.m.a.RequestMappingHandlerMapping - Mapped "{[/menu/list]}" onto public java.util.List<com.xsz.system.domain.Menu> com.xsz.system.controller.MenuController.menuList(com.xsz.system.domain.Menu)
01:48:33.205 febs [main] INFO  o.s.w.s.m.m.a.RequestMappingHandlerMapping - Mapped "{[/menu/excel]}" onto public com.xsz.common.domain.ResponseBo com.xsz.system.controller.MenuController.menuExcel(com.xsz.system.domain.Menu)
01:48:33.206 febs [main] INFO  o.s.w.s.m.m.a.RequestMappingHandlerMapping - Mapped "{[/menu/urlList],methods=[GET]}" onto public java.util.List<java.util.Map<java.lang.String, java.lang.String>> com.xsz.system.controller.MenuController.getAllUrl()
01:48:33.206 febs [main] INFO  o.s.w.s.m.m.a.RequestMappingHandlerMapping - Mapped "{[/menu/delete]}" onto public com.xsz.common.domain.ResponseBo com.xsz.system.controller.MenuController.deleteMenus(java.lang.String)
01:48:33.206 febs [main] INFO  o.s.w.s.m.m.a.RequestMappingHandlerMapping - Mapped "{[/menu/tree]}" onto public com.xsz.common.domain.ResponseBo com.xsz.system.controller.MenuController.getMenuTree()
01:48:33.206 febs [main] INFO  o.s.w.s.m.m.a.RequestMappingHandlerMapping - Mapped "{[/menu/checkMenuName]}" onto public boolean com.xsz.system.controller.MenuController.checkMenuName(java.lang.String,java.lang.String,java.lang.String)
01:48:33.207 febs [main] INFO  o.s.w.s.m.m.a.RequestMappingHandlerMapping - Mapped "{[/menu/menu]}" onto public com.xsz.common.domain.ResponseBo com.xsz.system.controller.MenuController.getMenu(java.lang.String)
01:48:33.207 febs [main] INFO  o.s.w.s.m.m.a.RequestMappingHandlerMapping - Mapped "{[/menu/getMenu]}" onto public com.xsz.common.domain.ResponseBo com.xsz.system.controller.MenuController.getMenu(java.lang.Long)
01:48:33.207 febs [main] INFO  o.s.w.s.m.m.a.RequestMappingHandlerMapping - Mapped "{[/menu/update]}" onto public com.xsz.common.domain.ResponseBo com.xsz.system.controller.MenuController.updateMenu(com.xsz.system.domain.Menu)
01:48:33.208 febs [main] INFO  o.s.w.s.m.m.a.RequestMappingHandlerMapping - Mapped "{[/menu/add]}" onto public com.xsz.common.domain.ResponseBo com.xsz.system.controller.MenuController.addMenu(com.xsz.system.domain.Menu)
01:48:33.208 febs [main] INFO  o.s.w.s.m.m.a.RequestMappingHandlerMapping - Mapped "{[/menu/getUserMenu]}" onto public com.xsz.common.domain.ResponseBo com.xsz.system.controller.MenuController.getUserMenu(java.lang.String)
01:48:33.212 febs [main] INFO  o.s.w.s.m.m.a.RequestMappingHandlerMapping - Mapped "{[/redis/get]}" onto public com.xsz.common.domain.ResponseBo com.xsz.system.controller.RedisController.get(java.lang.String)
01:48:33.212 febs [main] INFO  o.s.w.s.m.m.a.RequestMappingHandlerMapping - Mapped "{[/redis/keys]}" onto public com.xsz.common.domain.ResponseBo com.xsz.system.controller.RedisController.keys(java.lang.String)
01:48:33.212 febs [main] INFO  o.s.w.s.m.m.a.RequestMappingHandlerMapping - Mapped "{[/redis/set]}" onto public com.xsz.common.domain.ResponseBo com.xsz.system.controller.RedisController.set(java.lang.String)
01:48:33.215 febs [main] INFO  o.s.w.s.m.m.a.RequestMappingHandlerMapping - Mapped "{[/redis/exists]}" onto public com.xsz.common.domain.ResponseBo com.xsz.system.controller.RedisController.exists(java.lang.String)
01:48:33.215 febs [main] INFO  o.s.w.s.m.m.a.RequestMappingHandlerMapping - Mapped "{[/redis/del]}" onto public com.xsz.common.domain.ResponseBo com.xsz.system.controller.RedisController.del(java.lang.String)
01:48:33.216 febs [main] INFO  o.s.w.s.m.m.a.RequestMappingHandlerMapping - Mapped "{[/redis/terminal]}" onto public java.lang.String com.xsz.system.controller.RedisController.redisTerminal(org.springframework.ui.Model)
01:48:33.216 febs [main] INFO  o.s.w.s.m.m.a.RequestMappingHandlerMapping - Mapped "{[/redis/keysSize]}" onto public java.lang.String com.xsz.system.controller.RedisController.getKeysSize()
01:48:33.216 febs [main] INFO  o.s.w.s.m.m.a.RequestMappingHandlerMapping - Mapped "{[/redis/info]}" onto public java.lang.String com.xsz.system.controller.RedisController.getRedisInfo(org.springframework.ui.Model)
01:48:33.216 febs [main] INFO  o.s.w.s.m.m.a.RequestMappingHandlerMapping - Mapped "{[/redis/memoryInfo]}" onto public java.lang.String com.xsz.system.controller.RedisController.getMemoryInfo()
01:48:33.216 febs [main] INFO  o.s.w.s.m.m.a.RequestMappingHandlerMapping - Mapped "{[/redis/pttl]}" onto public com.xsz.common.domain.ResponseBo com.xsz.system.controller.RedisController.pttl(java.lang.String)
01:48:33.216 febs [main] INFO  o.s.w.s.m.m.a.RequestMappingHandlerMapping - Mapped "{[/redis/pexpire]}" onto public com.xsz.common.domain.ResponseBo com.xsz.system.controller.RedisController.pexpire(java.lang.String)
01:48:33.218 febs [main] INFO  o.s.w.s.m.m.a.RequestMappingHandlerMapping - Mapped "{[/role]}" onto public java.lang.String com.xsz.system.controller.RoleController.index()
01:48:33.218 febs [main] INFO  o.s.w.s.m.m.a.RequestMappingHandlerMapping - Mapped "{[/role/getRole]}" onto public com.xsz.common.domain.ResponseBo com.xsz.system.controller.RoleController.getRole(java.lang.Long)
01:48:33.218 febs [main] INFO  o.s.w.s.m.m.a.RequestMappingHandlerMapping - Mapped "{[/role/delete]}" onto public com.xsz.common.domain.ResponseBo com.xsz.system.controller.RoleController.deleteRoles(java.lang.String)
01:48:33.219 febs [main] INFO  o.s.w.s.m.m.a.RequestMappingHandlerMapping - Mapped "{[/role/list]}" onto public java.util.Map<java.lang.String, java.lang.Object> com.xsz.system.controller.RoleController.roleList(com.xsz.common.domain.QueryRequest,com.xsz.system.domain.Role)
01:48:33.219 febs [main] INFO  o.s.w.s.m.m.a.RequestMappingHandlerMapping - Mapped "{[/role/checkRoleName]}" onto public boolean com.xsz.system.controller.RoleController.checkRoleName(java.lang.String,java.lang.String)
01:48:33.219 febs [main] INFO  o.s.w.s.m.m.a.RequestMappingHandlerMapping - Mapped "{[/role/excel]}" onto public com.xsz.common.domain.ResponseBo com.xsz.system.controller.RoleController.roleExcel(com.xsz.system.domain.Role)
01:48:33.219 febs [main] INFO  o.s.w.s.m.m.a.RequestMappingHandlerMapping - Mapped "{[/role/csv]}" onto public com.xsz.common.domain.ResponseBo com.xsz.system.controller.RoleController.roleCsv(com.xsz.system.domain.Role)
01:48:33.219 febs [main] INFO  o.s.w.s.m.m.a.RequestMappingHandlerMapping - Mapped "{[/role/update]}" onto public com.xsz.common.domain.ResponseBo com.xsz.system.controller.RoleController.updateRole(com.xsz.system.domain.Role,java.lang.Long[])
01:48:33.219 febs [main] INFO  o.s.w.s.m.m.a.RequestMappingHandlerMapping - Mapped "{[/role/add]}" onto public com.xsz.common.domain.ResponseBo com.xsz.system.controller.RoleController.addRole(com.xsz.system.domain.Role,java.lang.Long[])
01:48:33.220 febs [main] INFO  o.s.w.s.m.m.a.RequestMappingHandlerMapping - Mapped "{[/session/list]}" onto public java.util.Map<java.lang.String, java.lang.Object> com.xsz.system.controller.SessionController.list()
01:48:33.220 febs [main] INFO  o.s.w.s.m.m.a.RequestMappingHandlerMapping - Mapped "{[/session]}" onto public java.lang.String com.xsz.system.controller.SessionController.online()
01:48:33.221 febs [main] INFO  o.s.w.s.m.m.a.RequestMappingHandlerMapping - Mapped "{[/session/forceLogout]}" onto public com.xsz.common.domain.ResponseBo com.xsz.system.controller.SessionController.forceLogout(java.lang.String)
01:48:33.222 febs [main] INFO  o.s.w.s.m.m.a.RequestMappingHandlerMapping - Mapped "{[/user]}" onto public java.lang.String com.xsz.system.controller.UserController.index(org.springframework.ui.Model)
01:48:33.223 febs [main] INFO  o.s.w.s.m.m.a.RequestMappingHandlerMapping - Mapped "{[/user/list]}" onto public java.util.Map<java.lang.String, java.lang.Object> com.xsz.system.controller.UserController.userList(com.xsz.common.domain.QueryRequest,com.xsz.system.domain.User)
01:48:33.223 febs [main] INFO  o.s.w.s.m.m.a.RequestMappingHandlerMapping - Mapped "{[/user/updateUserProfile]}" onto public com.xsz.common.domain.ResponseBo com.xsz.system.controller.UserController.updateUserProfile(com.xsz.system.domain.User)
01:48:33.223 febs [main] INFO  o.s.w.s.m.m.a.RequestMappingHandlerMapping - Mapped "{[/user/updatePassword]}" onto public com.xsz.common.domain.ResponseBo com.xsz.system.controller.UserController.updatePassword(java.lang.String)
01:48:33.224 febs [main] INFO  o.s.w.s.m.m.a.RequestMappingHandlerMapping - Mapped "{[/user/regist]}" onto public com.xsz.common.domain.ResponseBo com.xsz.system.controller.UserController.regist(com.xsz.system.domain.User)
01:48:33.224 febs [main] INFO  o.s.w.s.m.m.a.RequestMappingHandlerMapping - Mapped "{[/user/excel]}" onto public com.xsz.common.domain.ResponseBo com.xsz.system.controller.UserController.userExcel(com.xsz.system.domain.User)
01:48:33.225 febs [main] INFO  o.s.w.s.m.m.a.RequestMappingHandlerMapping - Mapped "{[/user/getUserProfile]}" onto public com.xsz.common.domain.ResponseBo com.xsz.system.controller.UserController.getUserProfile(java.lang.Long)
01:48:33.227 febs [main] INFO  o.s.w.s.m.m.a.RequestMappingHandlerMapping - Mapped "{[/user/delete]}" onto public com.xsz.common.domain.ResponseBo com.xsz.system.controller.UserController.deleteUsers(java.lang.String)
01:48:33.227 febs [main] INFO  o.s.w.s.m.m.a.RequestMappingHandlerMapping - Mapped "{[/user/profile]}" onto public java.lang.String com.xsz.system.controller.UserController.profileIndex(org.springframework.ui.Model)
01:48:33.228 febs [main] INFO  o.s.w.s.m.m.a.RequestMappingHandlerMapping - Mapped "{[/user/theme]}" onto public com.xsz.common.domain.ResponseBo com.xsz.system.controller.UserController.updateTheme(com.xsz.system.domain.User)
01:48:33.228 febs [main] INFO  o.s.w.s.m.m.a.RequestMappingHandlerMapping - Mapped "{[/user/csv]}" onto public com.xsz.common.domain.ResponseBo com.xsz.system.controller.UserController.userCsv(com.xsz.system.domain.User)
01:48:33.228 febs [main] INFO  o.s.w.s.m.m.a.RequestMappingHandlerMapping - Mapped "{[/user/checkUserName]}" onto public boolean com.xsz.system.controller.UserController.checkUserName(java.lang.String,java.lang.String)
01:48:33.228 febs [main] INFO  o.s.w.s.m.m.a.RequestMappingHandlerMapping - Mapped "{[/user/getUser]}" onto public com.xsz.common.domain.ResponseBo com.xsz.system.controller.UserController.getUser(java.lang.Long)
01:48:33.228 febs [main] INFO  o.s.w.s.m.m.a.RequestMappingHandlerMapping - Mapped "{[/user/update]}" onto public com.xsz.common.domain.ResponseBo com.xsz.system.controller.UserController.updateUser(com.xsz.system.domain.User,java.lang.Long[])
01:48:33.228 febs [main] INFO  o.s.w.s.m.m.a.RequestMappingHandlerMapping - Mapped "{[/user/checkPassword]}" onto public boolean com.xsz.system.controller.UserController.checkPassword(java.lang.String)
01:48:33.228 febs [main] INFO  o.s.w.s.m.m.a.RequestMappingHandlerMapping - Mapped "{[/user/changeAvatar]}" onto public com.xsz.common.domain.ResponseBo com.xsz.system.controller.UserController.changeAvatar(java.lang.String)
01:48:33.228 febs [main] INFO  o.s.w.s.m.m.a.RequestMappingHandlerMapping - Mapped "{[/user/add]}" onto public com.xsz.common.domain.ResponseBo com.xsz.system.controller.UserController.addUser(com.xsz.system.domain.User,java.lang.Long[])
01:48:33.236 febs [main] INFO  o.s.w.s.m.m.a.RequestMappingHandlerMapping - Mapped "{[/vote]}" onto public java.lang.String com.xsz.vote.controller.VoteController.index(org.springframework.ui.Model)
01:48:33.236 febs [main] INFO  o.s.w.s.m.m.a.RequestMappingHandlerMapping - Mapped "{[/vote/user/updateUserProfile]}" onto public com.xsz.common.domain.ResponseBo com.xsz.vote.controller.VoteController.updateUserProfile(com.xsz.system.domain.User)
01:48:33.236 febs [main] INFO  o.s.w.s.m.m.a.RequestMappingHandlerMapping - Mapped "{[/vote/list]}" onto public java.util.Map<java.lang.String, java.lang.Object> com.xsz.vote.controller.VoteController.voteList(com.xsz.common.domain.QueryRequest,com.xsz.vote.domain.Vote)
01:48:33.236 febs [main] INFO  o.s.w.s.m.m.a.RequestMappingHandlerMapping - Mapped "{[/vote/add]}" onto public com.xsz.common.domain.ResponseBo com.xsz.vote.controller.VoteController.addVote(com.xsz.vote.domain.Vote)
01:48:33.237 febs [main] INFO  o.s.w.s.m.m.a.RequestMappingHandlerMapping - Mapped "{[/vote/user/updatePassword]}" onto public com.xsz.common.domain.ResponseBo com.xsz.vote.controller.VoteController.updatePassword(java.lang.String)
01:48:33.237 febs [main] INFO  o.s.w.s.m.m.a.RequestMappingHandlerMapping - Mapped "{[/vote/user/regist]}" onto public com.xsz.common.domain.ResponseBo com.xsz.vote.controller.VoteController.regist(com.xsz.system.domain.User)
01:48:33.237 febs [main] INFO  o.s.w.s.m.m.a.RequestMappingHandlerMapping - Mapped "{[/vote/user/excel]}" onto public com.xsz.common.domain.ResponseBo com.xsz.vote.controller.VoteController.userExcel(com.xsz.system.domain.User)
01:48:33.237 febs [main] INFO  o.s.w.s.m.m.a.RequestMappingHandlerMapping - Mapped "{[/vote/user/getUserProfile]}" onto public com.xsz.common.domain.ResponseBo com.xsz.vote.controller.VoteController.getUserProfile(java.lang.Long)
01:48:33.237 febs [main] INFO  o.s.w.s.m.m.a.RequestMappingHandlerMapping - Mapped "{[/vote/user/delete]}" onto public com.xsz.common.domain.ResponseBo com.xsz.vote.controller.VoteController.deleteUsers(java.lang.String)
01:48:33.238 febs [main] INFO  o.s.w.s.m.m.a.RequestMappingHandlerMapping - Mapped "{[/vote/user/profile]}" onto public java.lang.String com.xsz.vote.controller.VoteController.profileIndex(org.springframework.ui.Model)
01:48:33.238 febs [main] INFO  o.s.w.s.m.m.a.RequestMappingHandlerMapping - Mapped "{[/vote/user/theme]}" onto public com.xsz.common.domain.ResponseBo com.xsz.vote.controller.VoteController.updateTheme(com.xsz.system.domain.User)
01:48:33.239 febs [main] INFO  o.s.w.s.m.m.a.RequestMappingHandlerMapping - Mapped "{[/vote/user/csv]}" onto public com.xsz.common.domain.ResponseBo com.xsz.vote.controller.VoteController.userCsv(com.xsz.system.domain.User)
01:48:33.239 febs [main] INFO  o.s.w.s.m.m.a.RequestMappingHandlerMapping - Mapped "{[/vote/user/checkUserName]}" onto public boolean com.xsz.vote.controller.VoteController.checkUserName(java.lang.String,java.lang.String)
01:48:33.239 febs [main] INFO  o.s.w.s.m.m.a.RequestMappingHandlerMapping - Mapped "{[/vote/user/getUser]}" onto public com.xsz.common.domain.ResponseBo com.xsz.vote.controller.VoteController.getUser(java.lang.Long)
01:48:33.239 febs [main] INFO  o.s.w.s.m.m.a.RequestMappingHandlerMapping - Mapped "{[/vote/user/update]}" onto public com.xsz.common.domain.ResponseBo com.xsz.vote.controller.VoteController.updateUser(com.xsz.system.domain.User,java.lang.Long[])
01:48:33.239 febs [main] INFO  o.s.w.s.m.m.a.RequestMappingHandlerMapping - Mapped "{[/vote/user/checkPassword]}" onto public boolean com.xsz.vote.controller.VoteController.checkPassword(java.lang.String)
01:48:33.240 febs [main] INFO  o.s.w.s.m.m.a.RequestMappingHandlerMapping - Mapped "{[/vote/user/changeAvatar]}" onto public com.xsz.common.domain.ResponseBo com.xsz.vote.controller.VoteController.changeAvatar(java.lang.String)
01:48:33.240 febs [main] INFO  o.s.w.s.m.m.a.RequestMappingHandlerMapping - Mapped "{[/article]}" onto public java.lang.String com.xsz.web.controller.ArticleController.index()
01:48:33.240 febs [main] INFO  o.s.w.s.m.m.a.RequestMappingHandlerMapping - Mapped "{[/article/query]}" onto public com.xsz.common.domain.ResponseBo com.xsz.web.controller.ArticleController.queryArticle(java.lang.String)
01:48:33.242 febs [main] INFO  o.s.w.s.m.m.a.RequestMappingHandlerMapping - Mapped "{[/movie/hot]}" onto public java.lang.String com.xsz.web.controller.MovieController.movieHot()
01:48:33.243 febs [main] INFO  o.s.w.s.m.m.a.RequestMappingHandlerMapping - Mapped "{[/movie/coming]}" onto public java.lang.String com.xsz.web.controller.MovieController.movieComing()
01:48:33.243 febs [main] INFO  o.s.w.s.m.m.a.RequestMappingHandlerMapping - Mapped "{[/movie/getMovieComing]}" onto public com.xsz.common.domain.ResponseBo com.xsz.web.controller.MovieController.getMovieComing()
01:48:33.243 febs [main] INFO  o.s.w.s.m.m.a.RequestMappingHandlerMapping - Mapped "{[/movie/detail]}" onto public com.xsz.common.domain.ResponseBo com.xsz.web.controller.MovieController.getDetail(java.lang.String)
01:48:33.244 febs [main] INFO  o.s.w.s.m.m.a.RequestMappingHandlerMapping - Mapped "{[/movie/comments]}" onto public com.xsz.common.domain.ResponseBo com.xsz.web.controller.MovieController.getComments(java.lang.String)
01:48:33.244 febs [main] INFO  o.s.w.s.m.m.a.RequestMappingHandlerMapping - Mapped "{[/movie/getMovieHot]}" onto public com.xsz.common.domain.ResponseBo com.xsz.web.controller.MovieController.getMoiveHot()
01:48:33.245 febs [main] INFO  o.s.w.s.m.m.a.RequestMappingHandlerMapping - Mapped "{[/one/painting]}" onto public java.lang.String com.xsz.web.controller.OneIsAllController.paintIndex()
01:48:33.248 febs [main] INFO  o.s.w.s.m.m.a.RequestMappingHandlerMapping - Mapped "{[/one/yuwen]}" onto public java.lang.String com.xsz.web.controller.OneIsAllController.yuwenIndex()
01:48:33.250 febs [main] INFO  o.s.w.s.m.m.a.RequestMappingHandlerMapping - Mapped "{[/one/readingList]}" onto public com.xsz.common.domain.ResponseBo com.xsz.web.controller.OneIsAllController.getReadingList()
01:48:33.250 febs [main] INFO  o.s.w.s.m.m.a.RequestMappingHandlerMapping - Mapped "{[/one/yuwenDetail]}" onto public com.xsz.common.domain.ResponseBo com.xsz.web.controller.OneIsAllController.getYuwenDetail(java.lang.String,java.lang.String)
01:48:33.250 febs [main] INFO  o.s.w.s.m.m.a.RequestMappingHandlerMapping - Mapped "{[/one/essay]}" onto public java.lang.String com.xsz.web.controller.OneIsAllController.essayIndex()
01:48:33.250 febs [main] INFO  o.s.w.s.m.m.a.RequestMappingHandlerMapping - Mapped "{[/one/essayDetail]}" onto public com.xsz.common.domain.ResponseBo com.xsz.web.controller.OneIsAllController.getEssayDetail(java.lang.String,java.lang.String)
01:48:33.251 febs [main] INFO  o.s.w.s.m.m.a.RequestMappingHandlerMapping - Mapped "{[/one/oneList]}" onto public com.xsz.common.domain.ResponseBo com.xsz.web.controller.OneIsAllController.getOneList()
01:48:33.251 febs [main] INFO  o.s.w.s.m.m.a.RequestMappingHandlerMapping - Mapped "{[/one/yuwenComments]}" onto public com.xsz.common.domain.ResponseBo com.xsz.web.controller.OneIsAllController.getYuwenComments(java.lang.String)
01:48:33.251 febs [main] INFO  o.s.w.s.m.m.a.RequestMappingHandlerMapping - Mapped "{[/one/essayComments]}" onto public com.xsz.common.domain.ResponseBo com.xsz.web.controller.OneIsAllController.getEssayComments(java.lang.String)
01:48:33.251 febs [main] INFO  o.s.w.s.m.m.a.RequestMappingHandlerMapping - Mapped "{[/weather]}" onto public java.lang.String com.xsz.web.controller.WeatherController.weather()
01:48:33.252 febs [main] INFO  o.s.w.s.m.m.a.RequestMappingHandlerMapping - Mapped "{[/weather/query]}" onto public com.xsz.common.domain.ResponseBo com.xsz.web.controller.WeatherController.queryWeather(java.lang.String)
01:48:33.253 febs [main] INFO  o.s.w.s.m.m.a.RequestMappingHandlerMapping - Mapped "{[/v2/api-docs],methods=[GET],produces=[application/json || application/hal+json]}" onto public org.springframework.http.ResponseEntity<springfox.documentation.spring.web.json.Json> springfox.documentation.swagger2.web.Swagger2Controller.getDocumentation(java.lang.String,javax.servlet.http.HttpServletRequest)
01:48:33.254 febs [main] INFO  o.s.w.s.m.m.a.RequestMappingHandlerMapping - Mapped "{[/swagger-resources/configuration/security]}" onto org.springframework.http.ResponseEntity<springfox.documentation.swagger.web.SecurityConfiguration> springfox.documentation.swagger.web.ApiResourceController.securityConfiguration()
01:48:33.255 febs [main] INFO  o.s.w.s.m.m.a.RequestMappingHandlerMapping - Mapped "{[/swagger-resources/configuration/ui]}" onto org.springframework.http.ResponseEntity<springfox.documentation.swagger.web.UiConfiguration> springfox.documentation.swagger.web.ApiResourceController.uiConfiguration()
01:48:33.256 febs [main] INFO  o.s.w.s.m.m.a.RequestMappingHandlerMapping - Mapped "{[/swagger-resources]}" onto org.springframework.http.ResponseEntity<java.util.List<springfox.documentation.swagger.web.SwaggerResource>> springfox.documentation.swagger.web.ApiResourceController.swaggerResources()
01:48:33.258 febs [main] INFO  o.s.w.s.m.m.a.RequestMappingHandlerMapping - Mapped "{[/error]}" onto public org.springframework.http.ResponseEntity<java.util.Map<java.lang.String, java.lang.Object>> org.springframework.boot.autoconfigure.web.servlet.error.BasicErrorController.error(javax.servlet.http.HttpServletRequest)
01:48:33.258 febs [main] INFO  o.s.w.s.m.m.a.RequestMappingHandlerMapping - Mapped "{[/error],produces=[text/html]}" onto public org.springframework.web.servlet.ModelAndView org.springframework.boot.autoconfigure.web.servlet.error.BasicErrorController.errorHtml(javax.servlet.http.HttpServletRequest,javax.servlet.http.HttpServletResponse)
01:48:33.491 febs [main] INFO  o.s.s.c.ThreadPoolTaskExecutor - Initializing ExecutorService  'taskExecutor'
01:48:33.726 febs [main] INFO  o.s.w.s.h.SimpleUrlHandlerMapping - Mapped URL path [/**/favicon.ico] onto handler of type [class org.springframework.web.servlet.resource.ResourceHttpRequestHandler]
01:48:33.973 febs [main] INFO  o.s.w.s.m.m.a.RequestMappingHandlerAdapter - Looking for @ControllerAdvice: org.springframework.boot.web.servlet.context.AnnotationConfigServletWebServerApplicationContext@4cc8eb05: startup date [Sun Jun 21 01:48:22 CST 2020]; root of context hierarchy
01:48:34.042 febs [main] INFO  o.s.w.s.h.SimpleUrlHandlerMapping - Mapped URL path [/webjars/**] onto handler of type [class org.springframework.web.servlet.resource.ResourceHttpRequestHandler]
01:48:34.042 febs [main] INFO  o.s.w.s.h.SimpleUrlHandlerMapping - Mapped URL path [/**] onto handler of type [class org.springframework.web.servlet.resource.ResourceHttpRequestHandler]
01:48:34.042 febs [main] INFO  o.s.w.s.h.SimpleUrlHandlerMapping - Mapped URL path [/images/**] onto handler of type [class org.springframework.web.servlet.resource.ResourceHttpRequestHandler]
01:48:34.061 febs [main] INFO  o.s.w.s.m.m.a.ExceptionHandlerExceptionResolver - Detected @ExceptionHandler methods in globalExceptionHandler
01:48:34.061 febs [main] INFO  o.s.w.s.m.m.a.ExceptionHandlerExceptionResolver - Detected @ExceptionHandler methods in controllerExceptionHandler
01:48:34.188 febs [main] INFO  o.s.b.a.w.s.WelcomePageHandlerMapping - Adding welcome page template: index
01:48:34.822 febs [main] INFO  o.s.j.e.a.AnnotationMBeanExporter - Registering beans for JMX exposure on startup
01:48:34.823 febs [main] INFO  o.s.j.e.a.AnnotationMBeanExporter - Bean with name 'statFilter' has been autodetected for JMX exposure
01:48:34.824 febs [main] INFO  o.s.j.e.a.AnnotationMBeanExporter - Bean with name 'dataSource' has been autodetected for JMX exposure
01:48:34.828 febs [main] INFO  o.s.j.e.a.AnnotationMBeanExporter - Located MBean 'dataSource': registering with JMX server as MBean [com.alibaba.druid.spring.boot.autoconfigure:name=dataSource,type=DruidDataSourceWrapper]
01:48:34.829 febs [main] INFO  o.s.j.e.a.AnnotationMBeanExporter - Located MBean 'statFilter': registering with JMX server as MBean [com.alibaba.druid.filter.stat:name=statFilter,type=StatFilter]
01:48:34.834 febs [main] INFO  o.s.c.s.DefaultLifecycleProcessor - Starting beans in phase 2147483647
01:48:34.834 febs [main] INFO  s.d.s.w.p.DocumentationPluginsBootstrapper - Context refreshed
01:48:34.896 febs [main] INFO  s.d.s.w.p.DocumentationPluginsBootstrapper - Found 1 custom documentation plugin(s)
01:48:34.916 febs [main] INFO  s.d.s.w.s.ApiListingReferenceScanner - Scanning for api listing references
01:48:35.248 febs [main] INFO  o.s.s.quartz.SchedulerFactoryBean - Will start Quartz Scheduler [MyScheduler] in 1 seconds
01:48:35.255 febs [main] INFO  o.a.coyote.http11.Http11NioProtocol - Starting ProtocolHandler ["http-nio-9020"]
01:48:35.266 febs [main] INFO  o.a.tomcat.util.net.NioSelectorPool - Using a shared selector for servlet write/read
01:48:35.282 febs [main] INFO  o.s.b.w.e.tomcat.TomcatWebServer - Tomcat started on port(s): 9020 (http) with context path ''
01:48:35.286 febs [main] INFO  com.xsz.Application - Started Application in 14.47 seconds (JVM running for 15.326)
01:48:35.288 febs [main] INFO  c.x.c.r.ApplicationStartupRunner - XSZ 权限系统启动完毕，地址：http://192.168.3.30:9020
01:48:36.249 febs [Quartz Scheduler [MyScheduler]] INFO  o.s.s.quartz.SchedulerFactoryBean - Starting Quartz Scheduler now, after delay of 1 seconds
01:48:36.328 febs [Quartz Scheduler [MyScheduler]] INFO  o.s.s.quartz.LocalDataSourceJobStore - ClusterManager: detected 1 failed or restarted instances.
01:48:36.328 febs [Quartz Scheduler [MyScheduler]] INFO  o.s.s.quartz.LocalDataSourceJobStore - ClusterManager: Scanning for instance "DESKTOP-5G79DEK1592624083791"'s failed in-progress jobs.
01:48:36.439 febs [Quartz Scheduler [MyScheduler]] INFO  org.quartz.core.QuartzScheduler - Scheduler MyScheduler_$_DESKTOP-5G79DEK1592675311239 started.
01:49:16.565 febs [http-nio-9020-exec-1] INFO  o.a.c.c.C.[Tomcat].[localhost].[/] - Initializing Spring FrameworkServlet 'dispatcherServlet'
01:49:16.565 febs [http-nio-9020-exec-1] INFO  o.s.web.servlet.DispatcherServlet - FrameworkServlet 'dispatcherServlet': initialization started
01:49:16.588 febs [http-nio-9020-exec-1] INFO  o.s.web.servlet.DispatcherServlet - FrameworkServlet 'dispatcherServlet': initialization completed in 22 ms
01:49:16.626 febs [http-nio-9020-exec-1] INFO  o.a.s.s.m.AbstractValidatingSessionManager - Enabling session validation scheduler...
01:49:17.012 febs [asyncTaskExecutor-1] INFO  c.x.c.i.SqlStatementInterceptor - 【SQL语句Id】>>>> com.xsz.system.dao.LogMapper.insert
01:49:17.012 febs [asyncTaskExecutor-1] INFO  c.x.c.i.SqlStatementInterceptor - 【SQL语句耗时】>>>> 155 ms
01:49:17.012 febs [asyncTaskExecutor-1] INFO  c.x.c.i.SqlStatementInterceptor - 【SQL语句】>>>> INSERT INTO t_log ( ID,USERNAME,OPERATION,TIME,METHOD,PARAMS,IP,CREATE_TIME,LOCATION ) VALUES( 2564,'admin','访问系统',6,'com.xsz.system.controller.LoginController.index()','user: "User{userId=167, username='admin', password='8b9196ebe9f537da256b424f1fc93041', deptId=1, deptName='null', email='', mobile='', status='1', crateTime=Fri May 29 22:02:05 CST 2020, modifyTime=null, lastLoginTime=Sat Jun 20 18:03:13 CST 2020, ssex='0', theme='green', avatar='default.jpg', description='null', roleName='null'}"','192.168.3.30','2020-6-21 1:49:17','内网IP|0|0|内网IP|内网IP' )
01:49:18.403 febs [http-nio-9020-exec-5] INFO  c.x.c.i.SqlStatementInterceptor - 【SQL语句Id】>>>> com.xsz.system.dao.MenuMapper.findUserMenus
01:49:18.403 febs [http-nio-9020-exec-5] INFO  c.x.c.i.SqlStatementInterceptor - 【SQL语句耗时】>>>> 142 ms
01:49:18.403 febs [http-nio-9020-exec-5] INFO  c.x.c.i.SqlStatementInterceptor - 【SQL语句】>>>> select m.* from t_menu m where m.type <> 1 and m.MENU_ID in (select distinct rm.menu_id from t_role_menu rm left join t_role r on(rm.role_id = r.role_id) left join t_user_role ur on(ur.role_id = r.role_id) left join t_user u on (u.user_id = ur.user_id) where u.username = 'admin') order by m.create_time
01:49:20.466 febs [http-nio-9020-exec-7] INFO  c.x.c.i.SqlStatementInterceptor - 【SQL语句Id】>>>> com.xsz.vote.dao.VoteMapper.selectByExample_COUNT
01:49:20.466 febs [http-nio-9020-exec-7] INFO  c.x.c.i.SqlStatementInterceptor - 【SQL语句耗时】>>>> 27 ms
01:49:20.466 febs [http-nio-9020-exec-7] INFO  c.x.c.i.SqlStatementInterceptor - 【SQL语句】>>>> SELECT ID,TITLE,DEADLINETIME,ISALL,HEADCONTENT,FOOTERCONTENT,ALLOWSHOWRESULT,ALLOWANONYMAT,FROMUSERID,STATUS,REMARKS,DELMARK,CREATETIME,MODIFYTIME,CREATEUSERID,MODIFYUSERID,TO_USER,TO_PARTY,TO_TAG,PIC_URL,VOTEURL,VOTECOUNT FROM tb_d_vote order by CREATETIME
01:49:20.476 febs [http-nio-9020-exec-7] INFO  c.x.c.i.SqlStatementInterceptor - 【SQL语句Id】>>>> com.xsz.vote.dao.VoteMapper.selectByExample
01:49:20.476 febs [http-nio-9020-exec-7] INFO  c.x.c.i.SqlStatementInterceptor - 【SQL语句耗时】>>>> 8 ms
01:49:20.476 febs [http-nio-9020-exec-7] INFO  c.x.c.i.SqlStatementInterceptor - 【SQL语句】>>>> SELECT ID,TITLE,DEADLINETIME,ISALL,HEADCONTENT,FOOTERCONTENT,ALLOWSHOWRESULT,ALLOWANONYMAT,FROMUSERID,STATUS,REMARKS,DELMARK,CREATETIME,MODIFYTIME,CREATEUSERID,MODIFYUSERID,TO_USER,TO_PARTY,TO_TAG,PIC_URL,VOTEURL,VOTECOUNT FROM tb_d_vote order by CREATETIME
01:49:20.635 febs [asyncTaskExecutor-2] INFO  c.x.c.i.SqlStatementInterceptor - 【SQL语句Id】>>>> com.xsz.system.dao.LogMapper.insert
01:49:20.635 febs [asyncTaskExecutor-2] INFO  c.x.c.i.SqlStatementInterceptor - 【SQL语句耗时】>>>> 149 ms
01:49:20.635 febs [asyncTaskExecutor-2] INFO  c.x.c.i.SqlStatementInterceptor - 【SQL语句】>>>> INSERT INTO t_log ( ID,USERNAME,OPERATION,TIME,METHOD,PARAMS,IP,CREATE_TIME,LOCATION ) VALUES( 2565,'admin','获取投票项目信息',171,'com.xsz.vote.controller.VoteController.voteList()','request: "QueryRequest{pageSize=10, pageNum=1}"  vote: "com.xsz.vote.domain.Vote@41a22cb3"','192.168.3.30','2020-6-21 1:49:20','内网IP|0|0|内网IP|内网IP' )
