21:02:53.897 febs [main] INFO  com.xsz.Application - Starting Application on DESKTOP-7OSV96T with PID 7112 (C:\bsea\springbootbookcode\voteWeb\target\classes started by Administrator in C:\bsea\springbootbookcode)
21:02:53.903 febs [main] INFO  com.xsz.Application - No active profile set, falling back to default profiles: default
21:02:54.090 febs [main] INFO  o.s.b.w.s.c.AnnotationConfigServletWebServerApplicationContext - Refreshing org.springframework.boot.web.servlet.context.AnnotationConfigServletWebServerApplicationContext@1f97cf0d: startup date [Sun Mar 28 21:02:54 CST 2021]; root of context hierarchy
21:03:08.311 febs [main] INFO  o.s.d.r.c.RepositoryConfigurationDelegate - Multiple Spring Data modules found, entering strict repository configuration mode!
21:03:09.929 febs [main] INFO  c.u.j.c.EnableEncryptablePropertiesBeanFactoryPostProcessor - Post-processing PropertySource instances
21:03:10.270 febs [main] INFO  c.u.j.EncryptablePropertySourceConverter - Converting PropertySource configurationProperties [org.springframework.boot.context.properties.source.ConfigurationPropertySourcesPropertySource] to AOP Proxy
21:03:10.279 febs [main] INFO  c.u.j.EncryptablePropertySourceConverter - Converting PropertySource servletConfigInitParams [org.springframework.core.env.PropertySource$StubPropertySource] to EncryptablePropertySourceWrapper
21:03:10.279 febs [main] INFO  c.u.j.EncryptablePropertySourceConverter - Converting PropertySource servletContextInitParams [org.springframework.core.env.PropertySource$StubPropertySource] to EncryptablePropertySourceWrapper
21:03:10.279 febs [main] INFO  c.u.j.EncryptablePropertySourceConverter - Converting PropertySource systemProperties [org.springframework.core.env.MapPropertySource] to EncryptableMapPropertySourceWrapper
21:03:10.279 febs [main] INFO  c.u.j.EncryptablePropertySourceConverter - Converting PropertySource systemEnvironment [org.springframework.boot.env.SystemEnvironmentPropertySourceEnvironmentPostProcessor$OriginAwareSystemEnvironmentPropertySource] to EncryptableMapPropertySourceWrapper
21:03:10.279 febs [main] INFO  c.u.j.EncryptablePropertySourceConverter - Converting PropertySource random [org.springframework.boot.env.RandomValuePropertySource] to EncryptablePropertySourceWrapper
21:03:10.279 febs [main] INFO  c.u.j.EncryptablePropertySourceConverter - Converting PropertySource applicationConfig: [classpath:/application.yml] [org.springframework.boot.env.OriginTrackedMapPropertySource] to EncryptableMapPropertySourceWrapper
21:03:10.614 febs [main] INFO  o.s.c.s.PostProcessorRegistrationDelegate$BeanPostProcessorChecker - Bean 'asyncExecutorPoolConfig' of type [com.xsz.common.config.AsyncExecutorPoolConfig$$EnhancerBySpringCGLIB$$b99ea8ce] is not eligible for getting processed by all BeanPostProcessors (for example: not eligible for auto-proxying)
21:03:10.839 febs [main] INFO  c.u.j.f.DefaultLazyPropertyFilter - Property Filter custom Bean not found with name 'encryptablePropertyFilter'. Initializing Default Property Filter
21:03:10.860 febs [main] INFO  o.s.c.s.PostProcessorRegistrationDelegate$BeanPostProcessorChecker - Bean 'com.alibaba.druid.spring.boot.autoconfigure.stat.DruidSpringAopConfiguration' of type [com.alibaba.druid.spring.boot.autoconfigure.stat.DruidSpringAopConfiguration] is not eligible for getting processed by all BeanPostProcessors (for example: not eligible for auto-proxying)
21:03:11.089 febs [main] INFO  o.s.c.s.PostProcessorRegistrationDelegate$BeanPostProcessorChecker - Bean 'org.springframework.boot.context.properties.ConversionServiceDeducer$Factory' of type [org.springframework.boot.context.properties.ConversionServiceDeducer$Factory] is not eligible for getting processed by all BeanPostProcessors (for example: not eligible for auto-proxying)
21:03:11.426 febs [main] INFO  c.u.j.r.DefaultLazyPropertyResolver - Property Resolver custom Bean not found with name 'encryptablePropertyResolver'. Initializing Default Property Resolver
21:03:11.430 febs [main] INFO  c.u.j.d.DefaultLazyPropertyDetector - Property Detector custom Bean not found with name 'encryptablePropertyDetector'. Initializing Default Property Detector
21:03:11.445 febs [main] INFO  o.s.c.s.PostProcessorRegistrationDelegate$BeanPostProcessorChecker - Bean 'spring.datasource.druid-com.alibaba.druid.spring.boot.autoconfigure.properties.DruidStatProperties' of type [com.alibaba.druid.spring.boot.autoconfigure.properties.DruidStatProperties] is not eligible for getting processed by all BeanPostProcessors (for example: not eligible for auto-proxying)
21:03:11.481 febs [main] INFO  o.s.c.s.PostProcessorRegistrationDelegate$BeanPostProcessorChecker - Bean 'advisor' of type [org.springframework.aop.support.RegexpMethodPointcutAdvisor] is not eligible for getting processed by all BeanPostProcessors (for example: not eligible for auto-proxying)
21:03:11.523 febs [main] INFO  o.s.c.s.PostProcessorRegistrationDelegate$BeanPostProcessorChecker - Bean 'redisConfig' of type [com.xsz.common.config.RedisConfig$$EnhancerBySpringCGLIB$$e3da6c9e] is not eligible for getting processed by all BeanPostProcessors (for example: not eligible for auto-proxying)
21:03:11.653 febs [main] INFO  o.s.c.s.PostProcessorRegistrationDelegate$BeanPostProcessorChecker - Bean 'org.springframework.transaction.annotation.ProxyTransactionManagementConfiguration' of type [org.springframework.transaction.annotation.ProxyTransactionManagementConfiguration$$EnhancerBySpringCGLIB$$fc801981] is not eligible for getting processed by all BeanPostProcessors (for example: not eligible for auto-proxying)
21:03:11.828 febs [main] INFO  o.s.c.s.PostProcessorRegistrationDelegate$BeanPostProcessorChecker - Bean 'febsProperties' of type [com.xsz.common.config.FebsProperties$$EnhancerBySpringCGLIB$$664cee8e] is not eligible for getting processed by all BeanPostProcessors (for example: not eligible for auto-proxying)
21:03:11.834 febs [main] INFO  o.s.c.s.PostProcessorRegistrationDelegate$BeanPostProcessorChecker - Bean 'shiroConfig' of type [com.xsz.common.shiro.ShiroConfig$$EnhancerBySpringCGLIB$$523e89f5] is not eligible for getting processed by all BeanPostProcessors (for example: not eligible for auto-proxying)
21:03:13.654 febs [main] INFO  o.s.c.s.PostProcessorRegistrationDelegate$BeanPostProcessorChecker - Bean 'mybatis-org.mybatis.spring.boot.autoconfigure.MybatisProperties' of type [org.mybatis.spring.boot.autoconfigure.MybatisProperties] is not eligible for getting processed by all BeanPostProcessors (for example: not eligible for auto-proxying)
21:03:13.679 febs [main] INFO  o.s.c.s.PostProcessorRegistrationDelegate$BeanPostProcessorChecker - Bean 'myBatisConfig' of type [com.xsz.common.config.MyBatisConfig$$EnhancerBySpringCGLIB$$56ca3f16] is not eligible for getting processed by all BeanPostProcessors (for example: not eligible for auto-proxying)
21:03:13.717 febs [main] INFO  o.s.c.s.PostProcessorRegistrationDelegate$BeanPostProcessorChecker - Bean 'sqlStatementInterceptor' of type [com.xsz.common.interceptor.SqlStatementInterceptor] is not eligible for getting processed by all BeanPostProcessors (for example: not eligible for auto-proxying)
21:03:13.734 febs [main] INFO  o.s.c.s.PostProcessorRegistrationDelegate$BeanPostProcessorChecker - Bean 'org.mybatis.spring.boot.autoconfigure.MybatisAutoConfiguration' of type [org.mybatis.spring.boot.autoconfigure.MybatisAutoConfiguration$$EnhancerBySpringCGLIB$$2f546ab1] is not eligible for getting processed by all BeanPostProcessors (for example: not eligible for auto-proxying)
21:03:13.747 febs [main] INFO  o.s.c.s.PostProcessorRegistrationDelegate$BeanPostProcessorChecker - Bean 'com.alibaba.druid.spring.boot.autoconfigure.DruidDataSourceAutoConfigure' of type [com.alibaba.druid.spring.boot.autoconfigure.DruidDataSourceAutoConfigure$$EnhancerBySpringCGLIB$$162c0ef3] is not eligible for getting processed by all BeanPostProcessors (for example: not eligible for auto-proxying)
21:03:13.758 febs [main] INFO  c.a.d.s.b.a.DruidDataSourceAutoConfigure - Init DruidDataSource
21:03:14.051 febs [main] INFO  o.s.c.s.PostProcessorRegistrationDelegate$BeanPostProcessorChecker - Bean 'spring.datasource-org.springframework.boot.autoconfigure.jdbc.DataSourceProperties' of type [org.springframework.boot.autoconfigure.jdbc.DataSourceProperties] is not eligible for getting processed by all BeanPostProcessors (for example: not eligible for auto-proxying)
21:03:14.120 febs [main] INFO  o.s.c.s.PostProcessorRegistrationDelegate$BeanPostProcessorChecker - Bean 'com.alibaba.druid.spring.boot.autoconfigure.stat.DruidFilterConfiguration' of type [com.alibaba.druid.spring.boot.autoconfigure.stat.DruidFilterConfiguration] is not eligible for getting processed by all BeanPostProcessors (for example: not eligible for auto-proxying)
21:03:14.295 febs [main] INFO  o.s.c.s.PostProcessorRegistrationDelegate$BeanPostProcessorChecker - Bean 'statFilter' of type [com.alibaba.druid.filter.stat.StatFilter] is not eligible for getting processed by all BeanPostProcessors (for example: not eligible for auto-proxying)
21:03:16.524 febs [main] INFO  c.alibaba.druid.pool.DruidDataSource - {dataSource-1} inited
21:03:16.525 febs [main] INFO  o.s.c.s.PostProcessorRegistrationDelegate$BeanPostProcessorChecker - Bean 'dataSource' of type [com.alibaba.druid.spring.boot.autoconfigure.DruidDataSourceWrapper] is not eligible for getting processed by all BeanPostProcessors (for example: not eligible for auto-proxying)
21:03:16.845 febs [main] INFO  o.s.c.s.PostProcessorRegistrationDelegate$BeanPostProcessorChecker - Bean 'org.springframework.boot.autoconfigure.jdbc.DataSourceInitializerInvoker' of type [org.springframework.boot.autoconfigure.jdbc.DataSourceInitializerInvoker] is not eligible for getting processed by all BeanPostProcessors (for example: not eligible for auto-proxying)
21:03:19.248 febs [main] INFO  o.s.c.s.PostProcessorRegistrationDelegate$BeanPostProcessorChecker - Bean 'sqlSessionFactory' of type [org.apache.ibatis.session.defaults.DefaultSqlSessionFactory] is not eligible for getting processed by all BeanPostProcessors (for example: not eligible for auto-proxying)
21:03:19.279 febs [main] INFO  o.s.c.s.PostProcessorRegistrationDelegate$BeanPostProcessorChecker - Bean 'sqlSessionTemplate' of type [org.mybatis.spring.SqlSessionTemplate] is not eligible for getting processed by all BeanPostProcessors (for example: not eligible for auto-proxying)
21:03:19.584 febs [main] INFO  o.s.c.s.PostProcessorRegistrationDelegate$BeanPostProcessorChecker - Bean 'userMapper' of type [tk.mybatis.spring.mapper.MapperFactoryBean] is not eligible for getting processed by all BeanPostProcessors (for example: not eligible for auto-proxying)
21:03:19.594 febs [main] INFO  o.s.c.s.PostProcessorRegistrationDelegate$BeanPostProcessorChecker - Bean 'userMapper' of type [com.sun.proxy.$Proxy116] is not eligible for getting processed by all BeanPostProcessors (for example: not eligible for auto-proxying)
21:03:19.784 febs [main] INFO  o.s.c.s.PostProcessorRegistrationDelegate$BeanPostProcessorChecker - Bean 'userRoleMapper' of type [tk.mybatis.spring.mapper.MapperFactoryBean] is not eligible for getting processed by all BeanPostProcessors (for example: not eligible for auto-proxying)
21:03:19.786 febs [main] INFO  o.s.c.s.PostProcessorRegistrationDelegate$BeanPostProcessorChecker - Bean 'userRoleMapper' of type [com.sun.proxy.$Proxy118] is not eligible for getting processed by all BeanPostProcessors (for example: not eligible for auto-proxying)
21:03:19.877 febs [main] INFO  o.s.c.s.PostProcessorRegistrationDelegate$BeanPostProcessorChecker - Bean 'userRoleService' of type [com.xsz.system.service.impl.UserRoleServiceImpl] is not eligible for getting processed by all BeanPostProcessors (for example: not eligible for auto-proxying)
21:03:20.117 febs [main] INFO  o.s.c.s.PostProcessorRegistrationDelegate$BeanPostProcessorChecker - Bean 'userService' of type [com.xsz.system.service.impl.UserServiceImpl] is not eligible for getting processed by all BeanPostProcessors (for example: not eligible for auto-proxying)
21:03:20.511 febs [main] INFO  o.s.c.s.PostProcessorRegistrationDelegate$BeanPostProcessorChecker - Bean 'roleMapper' of type [tk.mybatis.spring.mapper.MapperFactoryBean] is not eligible for getting processed by all BeanPostProcessors (for example: not eligible for auto-proxying)
21:03:20.513 febs [main] INFO  o.s.c.s.PostProcessorRegistrationDelegate$BeanPostProcessorChecker - Bean 'roleMapper' of type [com.sun.proxy.$Proxy124] is not eligible for getting processed by all BeanPostProcessors (for example: not eligible for auto-proxying)
21:03:20.782 febs [main] INFO  o.s.c.s.PostProcessorRegistrationDelegate$BeanPostProcessorChecker - Bean 'roleMenuMapper' of type [tk.mybatis.spring.mapper.MapperFactoryBean] is not eligible for getting processed by all BeanPostProcessors (for example: not eligible for auto-proxying)
21:03:20.784 febs [main] INFO  o.s.c.s.PostProcessorRegistrationDelegate$BeanPostProcessorChecker - Bean 'roleMenuMapper' of type [com.sun.proxy.$Proxy125] is not eligible for getting processed by all BeanPostProcessors (for example: not eligible for auto-proxying)
21:03:20.800 febs [main] INFO  o.s.c.s.PostProcessorRegistrationDelegate$BeanPostProcessorChecker - Bean 'roleMenuService' of type [com.xsz.system.service.impl.RoleMenuServiceImpl] is not eligible for getting processed by all BeanPostProcessors (for example: not eligible for auto-proxying)
21:03:20.849 febs [main] INFO  o.s.c.s.PostProcessorRegistrationDelegate$BeanPostProcessorChecker - Bean 'roleService' of type [com.xsz.system.service.impl.RoleServiceImpl] is not eligible for getting processed by all BeanPostProcessors (for example: not eligible for auto-proxying)
21:03:21.192 febs [main] INFO  o.s.c.s.PostProcessorRegistrationDelegate$BeanPostProcessorChecker - Bean 'menuMapper' of type [tk.mybatis.spring.mapper.MapperFactoryBean] is not eligible for getting processed by all BeanPostProcessors (for example: not eligible for auto-proxying)
21:03:21.196 febs [main] INFO  o.s.c.s.PostProcessorRegistrationDelegate$BeanPostProcessorChecker - Bean 'menuMapper' of type [com.sun.proxy.$Proxy126] is not eligible for getting processed by all BeanPostProcessors (for example: not eligible for auto-proxying)
21:03:21.205 febs [main] INFO  o.s.c.s.PostProcessorRegistrationDelegate$BeanPostProcessorChecker - Bean 'menuService' of type [com.xsz.system.service.impl.MenuServiceImpl] is not eligible for getting processed by all BeanPostProcessors (for example: not eligible for auto-proxying)
21:03:21.322 febs [main] INFO  o.s.c.s.PostProcessorRegistrationDelegate$BeanPostProcessorChecker - Bean 'shiroRealm' of type [com.xsz.common.shiro.ShiroRealm] is not eligible for getting processed by all BeanPostProcessors (for example: not eligible for auto-proxying)
21:03:21.432 febs [main] INFO  o.s.c.s.PostProcessorRegistrationDelegate$BeanPostProcessorChecker - Bean 'redisSessionDAO' of type [org.crazycake.shiro.RedisSessionDAO] is not eligible for getting processed by all BeanPostProcessors (for example: not eligible for auto-proxying)
21:03:21.485 febs [main] INFO  o.s.c.s.PostProcessorRegistrationDelegate$BeanPostProcessorChecker - Bean 'sessionManager' of type [org.apache.shiro.web.session.mgt.DefaultWebSessionManager] is not eligible for getting processed by all BeanPostProcessors (for example: not eligible for auto-proxying)
21:03:21.528 febs [main] INFO  o.s.c.s.PostProcessorRegistrationDelegate$BeanPostProcessorChecker - Bean 'securityManager' of type [org.apache.shiro.web.mgt.DefaultWebSecurityManager] is not eligible for getting processed by all BeanPostProcessors (for example: not eligible for auto-proxying)
21:03:21.689 febs [main] INFO  o.s.c.s.PostProcessorRegistrationDelegate$BeanPostProcessorChecker - Bean 'authorizationAttributeSourceAdvisor' of type [org.apache.shiro.spring.security.interceptor.AuthorizationAttributeSourceAdvisor] is not eligible for getting processed by all BeanPostProcessors (for example: not eligible for auto-proxying)
21:03:24.148 febs [main] INFO  o.s.b.w.e.tomcat.TomcatWebServer - Tomcat initialized with port(s): 9020 (http)
21:03:24.359 febs [main] INFO  o.a.coyote.http11.Http11NioProtocol - Initializing ProtocolHandler ["http-nio-9020"]
21:03:24.398 febs [main] INFO  o.a.catalina.core.StandardService - Starting service [Tomcat]
21:03:24.398 febs [main] INFO  o.a.catalina.core.StandardEngine - Starting Servlet Engine: Apache Tomcat/8.5.32
21:03:24.492 febs [localhost-startStop-1] INFO  o.a.c.core.AprLifecycleListener - The APR based Apache Tomcat Native library which allows optimal performance in production environments was not found on the java.library.path: [C:\Program Files\Java\jdk1.8.0_181\bin;C:\WINDOWS\Sun\Java\bin;C:\WINDOWS\system32;C:\WINDOWS;C:\Program Files (x86)\Common Files\NetSarang;C:\Program Files (x86)\Common Files\Oracle\Java\javapath;C:\ProgramData\Oracle\Java\javapath;C:\WINDOWS\system32;C:\WINDOWS;C:\WINDOWS\System32\Wbem;C:\WINDOWS\System32\WindowsPowerShell\v1.0\;C:\Program Files\Java\jdk1.8.0_181\bin;C:\Program Files\Git\cmd;C:\WINDOWS\System32\OpenSSH\;C:\Program Files\TortoiseGit\bin;C:\Program Files\MySQL\MySQL Server 8.0\bin;C:\Users\Administrator\AppData\Local\Microsoft\WindowsApps;;C:\Users\Administrator\AppData\Local\Programs\Microsoft VS Code\bin;.]
21:03:25.396 febs [localhost-startStop-1] INFO  o.a.c.c.C.[Tomcat].[localhost].[/] - Initializing Spring embedded WebApplicationContext
21:03:25.396 febs [localhost-startStop-1] INFO  o.s.web.context.ContextLoader - Root WebApplicationContext: initialization completed in 31306 ms
21:03:25.903 febs [localhost-startStop-1] INFO  o.s.b.w.s.FilterRegistrationBean - Mapping filter: 'characterEncodingFilter' to: [/*]
21:03:25.904 febs [localhost-startStop-1] INFO  o.s.b.w.s.FilterRegistrationBean - Mapping filter: 'hiddenHttpMethodFilter' to: [/*]
21:03:25.904 febs [localhost-startStop-1] INFO  o.s.b.w.s.FilterRegistrationBean - Mapping filter: 'httpPutFormContentFilter' to: [/*]
21:03:25.904 febs [localhost-startStop-1] INFO  o.s.b.w.s.FilterRegistrationBean - Mapping filter: 'requestContextFilter' to: [/*]
21:03:25.904 febs [localhost-startStop-1] INFO  o.s.b.w.s.FilterRegistrationBean - Mapping filter: 'xssFilter' to urls: [/*]
21:03:25.904 febs [localhost-startStop-1] INFO  o.s.b.w.s.FilterRegistrationBean - Mapping filter: 'webStatFilter' to urls: [/*]
21:03:25.904 febs [localhost-startStop-1] INFO  o.s.b.w.s.FilterRegistrationBean - Mapping filter: 'shiroFilterFactoryBean' to: [/*]
21:03:25.904 febs [localhost-startStop-1] INFO  o.s.b.w.s.ServletRegistrationBean - Servlet dispatcherServlet mapped to [/]
21:03:25.939 febs [localhost-startStop-1] INFO  o.s.b.w.s.ServletRegistrationBean - Servlet statViewServlet mapped to [/druid/*]
21:03:26.070 febs [localhost-startStop-1] INFO  com.xsz.common.xss.XssFilter - ------------ xss filter init ------------
21:03:28.408 febs [main] INFO  org.quartz.impl.StdSchedulerFactory - Using default implementation for ThreadExecutor
21:03:28.449 febs [main] INFO  o.quartz.core.SchedulerSignalerImpl - Initialized Scheduler Signaller of type: class org.quartz.core.SchedulerSignalerImpl
21:03:28.449 febs [main] INFO  org.quartz.core.QuartzScheduler - Quartz Scheduler v.2.3.0 created.
21:03:28.486 febs [main] INFO  o.s.s.quartz.LocalDataSourceJobStore - Using db table-based data access locking (synchronization).
21:03:28.489 febs [main] INFO  o.s.s.quartz.LocalDataSourceJobStore - JobStoreCMT initialized.
21:03:28.491 febs [main] INFO  org.quartz.core.QuartzScheduler - Scheduler meta-data: Quartz Scheduler (v2.3.0) 'MyScheduler' with instanceId 'DESKTOP-7OSV96T1616936608428'
  Scheduler class: 'org.quartz.core.QuartzScheduler' - running locally.
  NOT STARTED.
  Currently in standby mode.
  Number of jobs executed: 0
  Using thread pool 'org.quartz.simpl.SimpleThreadPool' - with 20 threads.
  Using job-store 'org.springframework.scheduling.quartz.LocalDataSourceJobStore' - which supports persistence. and is clustered.

21:03:28.491 febs [main] INFO  org.quartz.impl.StdSchedulerFactory - Quartz scheduler 'MyScheduler' initialized from an externally provided properties instance.
21:03:28.491 febs [main] INFO  org.quartz.impl.StdSchedulerFactory - Quartz scheduler version: 2.3.0
21:03:28.493 febs [main] INFO  org.quartz.core.QuartzScheduler - JobFactory set to: org.springframework.scheduling.quartz.AdaptableJobFactory@a056b26
21:03:29.103 febs [main] INFO  c.x.c.i.SqlStatementInterceptor - 【SQL语句Id】>>>> com.xsz.job.dao.JobMapper.queryList
21:03:29.104 febs [main] INFO  c.x.c.i.SqlStatementInterceptor - 【SQL语句耗时】>>>> 556 ms
21:03:29.104 febs [main] INFO  c.x.c.i.SqlStatementInterceptor - 【SQL语句】>>>> select job_id jobId,bean_name beanName,method_name methodName, params,cron_expression cronExpression,status,remark,create_time createTime from t_job order by job_id
21:03:34.868 febs [main] INFO  o.s.w.s.m.m.a.RequestMappingHandlerMapping - Mapped "{[/common/download]}" onto public void com.xsz.common.controller.CommonController.fileDownload(java.lang.String,java.lang.Boolean,javax.servlet.http.HttpServletResponse) throws java.io.IOException,com.xsz.common.exception.FileDownloadException
21:03:34.873 febs [main] INFO  o.s.w.s.m.m.a.RequestMappingHandlerMapping - Mapped "{[/test],methods=[GET]}" onto public int com.xsz.common.controller.TestLimiterController.testLimiter()
21:03:34.874 febs [main] INFO  o.s.w.s.m.m.a.RequestMappingHandlerMapping - Mapped "{[/job]}" onto public java.lang.String com.xsz.job.controller.JobController.index()
21:03:34.884 febs [main] INFO  o.s.w.s.m.m.a.RequestMappingHandlerMapping - Mapped "{[/job/list]}" onto public java.util.Map<java.lang.String, java.lang.Object> com.xsz.job.controller.JobController.jobList(com.xsz.common.domain.QueryRequest,com.xsz.job.domain.Job)
21:03:34.884 febs [main] INFO  o.s.w.s.m.m.a.RequestMappingHandlerMapping - Mapped "{[/job/excel]}" onto public com.xsz.common.domain.ResponseBo com.xsz.job.controller.JobController.jobExcel(com.xsz.job.domain.Job)
21:03:34.886 febs [main] INFO  o.s.w.s.m.m.a.RequestMappingHandlerMapping - Mapped "{[/job/update]}" onto public com.xsz.common.domain.ResponseBo com.xsz.job.controller.JobController.updateJob(com.xsz.job.domain.Job)
21:03:34.887 febs [main] INFO  o.s.w.s.m.m.a.RequestMappingHandlerMapping - Mapped "{[/job/checkCron]}" onto public boolean com.xsz.job.controller.JobController.checkCron(java.lang.String)
21:03:34.887 febs [main] INFO  o.s.w.s.m.m.a.RequestMappingHandlerMapping - Mapped "{[/job/getJob]}" onto public com.xsz.common.domain.ResponseBo com.xsz.job.controller.JobController.getJob(java.lang.Long)
21:03:34.888 febs [main] INFO  o.s.w.s.m.m.a.RequestMappingHandlerMapping - Mapped "{[/job/run]}" onto public com.xsz.common.domain.ResponseBo com.xsz.job.controller.JobController.runJob(java.lang.String)
21:03:34.889 febs [main] INFO  o.s.w.s.m.m.a.RequestMappingHandlerMapping - Mapped "{[/job/csv]}" onto public com.xsz.common.domain.ResponseBo com.xsz.job.controller.JobController.jobCsv(com.xsz.job.domain.Job)
21:03:34.890 febs [main] INFO  o.s.w.s.m.m.a.RequestMappingHandlerMapping - Mapped "{[/job/getSysCronClazz]}" onto public com.xsz.common.domain.ResponseBo com.xsz.job.controller.JobController.getSysCronClazz(com.xsz.job.domain.Job)
21:03:34.909 febs [main] INFO  o.s.w.s.m.m.a.RequestMappingHandlerMapping - Mapped "{[/job/pause]}" onto public com.xsz.common.domain.ResponseBo com.xsz.job.controller.JobController.pauseJob(java.lang.String)
21:03:34.910 febs [main] INFO  o.s.w.s.m.m.a.RequestMappingHandlerMapping - Mapped "{[/job/resume]}" onto public com.xsz.common.domain.ResponseBo com.xsz.job.controller.JobController.resumeJob(java.lang.String)
21:03:34.911 febs [main] INFO  o.s.w.s.m.m.a.RequestMappingHandlerMapping - Mapped "{[/job/add]}" onto public com.xsz.common.domain.ResponseBo com.xsz.job.controller.JobController.addJob(com.xsz.job.domain.Job)
21:03:34.912 febs [main] INFO  o.s.w.s.m.m.a.RequestMappingHandlerMapping - Mapped "{[/job/delete]}" onto public com.xsz.common.domain.ResponseBo com.xsz.job.controller.JobController.deleteJob(java.lang.String)
21:03:34.916 febs [main] INFO  o.s.w.s.m.m.a.RequestMappingHandlerMapping - Mapped "{[/jobLog]}" onto public java.lang.String com.xsz.job.controller.JobLogController.index()
21:03:34.916 febs [main] INFO  o.s.w.s.m.m.a.RequestMappingHandlerMapping - Mapped "{[/jobLog/delete]}" onto public com.xsz.common.domain.ResponseBo com.xsz.job.controller.JobLogController.deleteJobLog(java.lang.String)
21:03:34.916 febs [main] INFO  o.s.w.s.m.m.a.RequestMappingHandlerMapping - Mapped "{[/jobLog/csv]}" onto public com.xsz.common.domain.ResponseBo com.xsz.job.controller.JobLogController.jobLogCsv(com.xsz.job.domain.JobLog)
21:03:34.917 febs [main] INFO  o.s.w.s.m.m.a.RequestMappingHandlerMapping - Mapped "{[/jobLog/list]}" onto public java.util.Map<java.lang.String, java.lang.Object> com.xsz.job.controller.JobLogController.jobLogList(com.xsz.common.domain.QueryRequest,com.xsz.job.domain.JobLog)
21:03:34.917 febs [main] INFO  o.s.w.s.m.m.a.RequestMappingHandlerMapping - Mapped "{[/jobLog/excel]}" onto public com.xsz.common.domain.ResponseBo com.xsz.job.controller.JobLogController.jobLogExcel(com.xsz.job.domain.JobLog)
21:03:34.921 febs [main] INFO  o.s.w.s.m.m.a.RequestMappingHandlerMapping - Mapped "{[/category/category],methods=[POST]}" onto public java.lang.String com.xsz.product.controller.CategoryController.index()
21:03:34.925 febs [main] INFO  o.s.w.s.m.m.a.RequestMappingHandlerMapping - Mapped "{[/category/categoryListByDishes/{dishesId}],methods=[GET]}" onto public com.xsz.common.domain.ResponseBo com.xsz.product.controller.CategoryController.categoryListByDishes(java.lang.Long)
21:03:34.925 febs [main] INFO  o.s.w.s.m.m.a.RequestMappingHandlerMapping - Mapped "{[/category/categoryAdd],methods=[POST]}" onto public com.xsz.common.domain.ResponseBo com.xsz.product.controller.CategoryController.categoryAdd(com.xsz.product.form.CategoryForm)
21:03:34.926 febs [main] INFO  o.s.w.s.m.m.a.RequestMappingHandlerMapping - Mapped "{[/category/categoryUpdate],methods=[POST]}" onto public com.xsz.common.domain.ResponseBo com.xsz.product.controller.CategoryController.categoryUpdate(com.xsz.product.form.CategoryForm)
21:03:34.926 febs [main] INFO  o.s.w.s.m.m.a.RequestMappingHandlerMapping - Mapped "{[/category/categoryDelete/{categoryId}],methods=[POST]}" onto public com.xsz.common.domain.ResponseBo com.xsz.product.controller.CategoryController.categoryDelete(java.lang.Long)
21:03:34.926 febs [main] INFO  o.s.w.s.m.m.a.RequestMappingHandlerMapping - Mapped "{[/category/categoryList],methods=[GET]}" onto public com.xsz.common.domain.ResponseBo com.xsz.product.controller.CategoryController.categoryList()
21:03:34.927 febs [main] INFO  o.s.w.s.m.m.a.RequestMappingHandlerMapping - Mapped "{[/category/getCategory/{categoryId}],methods=[GET]}" onto public com.xsz.common.domain.ResponseBo com.xsz.product.controller.CategoryController.getCategory(java.lang.Long)
21:03:34.927 febs [main] INFO  o.s.w.s.m.m.a.RequestMappingHandlerMapping - Mapped "{[/category/categoryListPage],methods=[GET]}" onto public java.util.Map<java.lang.String, java.lang.Object> com.xsz.product.controller.CategoryController.categoryListPage(com.xsz.common.domain.QueryRequest,com.xsz.product.form.CategoryForm)
21:03:34.930 febs [main] INFO  o.s.w.s.m.m.a.RequestMappingHandlerMapping - Mapped "{[/dishes/dishes],methods=[POST]}" onto public java.lang.String com.xsz.product.controller.DishesController.index()
21:03:34.930 febs [main] INFO  o.s.w.s.m.m.a.RequestMappingHandlerMapping - Mapped "{[/dishes/dishesFileUpload/{dishesId}],methods=[POST]}" onto public com.xsz.common.domain.ResponseBo com.xsz.product.controller.DishesController.dishesFileUpload(java.lang.Long,javax.servlet.http.HttpServletRequest,org.springframework.web.multipart.MultipartHttpServletRequest)
21:03:34.931 febs [main] INFO  o.s.w.s.m.m.a.RequestMappingHandlerMapping - Mapped "{[/dishes/getDishes/{dishesId}],methods=[GET]}" onto public com.xsz.common.domain.ResponseBo com.xsz.product.controller.DishesController.getDishes(java.lang.Long)
21:03:34.931 febs [main] INFO  o.s.w.s.m.m.a.RequestMappingHandlerMapping - Mapped "{[/dishes/dishesList],methods=[GET]}" onto public java.util.Map<java.lang.String, java.lang.Object> com.xsz.product.controller.DishesController.dishesList(com.xsz.common.domain.QueryRequest,com.xsz.product.form.DishesForm)
21:03:34.931 febs [main] INFO  o.s.w.s.m.m.a.RequestMappingHandlerMapping - Mapped "{[/dishes/dishesUpdate],methods=[POST]}" onto public com.xsz.common.domain.ResponseBo com.xsz.product.controller.DishesController.dishesUpdate(com.xsz.product.form.DishesForm)
21:03:34.932 febs [main] INFO  o.s.w.s.m.m.a.RequestMappingHandlerMapping - Mapped "{[/dishes/dishesAdd],methods=[POST]}" onto public com.xsz.common.domain.ResponseBo com.xsz.product.controller.DishesController.dishesAdd(com.xsz.product.form.DishesForm)
21:03:34.932 febs [main] INFO  o.s.w.s.m.m.a.RequestMappingHandlerMapping - Mapped "{[/dishes/dishesDelete],methods=[POST]}" onto public com.xsz.common.domain.ResponseBo com.xsz.product.controller.DishesController.dishesDelete(java.lang.String)
21:03:34.936 febs [main] INFO  o.s.w.s.m.m.a.RequestMappingHandlerMapping - Mapped "{[/dishes/dishesModelListPage/{dishesId}],methods=[GET]}" onto public java.util.Map<java.lang.String, java.lang.Object> com.xsz.product.controller.DishesModelController.dishesModelListPage(com.xsz.common.domain.QueryRequest,java.lang.Long)
21:03:34.937 febs [main] INFO  o.s.w.s.m.m.a.RequestMappingHandlerMapping - Mapped "{[/dishes/dishesModelUpdate/{dishesId}],methods=[POST]}" onto public com.xsz.common.domain.ResponseBo com.xsz.product.controller.DishesModelController.dishesModelUpdate(java.lang.Long,java.lang.String)
21:03:34.937 febs [main] INFO  o.s.w.s.m.m.a.RequestMappingHandlerMapping - Mapped "{[/dishes/dishesModelAdd/{dishesId}],methods=[POST]}" onto public com.xsz.common.domain.ResponseBo com.xsz.product.controller.DishesModelController.dishesModelAdd(java.lang.Long,java.lang.String)
21:03:34.940 febs [main] INFO  o.s.w.s.m.m.a.RequestMappingHandlerMapping - Mapped "{[/product/product]}" onto public java.lang.String com.xsz.product.controller.ProductController.index(org.springframework.ui.Model)
21:03:34.940 febs [main] INFO  o.s.w.s.m.m.a.RequestMappingHandlerMapping - Mapped "{[/product/updateUserProfile]}" onto public com.xsz.common.domain.ResponseBo com.xsz.product.controller.ProductController.updateUserProfile(com.xsz.system.domain.User)
21:03:34.940 febs [main] INFO  o.s.w.s.m.m.a.RequestMappingHandlerMapping - Mapped "{[/product/add]}" onto public com.xsz.common.domain.ResponseBo com.xsz.product.controller.ProductController.addUser(com.xsz.system.domain.User,java.lang.Long[])
21:03:34.940 febs [main] INFO  o.s.w.s.m.m.a.RequestMappingHandlerMapping - Mapped "{[/product/regist]}" onto public com.xsz.common.domain.ResponseBo com.xsz.product.controller.ProductController.regist(com.xsz.system.domain.User)
21:03:34.941 febs [main] INFO  o.s.w.s.m.m.a.RequestMappingHandlerMapping - Mapped "{[/product/delete]}" onto public com.xsz.common.domain.ResponseBo com.xsz.product.controller.ProductController.deleteUsers(java.lang.String)
21:03:34.941 febs [main] INFO  o.s.w.s.m.m.a.RequestMappingHandlerMapping - Mapped "{[/product/getUserProfile]}" onto public com.xsz.common.domain.ResponseBo com.xsz.product.controller.ProductController.getUserProfile(java.lang.Long)
21:03:34.941 febs [main] INFO  o.s.w.s.m.m.a.RequestMappingHandlerMapping - Mapped "{[/product/update]}" onto public com.xsz.common.domain.ResponseBo com.xsz.product.controller.ProductController.updateUser(com.xsz.system.domain.User,java.lang.Long[])
21:03:34.941 febs [main] INFO  o.s.w.s.m.m.a.RequestMappingHandlerMapping - Mapped "{[/product/changeAvatar]}" onto public com.xsz.common.domain.ResponseBo com.xsz.product.controller.ProductController.changeAvatar(java.lang.String)
21:03:34.942 febs [main] INFO  o.s.w.s.m.m.a.RequestMappingHandlerMapping - Mapped "{[/product/excel]}" onto public com.xsz.common.domain.ResponseBo com.xsz.product.controller.ProductController.userExcel(com.xsz.system.domain.User)
21:03:34.942 febs [main] INFO  o.s.w.s.m.m.a.RequestMappingHandlerMapping - Mapped "{[/product/list]}" onto public java.util.Map<java.lang.String, java.lang.Object> com.xsz.product.controller.ProductController.productList(com.xsz.common.domain.QueryRequest,com.xsz.product.domain.Product)
21:03:34.942 febs [main] INFO  o.s.w.s.m.m.a.RequestMappingHandlerMapping - Mapped "{[/product/checkPassword]}" onto public boolean com.xsz.product.controller.ProductController.checkPassword(java.lang.String)
21:03:34.942 febs [main] INFO  o.s.w.s.m.m.a.RequestMappingHandlerMapping - Mapped "{[/product/updatePassword]}" onto public com.xsz.common.domain.ResponseBo com.xsz.product.controller.ProductController.updatePassword(java.lang.String)
21:03:34.949 febs [main] INFO  o.s.w.s.m.m.a.RequestMappingHandlerMapping - Mapped "{[/product/getUser]}" onto public com.xsz.common.domain.ResponseBo com.xsz.product.controller.ProductController.getUser(java.lang.Long)
21:03:34.950 febs [main] INFO  o.s.w.s.m.m.a.RequestMappingHandlerMapping - Mapped "{[/product/csv]}" onto public com.xsz.common.domain.ResponseBo com.xsz.product.controller.ProductController.userCsv(com.xsz.system.domain.User)
21:03:34.950 febs [main] INFO  o.s.w.s.m.m.a.RequestMappingHandlerMapping - Mapped "{[/product/theme]}" onto public com.xsz.common.domain.ResponseBo com.xsz.product.controller.ProductController.updateTheme(com.xsz.system.domain.User)
21:03:34.950 febs [main] INFO  o.s.w.s.m.m.a.RequestMappingHandlerMapping - Mapped "{[/product/profile]}" onto public java.lang.String com.xsz.product.controller.ProductController.profileIndex(org.springframework.ui.Model)
21:03:34.950 febs [main] INFO  o.s.w.s.m.m.a.RequestMappingHandlerMapping - Mapped "{[/product/checkUserName]}" onto public boolean com.xsz.product.controller.ProductController.checkUserName(java.lang.String,java.lang.String)
21:03:34.951 febs [main] INFO  o.s.w.s.m.m.a.RequestMappingHandlerMapping - Mapped "{[/dept]}" onto public java.lang.String com.xsz.system.controller.DeptController.index()
21:03:34.953 febs [main] INFO  o.s.w.s.m.m.a.RequestMappingHandlerMapping - Mapped "{[/dept/add]}" onto public com.xsz.common.domain.ResponseBo com.xsz.system.controller.DeptController.addRole(com.xsz.system.domain.Dept)
21:03:34.953 febs [main] INFO  o.s.w.s.m.m.a.RequestMappingHandlerMapping - Mapped "{[/dept/list]}" onto public java.util.List<com.xsz.system.domain.Dept> com.xsz.system.controller.DeptController.deptList(com.xsz.system.domain.Dept)
21:03:34.953 febs [main] INFO  o.s.w.s.m.m.a.RequestMappingHandlerMapping - Mapped "{[/dept/update]}" onto public com.xsz.common.domain.ResponseBo com.xsz.system.controller.DeptController.updateRole(com.xsz.system.domain.Dept)
21:03:34.953 febs [main] INFO  o.s.w.s.m.m.a.RequestMappingHandlerMapping - Mapped "{[/dept/csv]}" onto public com.xsz.common.domain.ResponseBo com.xsz.system.controller.DeptController.deptCsv(com.xsz.system.domain.Dept)
21:03:34.953 febs [main] INFO  o.s.w.s.m.m.a.RequestMappingHandlerMapping - Mapped "{[/dept/delete]}" onto public com.xsz.common.domain.ResponseBo com.xsz.system.controller.DeptController.deleteDepts(java.lang.String)
21:03:34.953 febs [main] INFO  o.s.w.s.m.m.a.RequestMappingHandlerMapping - Mapped "{[/dept/excel]}" onto public com.xsz.common.domain.ResponseBo com.xsz.system.controller.DeptController.deptExcel(com.xsz.system.domain.Dept)
21:03:34.953 febs [main] INFO  o.s.w.s.m.m.a.RequestMappingHandlerMapping - Mapped "{[/dept/tree]}" onto public com.xsz.common.domain.ResponseBo com.xsz.system.controller.DeptController.getDeptTree()
21:03:34.954 febs [main] INFO  o.s.w.s.m.m.a.RequestMappingHandlerMapping - Mapped "{[/dept/checkDeptName]}" onto public boolean com.xsz.system.controller.DeptController.checkDeptName(java.lang.String,java.lang.String)
21:03:34.954 febs [main] INFO  o.s.w.s.m.m.a.RequestMappingHandlerMapping - Mapped "{[/dept/getDept]}" onto public com.xsz.common.domain.ResponseBo com.xsz.system.controller.DeptController.getDept(java.lang.Long)
21:03:34.955 febs [main] INFO  o.s.w.s.m.m.a.RequestMappingHandlerMapping - Mapped "{[/dict]}" onto public java.lang.String com.xsz.system.controller.DictController.index()
21:03:34.956 febs [main] INFO  o.s.w.s.m.m.a.RequestMappingHandlerMapping - Mapped "{[/dict/excel]}" onto public com.xsz.common.domain.ResponseBo com.xsz.system.controller.DictController.dictExcel(com.xsz.system.domain.Dict)
21:03:34.956 febs [main] INFO  o.s.w.s.m.m.a.RequestMappingHandlerMapping - Mapped "{[/dict/csv]}" onto public com.xsz.common.domain.ResponseBo com.xsz.system.controller.DictController.dictCsv(com.xsz.system.domain.Dict)
21:03:34.956 febs [main] INFO  o.s.w.s.m.m.a.RequestMappingHandlerMapping - Mapped "{[/dict/getDict]}" onto public com.xsz.common.domain.ResponseBo com.xsz.system.controller.DictController.getDict(java.lang.Long)
21:03:34.957 febs [main] INFO  o.s.w.s.m.m.a.RequestMappingHandlerMapping - Mapped "{[/dict/add]}" onto public com.xsz.common.domain.ResponseBo com.xsz.system.controller.DictController.addDict(com.xsz.system.domain.Dict)
21:03:34.957 febs [main] INFO  o.s.w.s.m.m.a.RequestMappingHandlerMapping - Mapped "{[/dict/list]}" onto public java.util.Map<java.lang.String, java.lang.Object> com.xsz.system.controller.DictController.dictList(com.xsz.common.domain.QueryRequest,com.xsz.system.domain.Dict)
21:03:34.957 febs [main] INFO  o.s.w.s.m.m.a.RequestMappingHandlerMapping - Mapped "{[/dict/update]}" onto public com.xsz.common.domain.ResponseBo com.xsz.system.controller.DictController.updateDict(com.xsz.system.domain.Dict)
21:03:34.957 febs [main] INFO  o.s.w.s.m.m.a.RequestMappingHandlerMapping - Mapped "{[/dict/delete]}" onto public com.xsz.common.domain.ResponseBo com.xsz.system.controller.DictController.deleteDicts(java.lang.String)
21:03:34.958 febs [main] INFO  o.s.w.s.m.m.a.RequestMappingHandlerMapping - Mapped "{[/log]}" onto public java.lang.String com.xsz.system.controller.LogController.index()
21:03:34.958 febs [main] INFO  o.s.w.s.m.m.a.RequestMappingHandlerMapping - Mapped "{[/log/list]}" onto public java.util.Map<java.lang.String, java.lang.Object> com.xsz.system.controller.LogController.logList(com.xsz.common.domain.QueryRequest,com.xsz.system.domain.SysLog)
21:03:34.958 febs [main] INFO  o.s.w.s.m.m.a.RequestMappingHandlerMapping - Mapped "{[/log/delete]}" onto public com.xsz.common.domain.ResponseBo com.xsz.system.controller.LogController.deleteLogss(java.lang.String)
21:03:34.958 febs [main] INFO  o.s.w.s.m.m.a.RequestMappingHandlerMapping - Mapped "{[/log/excel]}" onto public com.xsz.common.domain.ResponseBo com.xsz.system.controller.LogController.logExcel(com.xsz.system.domain.SysLog)
21:03:34.958 febs [main] INFO  o.s.w.s.m.m.a.RequestMappingHandlerMapping - Mapped "{[/log/csv]}" onto public com.xsz.common.domain.ResponseBo com.xsz.system.controller.LogController.logCsv(com.xsz.system.domain.SysLog)
21:03:34.959 febs [main] INFO  o.s.w.s.m.m.a.RequestMappingHandlerMapping - Mapped "{[/index]}" onto public java.lang.String com.xsz.system.controller.LoginController.index(org.springframework.ui.Model)
21:03:34.959 febs [main] INFO  o.s.w.s.m.m.a.RequestMappingHandlerMapping - Mapped "{[/gifCode],methods=[GET]}" onto public void com.xsz.system.controller.LoginController.getGifCode(javax.servlet.http.HttpServletResponse,javax.servlet.http.HttpServletRequest)
21:03:34.959 febs [main] INFO  o.s.w.s.m.m.a.RequestMappingHandlerMapping - Mapped "{[/]}" onto public java.lang.String com.xsz.system.controller.LoginController.redirectIndex()
21:03:34.960 febs [main] INFO  o.s.w.s.m.m.a.RequestMappingHandlerMapping - Mapped "{[/403],methods=[GET]}" onto public java.lang.String com.xsz.system.controller.LoginController.forbid()
21:03:34.960 febs [main] INFO  o.s.w.s.m.m.a.RequestMappingHandlerMapping - Mapped "{[/login],methods=[GET]}" onto public java.lang.String com.xsz.system.controller.LoginController.login()
21:03:34.960 febs [main] INFO  o.s.w.s.m.m.a.RequestMappingHandlerMapping - Mapped "{[/login],methods=[POST]}" onto public com.xsz.common.domain.ResponseBo com.xsz.system.controller.LoginController.login(java.lang.String,java.lang.String,java.lang.String,java.lang.Boolean)
21:03:34.961 febs [main] INFO  o.s.w.s.m.m.a.RequestMappingHandlerMapping - Mapped "{[/menu]}" onto public java.lang.String com.xsz.system.controller.MenuController.index()
21:03:34.962 febs [main] INFO  o.s.w.s.m.m.a.RequestMappingHandlerMapping - Mapped "{[/menu/menuButtonTree]}" onto public com.xsz.common.domain.ResponseBo com.xsz.system.controller.MenuController.getMenuButtonTree()
21:03:34.963 febs [main] INFO  o.s.w.s.m.m.a.RequestMappingHandlerMapping - Mapped "{[/menu/tree]}" onto public com.xsz.common.domain.ResponseBo com.xsz.system.controller.MenuController.getMenuTree()
21:03:34.963 febs [main] INFO  o.s.w.s.m.m.a.RequestMappingHandlerMapping - Mapped "{[/menu/getUserMenu]}" onto public com.xsz.common.domain.ResponseBo com.xsz.system.controller.MenuController.getUserMenu(java.lang.String)
21:03:34.964 febs [main] INFO  o.s.w.s.m.m.a.RequestMappingHandlerMapping - Mapped "{[/menu/list]}" onto public java.util.List<com.xsz.system.domain.Menu> com.xsz.system.controller.MenuController.menuList(com.xsz.system.domain.Menu)
21:03:34.964 febs [main] INFO  o.s.w.s.m.m.a.RequestMappingHandlerMapping - Mapped "{[/menu/getMenu]}" onto public com.xsz.common.domain.ResponseBo com.xsz.system.controller.MenuController.getMenu(java.lang.Long)
21:03:34.964 febs [main] INFO  o.s.w.s.m.m.a.RequestMappingHandlerMapping - Mapped "{[/menu/menu]}" onto public com.xsz.common.domain.ResponseBo com.xsz.system.controller.MenuController.getMenu(java.lang.String)
21:03:34.964 febs [main] INFO  o.s.w.s.m.m.a.RequestMappingHandlerMapping - Mapped "{[/menu/excel]}" onto public com.xsz.common.domain.ResponseBo com.xsz.system.controller.MenuController.menuExcel(com.xsz.system.domain.Menu)
21:03:34.964 febs [main] INFO  o.s.w.s.m.m.a.RequestMappingHandlerMapping - Mapped "{[/menu/csv]}" onto public com.xsz.common.domain.ResponseBo com.xsz.system.controller.MenuController.menuCsv(com.xsz.system.domain.Menu)
21:03:34.964 febs [main] INFO  o.s.w.s.m.m.a.RequestMappingHandlerMapping - Mapped "{[/menu/delete]}" onto public com.xsz.common.domain.ResponseBo com.xsz.system.controller.MenuController.deleteMenus(java.lang.String)
21:03:34.965 febs [main] INFO  o.s.w.s.m.m.a.RequestMappingHandlerMapping - Mapped "{[/menu/add]}" onto public com.xsz.common.domain.ResponseBo com.xsz.system.controller.MenuController.addMenu(com.xsz.system.domain.Menu)
21:03:34.965 febs [main] INFO  o.s.w.s.m.m.a.RequestMappingHandlerMapping - Mapped "{[/menu/update]}" onto public com.xsz.common.domain.ResponseBo com.xsz.system.controller.MenuController.updateMenu(com.xsz.system.domain.Menu)
21:03:34.965 febs [main] INFO  o.s.w.s.m.m.a.RequestMappingHandlerMapping - Mapped "{[/menu/urlList],methods=[GET]}" onto public java.util.List<java.util.Map<java.lang.String, java.lang.String>> com.xsz.system.controller.MenuController.getAllUrl()
21:03:34.965 febs [main] INFO  o.s.w.s.m.m.a.RequestMappingHandlerMapping - Mapped "{[/menu/checkMenuName]}" onto public boolean com.xsz.system.controller.MenuController.checkMenuName(java.lang.String,java.lang.String,java.lang.String)
21:03:34.967 febs [main] INFO  o.s.w.s.m.m.a.RequestMappingHandlerMapping - Mapped "{[/redis/get]}" onto public com.xsz.common.domain.ResponseBo com.xsz.system.controller.RedisController.get(java.lang.String)
21:03:34.967 febs [main] INFO  o.s.w.s.m.m.a.RequestMappingHandlerMapping - Mapped "{[/redis/keys]}" onto public com.xsz.common.domain.ResponseBo com.xsz.system.controller.RedisController.keys(java.lang.String)
21:03:34.967 febs [main] INFO  o.s.w.s.m.m.a.RequestMappingHandlerMapping - Mapped "{[/redis/set]}" onto public com.xsz.common.domain.ResponseBo com.xsz.system.controller.RedisController.set(java.lang.String)
21:03:34.967 febs [main] INFO  o.s.w.s.m.m.a.RequestMappingHandlerMapping - Mapped "{[/redis/exists]}" onto public com.xsz.common.domain.ResponseBo com.xsz.system.controller.RedisController.exists(java.lang.String)
21:03:34.967 febs [main] INFO  o.s.w.s.m.m.a.RequestMappingHandlerMapping - Mapped "{[/redis/del]}" onto public com.xsz.common.domain.ResponseBo com.xsz.system.controller.RedisController.del(java.lang.String)
21:03:34.967 febs [main] INFO  o.s.w.s.m.m.a.RequestMappingHandlerMapping - Mapped "{[/redis/terminal]}" onto public java.lang.String com.xsz.system.controller.RedisController.redisTerminal(org.springframework.ui.Model)
21:03:34.967 febs [main] INFO  o.s.w.s.m.m.a.RequestMappingHandlerMapping - Mapped "{[/redis/keysSize]}" onto public java.lang.String com.xsz.system.controller.RedisController.getKeysSize()
21:03:34.968 febs [main] INFO  o.s.w.s.m.m.a.RequestMappingHandlerMapping - Mapped "{[/redis/info]}" onto public java.lang.String com.xsz.system.controller.RedisController.getRedisInfo(org.springframework.ui.Model)
21:03:34.968 febs [main] INFO  o.s.w.s.m.m.a.RequestMappingHandlerMapping - Mapped "{[/redis/memoryInfo]}" onto public java.lang.String com.xsz.system.controller.RedisController.getMemoryInfo()
21:03:34.968 febs [main] INFO  o.s.w.s.m.m.a.RequestMappingHandlerMapping - Mapped "{[/redis/pttl]}" onto public com.xsz.common.domain.ResponseBo com.xsz.system.controller.RedisController.pttl(java.lang.String)
21:03:34.968 febs [main] INFO  o.s.w.s.m.m.a.RequestMappingHandlerMapping - Mapped "{[/redis/pexpire]}" onto public com.xsz.common.domain.ResponseBo com.xsz.system.controller.RedisController.pexpire(java.lang.String)
21:03:34.968 febs [main] INFO  o.s.w.s.m.m.a.RequestMappingHandlerMapping - Mapped "{[/role]}" onto public java.lang.String com.xsz.system.controller.RoleController.index()
21:03:34.969 febs [main] INFO  o.s.w.s.m.m.a.RequestMappingHandlerMapping - Mapped "{[/role/add]}" onto public com.xsz.common.domain.ResponseBo com.xsz.system.controller.RoleController.addRole(com.xsz.system.domain.Role,java.lang.Long[])
21:03:34.969 febs [main] INFO  o.s.w.s.m.m.a.RequestMappingHandlerMapping - Mapped "{[/role/getRole]}" onto public com.xsz.common.domain.ResponseBo com.xsz.system.controller.RoleController.getRole(java.lang.Long)
21:03:34.969 febs [main] INFO  o.s.w.s.m.m.a.RequestMappingHandlerMapping - Mapped "{[/role/update]}" onto public com.xsz.common.domain.ResponseBo com.xsz.system.controller.RoleController.updateRole(com.xsz.system.domain.Role,java.lang.Long[])
21:03:34.969 febs [main] INFO  o.s.w.s.m.m.a.RequestMappingHandlerMapping - Mapped "{[/role/csv]}" onto public com.xsz.common.domain.ResponseBo com.xsz.system.controller.RoleController.roleCsv(com.xsz.system.domain.Role)
21:03:34.969 febs [main] INFO  o.s.w.s.m.m.a.RequestMappingHandlerMapping - Mapped "{[/role/excel]}" onto public com.xsz.common.domain.ResponseBo com.xsz.system.controller.RoleController.roleExcel(com.xsz.system.domain.Role)
21:03:34.969 febs [main] INFO  o.s.w.s.m.m.a.RequestMappingHandlerMapping - Mapped "{[/role/checkRoleName]}" onto public boolean com.xsz.system.controller.RoleController.checkRoleName(java.lang.String,java.lang.String)
21:03:34.970 febs [main] INFO  o.s.w.s.m.m.a.RequestMappingHandlerMapping - Mapped "{[/role/delete]}" onto public com.xsz.common.domain.ResponseBo com.xsz.system.controller.RoleController.deleteRoles(java.lang.String)
21:03:34.970 febs [main] INFO  o.s.w.s.m.m.a.RequestMappingHandlerMapping - Mapped "{[/role/list]}" onto public java.util.Map<java.lang.String, java.lang.Object> com.xsz.system.controller.RoleController.roleList(com.xsz.common.domain.QueryRequest,com.xsz.system.domain.Role)
21:03:34.970 febs [main] INFO  o.s.w.s.m.m.a.RequestMappingHandlerMapping - Mapped "{[/session/list]}" onto public java.util.Map<java.lang.String, java.lang.Object> com.xsz.system.controller.SessionController.list()
21:03:34.970 febs [main] INFO  o.s.w.s.m.m.a.RequestMappingHandlerMapping - Mapped "{[/session/forceLogout]}" onto public com.xsz.common.domain.ResponseBo com.xsz.system.controller.SessionController.forceLogout(java.lang.String)
21:03:34.970 febs [main] INFO  o.s.w.s.m.m.a.RequestMappingHandlerMapping - Mapped "{[/session]}" onto public java.lang.String com.xsz.system.controller.SessionController.online()
21:03:34.971 febs [main] INFO  o.s.w.s.m.m.a.RequestMappingHandlerMapping - Mapped "{[/user]}" onto public java.lang.String com.xsz.system.controller.UserController.index(org.springframework.ui.Model)
21:03:34.972 febs [main] INFO  o.s.w.s.m.m.a.RequestMappingHandlerMapping - Mapped "{[/user/updateUserProfile]}" onto public com.xsz.common.domain.ResponseBo com.xsz.system.controller.UserController.updateUserProfile(com.xsz.system.domain.User)
21:03:34.972 febs [main] INFO  o.s.w.s.m.m.a.RequestMappingHandlerMapping - Mapped "{[/user/add]}" onto public com.xsz.common.domain.ResponseBo com.xsz.system.controller.UserController.addUser(com.xsz.system.domain.User,java.lang.Long[])
21:03:34.972 febs [main] INFO  o.s.w.s.m.m.a.RequestMappingHandlerMapping - Mapped "{[/user/list]}" onto public java.util.Map<java.lang.String, java.lang.Object> com.xsz.system.controller.UserController.userList(com.xsz.common.domain.QueryRequest,com.xsz.system.domain.User)
21:03:34.973 febs [main] INFO  o.s.w.s.m.m.a.RequestMappingHandlerMapping - Mapped "{[/user/regist]}" onto public com.xsz.common.domain.ResponseBo com.xsz.system.controller.UserController.regist(com.xsz.system.domain.User)
21:03:34.973 febs [main] INFO  o.s.w.s.m.m.a.RequestMappingHandlerMapping - Mapped "{[/user/delete]}" onto public com.xsz.common.domain.ResponseBo com.xsz.system.controller.UserController.deleteUsers(java.lang.String)
21:03:34.974 febs [main] INFO  o.s.w.s.m.m.a.RequestMappingHandlerMapping - Mapped "{[/user/getUserProfile]}" onto public com.xsz.common.domain.ResponseBo com.xsz.system.controller.UserController.getUserProfile(java.lang.Long)
21:03:34.975 febs [main] INFO  o.s.w.s.m.m.a.RequestMappingHandlerMapping - Mapped "{[/user/update]}" onto public com.xsz.common.domain.ResponseBo com.xsz.system.controller.UserController.updateUser(com.xsz.system.domain.User,java.lang.Long[])
21:03:34.975 febs [main] INFO  o.s.w.s.m.m.a.RequestMappingHandlerMapping - Mapped "{[/user/changeAvatar]}" onto public com.xsz.common.domain.ResponseBo com.xsz.system.controller.UserController.changeAvatar(java.lang.String)
21:03:34.975 febs [main] INFO  o.s.w.s.m.m.a.RequestMappingHandlerMapping - Mapped "{[/user/excel]}" onto public com.xsz.common.domain.ResponseBo com.xsz.system.controller.UserController.userExcel(com.xsz.system.domain.User)
21:03:34.975 febs [main] INFO  o.s.w.s.m.m.a.RequestMappingHandlerMapping - Mapped "{[/user/checkPassword]}" onto public boolean com.xsz.system.controller.UserController.checkPassword(java.lang.String)
21:03:34.977 febs [main] INFO  o.s.w.s.m.m.a.RequestMappingHandlerMapping - Mapped "{[/user/updatePassword]}" onto public com.xsz.common.domain.ResponseBo com.xsz.system.controller.UserController.updatePassword(java.lang.String)
21:03:34.977 febs [main] INFO  o.s.w.s.m.m.a.RequestMappingHandlerMapping - Mapped "{[/user/getUser]}" onto public com.xsz.common.domain.ResponseBo com.xsz.system.controller.UserController.getUser(java.lang.Long)
21:03:34.977 febs [main] INFO  o.s.w.s.m.m.a.RequestMappingHandlerMapping - Mapped "{[/user/csv]}" onto public com.xsz.common.domain.ResponseBo com.xsz.system.controller.UserController.userCsv(com.xsz.system.domain.User)
21:03:34.977 febs [main] INFO  o.s.w.s.m.m.a.RequestMappingHandlerMapping - Mapped "{[/user/theme]}" onto public com.xsz.common.domain.ResponseBo com.xsz.system.controller.UserController.updateTheme(com.xsz.system.domain.User)
21:03:34.977 febs [main] INFO  o.s.w.s.m.m.a.RequestMappingHandlerMapping - Mapped "{[/user/profile]}" onto public java.lang.String com.xsz.system.controller.UserController.profileIndex(org.springframework.ui.Model)
21:03:34.978 febs [main] INFO  o.s.w.s.m.m.a.RequestMappingHandlerMapping - Mapped "{[/user/checkUserName]}" onto public boolean com.xsz.system.controller.UserController.checkUserName(java.lang.String,java.lang.String)
21:03:34.981 febs [main] INFO  o.s.w.s.m.m.a.RequestMappingHandlerMapping - Mapped "{[/voteTopic]}" onto public java.lang.String com.xsz.vote.controller.TbDVoteTopicController.index(org.springframework.ui.Model)
21:03:34.981 febs [main] INFO  o.s.w.s.m.m.a.RequestMappingHandlerMapping - Mapped "{[/voteTopic/voteTopicButtonTree]}" onto public com.xsz.common.domain.ResponseBo com.xsz.vote.controller.TbDVoteTopicController.getVoteButtonTree()
21:03:34.982 febs [main] INFO  o.s.w.s.m.m.a.RequestMappingHandlerMapping - Mapped "{[/voteTopic/update]}" onto public com.xsz.common.domain.ResponseBo com.xsz.vote.controller.TbDVoteTopicController.updateUser(com.xsz.vote.domain.VoteTopic)
21:03:34.982 febs [main] INFO  o.s.w.s.m.m.a.RequestMappingHandlerMapping - Mapped "{[/voteTopic/getVoteTopic]}" onto public com.xsz.common.domain.ResponseBo com.xsz.vote.controller.TbDVoteTopicController.getVoteTopic(java.lang.Long)
21:03:34.982 febs [main] INFO  o.s.w.s.m.m.a.RequestMappingHandlerMapping - Mapped "{[/voteTopic/csv]}" onto public com.xsz.common.domain.ResponseBo com.xsz.vote.controller.TbDVoteTopicController.VoteTopicCsv(com.xsz.vote.domain.VoteTopic)
21:03:34.982 febs [main] INFO  o.s.w.s.m.m.a.RequestMappingHandlerMapping - Mapped "{[/voteTopic/add]}" onto public com.xsz.common.domain.ResponseBo com.xsz.vote.controller.TbDVoteTopicController.addVoteTopic(com.xsz.vote.domain.VoteTopic)
21:03:34.982 febs [main] INFO  o.s.w.s.m.m.a.RequestMappingHandlerMapping - Mapped "{[/voteTopic/delete]}" onto public com.xsz.common.domain.ResponseBo com.xsz.vote.controller.TbDVoteTopicController.deleteVoteTopics(java.lang.String)
21:03:34.982 febs [main] INFO  o.s.w.s.m.m.a.RequestMappingHandlerMapping - Mapped "{[/voteTopic/excel]}" onto public com.xsz.common.domain.ResponseBo com.xsz.vote.controller.TbDVoteTopicController.VoteTopicExcel(com.xsz.vote.domain.VoteTopic)
21:03:34.982 febs [main] INFO  o.s.w.s.m.m.a.RequestMappingHandlerMapping - Mapped "{[/voteTopic/list]}" onto public java.util.Map<java.lang.String, java.lang.Object> com.xsz.vote.controller.TbDVoteTopicController.VoteTopicList(com.xsz.common.domain.QueryRequest,com.xsz.vote.domain.VoteTopic)
21:03:34.984 febs [main] INFO  o.s.w.s.m.m.a.RequestMappingHandlerMapping - Mapped "{[/voteTopicOption]}" onto public java.lang.String com.xsz.vote.controller.TbDVoteTopicOptionsController.index(org.springframework.ui.Model)
21:03:34.984 febs [main] INFO  o.s.w.s.m.m.a.RequestMappingHandlerMapping - Mapped "{[/voteTopicOption/getVoteTopicOption]}" onto public com.xsz.common.domain.ResponseBo com.xsz.vote.controller.TbDVoteTopicOptionsController.getVoteTopicOption(java.lang.Long)
21:03:34.984 febs [main] INFO  o.s.w.s.m.m.a.RequestMappingHandlerMapping - Mapped "{[/voteTopicOption/list]}" onto public java.util.Map<java.lang.String, java.lang.Object> com.xsz.vote.controller.TbDVoteTopicOptionsController.VoteTopicOptionList(com.xsz.common.domain.QueryRequest,com.xsz.vote.domain.VoteTopicOption)
21:03:34.984 febs [main] INFO  o.s.w.s.m.m.a.RequestMappingHandlerMapping - Mapped "{[/voteTopicOption/csv]}" onto public com.xsz.common.domain.ResponseBo com.xsz.vote.controller.TbDVoteTopicOptionsController.VoteTopicOptionCsv(com.xsz.vote.domain.VoteTopicOption)
21:03:34.984 febs [main] INFO  o.s.w.s.m.m.a.RequestMappingHandlerMapping - Mapped "{[/voteTopicOption/add]}" onto public com.xsz.common.domain.ResponseBo com.xsz.vote.controller.TbDVoteTopicOptionsController.addVoteTopicOption(com.xsz.vote.domain.VoteTopicOption)
21:03:34.992 febs [main] INFO  o.s.w.s.m.m.a.RequestMappingHandlerMapping - Mapped "{[/voteTopicOption/excel]}" onto public com.xsz.common.domain.ResponseBo com.xsz.vote.controller.TbDVoteTopicOptionsController.VoteTopicOptionExcel(com.xsz.vote.domain.VoteTopicOption)
21:03:34.992 febs [main] INFO  o.s.w.s.m.m.a.RequestMappingHandlerMapping - Mapped "{[/voteTopicOption/delete]}" onto public com.xsz.common.domain.ResponseBo com.xsz.vote.controller.TbDVoteTopicOptionsController.deleteVoteTopicOptions(java.lang.String)
21:03:34.992 febs [main] INFO  o.s.w.s.m.m.a.RequestMappingHandlerMapping - Mapped "{[/voteTopicOption/update]}" onto public com.xsz.common.domain.ResponseBo com.xsz.vote.controller.TbDVoteTopicOptionsController.updateUser(com.xsz.vote.domain.VoteTopicOption)
21:03:34.993 febs [main] INFO  o.s.w.s.m.m.a.RequestMappingHandlerMapping - Mapped "{[/vote]}" onto public java.lang.String com.xsz.vote.controller.VoteController.index(org.springframework.ui.Model)
21:03:34.994 febs [main] INFO  o.s.w.s.m.m.a.RequestMappingHandlerMapping - Mapped "{[/vote/voteButtonTree]}" onto public com.xsz.common.domain.ResponseBo com.xsz.vote.controller.VoteController.getVoteButtonTree()
21:03:34.994 febs [main] INFO  o.s.w.s.m.m.a.RequestMappingHandlerMapping - Mapped "{[/vote/update]}" onto public com.xsz.common.domain.ResponseBo com.xsz.vote.controller.VoteController.updateUser(com.xsz.vote.domain.Vote)
21:03:34.994 febs [main] INFO  o.s.w.s.m.m.a.RequestMappingHandlerMapping - Mapped "{[/vote/add]}" onto public com.xsz.common.domain.ResponseBo com.xsz.vote.controller.VoteController.addVote(com.xsz.vote.domain.Vote)
21:03:34.994 febs [main] INFO  o.s.w.s.m.m.a.RequestMappingHandlerMapping - Mapped "{[/vote/excel]}" onto public com.xsz.common.domain.ResponseBo com.xsz.vote.controller.VoteController.voteExcel(com.xsz.vote.domain.Vote)
21:03:34.994 febs [main] INFO  o.s.w.s.m.m.a.RequestMappingHandlerMapping - Mapped "{[/vote/csv]}" onto public com.xsz.common.domain.ResponseBo com.xsz.vote.controller.VoteController.voteCsv(com.xsz.vote.domain.Vote)
21:03:34.994 febs [main] INFO  o.s.w.s.m.m.a.RequestMappingHandlerMapping - Mapped "{[/vote/list]}" onto public java.util.Map<java.lang.String, java.lang.Object> com.xsz.vote.controller.VoteController.voteList(com.xsz.common.domain.QueryRequest,com.xsz.vote.domain.Vote)
21:03:34.994 febs [main] INFO  o.s.w.s.m.m.a.RequestMappingHandlerMapping - Mapped "{[/vote/delete]}" onto public com.xsz.common.domain.ResponseBo com.xsz.vote.controller.VoteController.deleteVotes(java.lang.String)
21:03:34.994 febs [main] INFO  o.s.w.s.m.m.a.RequestMappingHandlerMapping - Mapped "{[/vote/getVote]}" onto public com.xsz.common.domain.ResponseBo com.xsz.vote.controller.VoteController.getVote(java.lang.Long)
21:03:34.995 febs [main] INFO  o.s.w.s.m.m.a.RequestMappingHandlerMapping - Mapped "{[/voteVO/result]}" onto public java.lang.String com.xsz.vote.controller.VoteVOController.voteResultIndex(org.springframework.ui.Model)
21:03:35.019 febs [main] INFO  o.s.w.s.m.m.a.RequestMappingHandlerMapping - Mapped "{[/voteVO/listResult]}" onto public java.util.Map<java.lang.String, java.lang.Object> com.xsz.vote.controller.VoteVOController.voteResultList(com.xsz.common.domain.QueryRequest,com.xsz.vote.domain.Vote)
21:03:35.019 febs [main] INFO  o.s.w.s.m.m.a.RequestMappingHandlerMapping - Mapped "{[/voteVO/submitvote]}" onto public com.xsz.common.domain.ResponseBo com.xsz.vote.controller.VoteVOController.submitvote(java.lang.String)
21:03:35.019 febs [main] INFO  o.s.w.s.m.m.a.RequestMappingHandlerMapping - Mapped "{[/voteVO/list]}" onto public java.util.Map<java.lang.String, java.lang.Object> com.xsz.vote.controller.VoteVOController.voteList(com.xsz.common.domain.QueryRequest,com.xsz.vote.domain.Vote)
21:03:35.019 febs [main] INFO  o.s.w.s.m.m.a.RequestMappingHandlerMapping - Mapped "{[/voteVO]}" onto public java.lang.String com.xsz.vote.controller.VoteVOController.voteIndex(org.springframework.ui.Model)
21:03:35.020 febs [main] INFO  o.s.w.s.m.m.a.RequestMappingHandlerMapping - Mapped "{[/article]}" onto public java.lang.String com.xsz.web.controller.ArticleController.index()
21:03:35.020 febs [main] INFO  o.s.w.s.m.m.a.RequestMappingHandlerMapping - Mapped "{[/article/query]}" onto public com.xsz.common.domain.ResponseBo com.xsz.web.controller.ArticleController.queryArticle(java.lang.String)
21:03:35.020 febs [main] INFO  o.s.w.s.m.m.a.RequestMappingHandlerMapping - Mapped "{[/movie/getMovieHot]}" onto public com.xsz.common.domain.ResponseBo com.xsz.web.controller.MovieController.getMoiveHot()
21:03:35.020 febs [main] INFO  o.s.w.s.m.m.a.RequestMappingHandlerMapping - Mapped "{[/movie/detail]}" onto public com.xsz.common.domain.ResponseBo com.xsz.web.controller.MovieController.getDetail(java.lang.String)
21:03:35.020 febs [main] INFO  o.s.w.s.m.m.a.RequestMappingHandlerMapping - Mapped "{[/movie/getMovieComing]}" onto public com.xsz.common.domain.ResponseBo com.xsz.web.controller.MovieController.getMovieComing()
21:03:35.021 febs [main] INFO  o.s.w.s.m.m.a.RequestMappingHandlerMapping - Mapped "{[/movie/hot]}" onto public java.lang.String com.xsz.web.controller.MovieController.movieHot()
21:03:35.021 febs [main] INFO  o.s.w.s.m.m.a.RequestMappingHandlerMapping - Mapped "{[/movie/coming]}" onto public java.lang.String com.xsz.web.controller.MovieController.movieComing()
21:03:35.021 febs [main] INFO  o.s.w.s.m.m.a.RequestMappingHandlerMapping - Mapped "{[/movie/comments]}" onto public com.xsz.common.domain.ResponseBo com.xsz.web.controller.MovieController.getComments(java.lang.String)
21:03:35.022 febs [main] INFO  o.s.w.s.m.m.a.RequestMappingHandlerMapping - Mapped "{[/one/painting]}" onto public java.lang.String com.xsz.web.controller.OneIsAllController.paintIndex()
21:03:35.022 febs [main] INFO  o.s.w.s.m.m.a.RequestMappingHandlerMapping - Mapped "{[/one/oneList]}" onto public com.xsz.common.domain.ResponseBo com.xsz.web.controller.OneIsAllController.getOneList()
21:03:35.022 febs [main] INFO  o.s.w.s.m.m.a.RequestMappingHandlerMapping - Mapped "{[/one/readingList]}" onto public com.xsz.common.domain.ResponseBo com.xsz.web.controller.OneIsAllController.getReadingList()
21:03:35.022 febs [main] INFO  o.s.w.s.m.m.a.RequestMappingHandlerMapping - Mapped "{[/one/essayComments]}" onto public com.xsz.common.domain.ResponseBo com.xsz.web.controller.OneIsAllController.getEssayComments(java.lang.String)
21:03:35.022 febs [main] INFO  o.s.w.s.m.m.a.RequestMappingHandlerMapping - Mapped "{[/one/yuwenComments]}" onto public com.xsz.common.domain.ResponseBo com.xsz.web.controller.OneIsAllController.getYuwenComments(java.lang.String)
21:03:35.022 febs [main] INFO  o.s.w.s.m.m.a.RequestMappingHandlerMapping - Mapped "{[/one/yuwen]}" onto public java.lang.String com.xsz.web.controller.OneIsAllController.yuwenIndex()
21:03:35.024 febs [main] INFO  o.s.w.s.m.m.a.RequestMappingHandlerMapping - Mapped "{[/one/essay]}" onto public java.lang.String com.xsz.web.controller.OneIsAllController.essayIndex()
21:03:35.024 febs [main] INFO  o.s.w.s.m.m.a.RequestMappingHandlerMapping - Mapped "{[/one/yuwenDetail]}" onto public com.xsz.common.domain.ResponseBo com.xsz.web.controller.OneIsAllController.getYuwenDetail(java.lang.String,java.lang.String)
21:03:35.042 febs [main] INFO  o.s.w.s.m.m.a.RequestMappingHandlerMapping - Mapped "{[/one/essayDetail]}" onto public com.xsz.common.domain.ResponseBo com.xsz.web.controller.OneIsAllController.getEssayDetail(java.lang.String,java.lang.String)
21:03:35.043 febs [main] INFO  o.s.w.s.m.m.a.RequestMappingHandlerMapping - Mapped "{[/weather]}" onto public java.lang.String com.xsz.web.controller.WeatherController.weather()
21:03:35.043 febs [main] INFO  o.s.w.s.m.m.a.RequestMappingHandlerMapping - Mapped "{[/weather/query]}" onto public com.xsz.common.domain.ResponseBo com.xsz.web.controller.WeatherController.queryWeather(java.lang.String)
21:03:35.047 febs [main] INFO  o.s.w.s.m.m.a.RequestMappingHandlerMapping - Mapped "{[/v2/api-docs],methods=[GET],produces=[application/json || application/hal+json]}" onto public org.springframework.http.ResponseEntity<springfox.documentation.spring.web.json.Json> springfox.documentation.swagger2.web.Swagger2Controller.getDocumentation(java.lang.String,javax.servlet.http.HttpServletRequest)
21:03:35.049 febs [main] INFO  o.s.w.s.m.m.a.RequestMappingHandlerMapping - Mapped "{[/swagger-resources/configuration/ui]}" onto org.springframework.http.ResponseEntity<springfox.documentation.swagger.web.UiConfiguration> springfox.documentation.swagger.web.ApiResourceController.uiConfiguration()
21:03:35.050 febs [main] INFO  o.s.w.s.m.m.a.RequestMappingHandlerMapping - Mapped "{[/swagger-resources]}" onto org.springframework.http.ResponseEntity<java.util.List<springfox.documentation.swagger.web.SwaggerResource>> springfox.documentation.swagger.web.ApiResourceController.swaggerResources()
21:03:35.051 febs [main] INFO  o.s.w.s.m.m.a.RequestMappingHandlerMapping - Mapped "{[/swagger-resources/configuration/security]}" onto org.springframework.http.ResponseEntity<springfox.documentation.swagger.web.SecurityConfiguration> springfox.documentation.swagger.web.ApiResourceController.securityConfiguration()
21:03:35.057 febs [main] INFO  o.s.w.s.m.m.a.RequestMappingHandlerMapping - Mapped "{[/error]}" onto public org.springframework.http.ResponseEntity<java.util.Map<java.lang.String, java.lang.Object>> org.springframework.boot.autoconfigure.web.servlet.error.BasicErrorController.error(javax.servlet.http.HttpServletRequest)
21:03:35.058 febs [main] INFO  o.s.w.s.m.m.a.RequestMappingHandlerMapping - Mapped "{[/error],produces=[text/html]}" onto public org.springframework.web.servlet.ModelAndView org.springframework.boot.autoconfigure.web.servlet.error.BasicErrorController.errorHtml(javax.servlet.http.HttpServletRequest,javax.servlet.http.HttpServletResponse)
21:03:35.639 febs [main] INFO  o.s.s.c.ThreadPoolTaskExecutor - Initializing ExecutorService  'taskExecutor'
21:03:36.198 febs [main] INFO  o.s.w.s.h.SimpleUrlHandlerMapping - Mapped URL path [/**/favicon.ico] onto handler of type [class org.springframework.web.servlet.resource.ResourceHttpRequestHandler]
21:03:36.997 febs [main] INFO  o.s.w.s.m.m.a.RequestMappingHandlerAdapter - Looking for @ControllerAdvice: org.springframework.boot.web.servlet.context.AnnotationConfigServletWebServerApplicationContext@1f97cf0d: startup date [Sun Mar 28 21:02:54 CST 2021]; root of context hierarchy
21:03:37.218 febs [main] INFO  o.s.w.s.h.SimpleUrlHandlerMapping - Mapped URL path [/webjars/**] onto handler of type [class org.springframework.web.servlet.resource.ResourceHttpRequestHandler]
21:03:37.225 febs [main] INFO  o.s.w.s.h.SimpleUrlHandlerMapping - Mapped URL path [/**] onto handler of type [class org.springframework.web.servlet.resource.ResourceHttpRequestHandler]
21:03:37.238 febs [main] INFO  o.s.w.s.h.SimpleUrlHandlerMapping - Mapped URL path [/images/**] onto handler of type [class org.springframework.web.servlet.resource.ResourceHttpRequestHandler]
21:03:37.316 febs [main] INFO  o.s.w.s.m.m.a.ExceptionHandlerExceptionResolver - Detected @ExceptionHandler methods in globalExceptionHandler
21:03:37.317 febs [main] INFO  o.s.w.s.m.m.a.ExceptionHandlerExceptionResolver - Detected @ExceptionHandler methods in controllerExceptionHandler
21:03:37.695 febs [main] INFO  o.s.b.a.w.s.WelcomePageHandlerMapping - Adding welcome page template: index
21:03:40.075 febs [main] INFO  o.s.j.e.a.AnnotationMBeanExporter - Registering beans for JMX exposure on startup
21:03:40.081 febs [main] INFO  o.s.j.e.a.AnnotationMBeanExporter - Bean with name 'statFilter' has been autodetected for JMX exposure
21:03:40.081 febs [main] INFO  o.s.j.e.a.AnnotationMBeanExporter - Bean with name 'dataSource' has been autodetected for JMX exposure
21:03:40.092 febs [main] INFO  o.s.j.e.a.AnnotationMBeanExporter - Located MBean 'dataSource': registering with JMX server as MBean [com.alibaba.druid.spring.boot.autoconfigure:name=dataSource,type=DruidDataSourceWrapper]
21:03:40.094 febs [main] INFO  o.s.j.e.a.AnnotationMBeanExporter - Located MBean 'statFilter': registering with JMX server as MBean [com.alibaba.druid.filter.stat:name=statFilter,type=StatFilter]
21:03:40.115 febs [main] INFO  o.s.c.s.DefaultLifecycleProcessor - Starting beans in phase 2147483647
21:03:40.115 febs [main] INFO  s.d.s.w.p.DocumentationPluginsBootstrapper - Context refreshed
21:03:40.185 febs [main] INFO  s.d.s.w.p.DocumentationPluginsBootstrapper - Found 1 custom documentation plugin(s)
21:03:40.226 febs [main] INFO  s.d.s.w.s.ApiListingReferenceScanner - Scanning for api listing references
21:03:40.795 febs [main] INFO  o.s.s.quartz.SchedulerFactoryBean - Will start Quartz Scheduler [MyScheduler] in 1 seconds
21:03:40.807 febs [main] INFO  o.a.coyote.http11.Http11NioProtocol - Starting ProtocolHandler ["http-nio-9020"]
21:03:40.842 febs [main] INFO  o.a.tomcat.util.net.NioSelectorPool - Using a shared selector for servlet write/read
21:03:40.904 febs [main] INFO  o.s.b.w.e.tomcat.TomcatWebServer - Tomcat started on port(s): 9020 (http) with context path ''
21:03:40.908 febs [main] INFO  com.xsz.Application - Started Application in 49.278 seconds (JVM running for 50.891)
21:03:40.913 febs [main] INFO  c.x.c.r.ApplicationStartupRunner - XSZ 权限系统启动完毕，地址：http://192.168.3.35:9020
21:03:41.843 febs [Quartz Scheduler [MyScheduler]] INFO  o.s.s.quartz.SchedulerFactoryBean - Starting Quartz Scheduler now, after delay of 1 seconds
21:03:42.229 febs [Quartz Scheduler [MyScheduler]] INFO  o.s.s.quartz.LocalDataSourceJobStore - ClusterManager: detected 1 failed or restarted instances.
21:03:42.229 febs [Quartz Scheduler [MyScheduler]] INFO  o.s.s.quartz.LocalDataSourceJobStore - ClusterManager: Scanning for instance "DESKTOP-7OSV96T1616854602963"'s failed in-progress jobs.
21:03:42.713 febs [Quartz Scheduler [MyScheduler]] INFO  org.quartz.core.QuartzScheduler - Scheduler MyScheduler_$_DESKTOP-7OSV96T1616936608428 started.
