13:18:10.048 febs [main] INFO  com.xsz.Application - Starting Application on DESKTOP-5G79DEK with PID 6676 (C:\Users\jiyu\IdeaProjects\springbootbookcode\voteWeb\target\classes started by jiyu in C:\Users\jiyu\IdeaProjects\springbootbookcode)
13:18:10.079 febs [main] INFO  com.xsz.Application - No active profile set, falling back to default profiles: default
13:18:10.391 febs [main] INFO  o.s.b.w.s.c.AnnotationConfigServletWebServerApplicationContext - Refreshing org.springframework.boot.web.servlet.context.AnnotationConfigServletWebServerApplicationContext@f2ff811: startup date [Sat Jun 13 13:18:10 CST 2020]; root of context hierarchy
13:18:14.470 febs [main] INFO  o.s.d.r.c.RepositoryConfigurationDelegate - Multiple Spring Data modules found, entering strict repository configuration mode!
13:18:15.188 febs [main] INFO  c.u.j.c.EnableEncryptablePropertiesBeanFactoryPostProcessor - Post-processing PropertySource instances
13:18:15.313 febs [main] INFO  c.u.j.EncryptablePropertySourceConverter - Converting PropertySource configurationProperties [org.springframework.boot.context.properties.source.ConfigurationPropertySourcesPropertySource] to AOP Proxy
13:18:15.345 febs [main] INFO  c.u.j.EncryptablePropertySourceConverter - Converting PropertySource servletConfigInitParams [org.springframework.core.env.PropertySource$StubPropertySource] to EncryptablePropertySourceWrapper
13:18:15.345 febs [main] INFO  c.u.j.EncryptablePropertySourceConverter - Converting PropertySource servletContextInitParams [org.springframework.core.env.PropertySource$StubPropertySource] to EncryptablePropertySourceWrapper
13:18:15.345 febs [main] INFO  c.u.j.EncryptablePropertySourceConverter - Converting PropertySource systemProperties [org.springframework.core.env.MapPropertySource] to EncryptableMapPropertySourceWrapper
13:18:15.345 febs [main] INFO  c.u.j.EncryptablePropertySourceConverter - Converting PropertySource systemEnvironment [org.springframework.boot.env.SystemEnvironmentPropertySourceEnvironmentPostProcessor$OriginAwareSystemEnvironmentPropertySource] to EncryptableMapPropertySourceWrapper
13:18:15.345 febs [main] INFO  c.u.j.EncryptablePropertySourceConverter - Converting PropertySource random [org.springframework.boot.env.RandomValuePropertySource] to EncryptablePropertySourceWrapper
13:18:15.345 febs [main] INFO  c.u.j.EncryptablePropertySourceConverter - Converting PropertySource applicationConfig: [classpath:/application.yml] [org.springframework.boot.env.OriginTrackedMapPropertySource] to EncryptableMapPropertySourceWrapper
13:18:15.423 febs [main] INFO  o.s.c.s.PostProcessorRegistrationDelegate$BeanPostProcessorChecker - Bean 'asyncExecutorPoolConfig' of type [com.xsz.common.config.AsyncExecutorPoolConfig$$EnhancerBySpringCGLIB$$6aa2b3e4] is not eligible for getting processed by all BeanPostProcessors (for example: not eligible for auto-proxying)
13:18:15.485 febs [main] INFO  c.u.j.f.DefaultLazyPropertyFilter - Property Filter custom Bean not found with name 'encryptablePropertyFilter'. Initializing Default Property Filter
13:18:15.485 febs [main] INFO  o.s.c.s.PostProcessorRegistrationDelegate$BeanPostProcessorChecker - Bean 'com.alibaba.druid.spring.boot.autoconfigure.stat.DruidSpringAopConfiguration' of type [com.alibaba.druid.spring.boot.autoconfigure.stat.DruidSpringAopConfiguration] is not eligible for getting processed by all BeanPostProcessors (for example: not eligible for auto-proxying)
13:18:15.641 febs [main] INFO  o.s.c.s.PostProcessorRegistrationDelegate$BeanPostProcessorChecker - Bean 'org.springframework.boot.context.properties.ConversionServiceDeducer$Factory' of type [org.springframework.boot.context.properties.ConversionServiceDeducer$Factory] is not eligible for getting processed by all BeanPostProcessors (for example: not eligible for auto-proxying)
13:18:16.220 febs [main] INFO  c.u.j.r.DefaultLazyPropertyResolver - Property Resolver custom Bean not found with name 'encryptablePropertyResolver'. Initializing Default Property Resolver
13:18:16.220 febs [main] INFO  c.u.j.d.DefaultLazyPropertyDetector - Property Detector custom Bean not found with name 'encryptablePropertyDetector'. Initializing Default Property Detector
13:18:16.235 febs [main] INFO  o.s.c.s.PostProcessorRegistrationDelegate$BeanPostProcessorChecker - Bean 'spring.datasource.druid-com.alibaba.druid.spring.boot.autoconfigure.properties.DruidStatProperties' of type [com.alibaba.druid.spring.boot.autoconfigure.properties.DruidStatProperties] is not eligible for getting processed by all BeanPostProcessors (for example: not eligible for auto-proxying)
13:18:16.266 febs [main] INFO  o.s.c.s.PostProcessorRegistrationDelegate$BeanPostProcessorChecker - Bean 'advisor' of type [org.springframework.aop.support.RegexpMethodPointcutAdvisor] is not eligible for getting processed by all BeanPostProcessors (for example: not eligible for auto-proxying)
13:18:16.298 febs [main] INFO  o.s.c.s.PostProcessorRegistrationDelegate$BeanPostProcessorChecker - Bean 'redisConfig' of type [com.xsz.common.config.RedisConfig$$EnhancerBySpringCGLIB$$94de77b4] is not eligible for getting processed by all BeanPostProcessors (for example: not eligible for auto-proxying)
13:18:16.345 febs [main] INFO  o.s.c.s.PostProcessorRegistrationDelegate$BeanPostProcessorChecker - Bean 'org.springframework.transaction.annotation.ProxyTransactionManagementConfiguration' of type [org.springframework.transaction.annotation.ProxyTransactionManagementConfiguration$$EnhancerBySpringCGLIB$$ad842497] is not eligible for getting processed by all BeanPostProcessors (for example: not eligible for auto-proxying)
13:18:16.438 febs [main] INFO  o.s.c.s.PostProcessorRegistrationDelegate$BeanPostProcessorChecker - Bean 'febsProperties' of type [com.xsz.common.config.FebsProperties$$EnhancerBySpringCGLIB$$1750f9a4] is not eligible for getting processed by all BeanPostProcessors (for example: not eligible for auto-proxying)
13:18:16.438 febs [main] INFO  o.s.c.s.PostProcessorRegistrationDelegate$BeanPostProcessorChecker - Bean 'shiroConfig' of type [com.xsz.common.shiro.ShiroConfig$$EnhancerBySpringCGLIB$$342950b] is not eligible for getting processed by all BeanPostProcessors (for example: not eligible for auto-proxying)
13:18:17.376 febs [main] INFO  o.s.c.s.PostProcessorRegistrationDelegate$BeanPostProcessorChecker - Bean 'mybatis-org.mybatis.spring.boot.autoconfigure.MybatisProperties' of type [org.mybatis.spring.boot.autoconfigure.MybatisProperties] is not eligible for getting processed by all BeanPostProcessors (for example: not eligible for auto-proxying)
13:18:17.391 febs [main] INFO  o.s.c.s.PostProcessorRegistrationDelegate$BeanPostProcessorChecker - Bean 'myBatisConfig' of type [com.xsz.common.config.MyBatisConfig$$EnhancerBySpringCGLIB$$7ce4a2c] is not eligible for getting processed by all BeanPostProcessors (for example: not eligible for auto-proxying)
13:18:17.391 febs [main] INFO  o.s.c.s.PostProcessorRegistrationDelegate$BeanPostProcessorChecker - Bean 'sqlStatementInterceptor' of type [com.xsz.common.interceptor.SqlStatementInterceptor] is not eligible for getting processed by all BeanPostProcessors (for example: not eligible for auto-proxying)
13:18:17.407 febs [main] INFO  o.s.c.s.PostProcessorRegistrationDelegate$BeanPostProcessorChecker - Bean 'org.mybatis.spring.boot.autoconfigure.MybatisAutoConfiguration' of type [org.mybatis.spring.boot.autoconfigure.MybatisAutoConfiguration$$EnhancerBySpringCGLIB$$e05875c7] is not eligible for getting processed by all BeanPostProcessors (for example: not eligible for auto-proxying)
13:18:17.407 febs [main] INFO  o.s.c.s.PostProcessorRegistrationDelegate$BeanPostProcessorChecker - Bean 'com.alibaba.druid.spring.boot.autoconfigure.DruidDataSourceAutoConfigure' of type [com.alibaba.druid.spring.boot.autoconfigure.DruidDataSourceAutoConfigure$$EnhancerBySpringCGLIB$$c7301a09] is not eligible for getting processed by all BeanPostProcessors (for example: not eligible for auto-proxying)
13:18:17.407 febs [main] INFO  c.a.d.s.b.a.DruidDataSourceAutoConfigure - Init DruidDataSource
13:18:17.704 febs [main] INFO  o.s.c.s.PostProcessorRegistrationDelegate$BeanPostProcessorChecker - Bean 'spring.datasource-org.springframework.boot.autoconfigure.jdbc.DataSourceProperties' of type [org.springframework.boot.autoconfigure.jdbc.DataSourceProperties] is not eligible for getting processed by all BeanPostProcessors (for example: not eligible for auto-proxying)
13:18:17.720 febs [main] INFO  o.s.c.s.PostProcessorRegistrationDelegate$BeanPostProcessorChecker - Bean 'com.alibaba.druid.spring.boot.autoconfigure.stat.DruidFilterConfiguration' of type [com.alibaba.druid.spring.boot.autoconfigure.stat.DruidFilterConfiguration] is not eligible for getting processed by all BeanPostProcessors (for example: not eligible for auto-proxying)
13:18:17.782 febs [main] INFO  o.s.c.s.PostProcessorRegistrationDelegate$BeanPostProcessorChecker - Bean 'statFilter' of type [com.alibaba.druid.filter.stat.StatFilter] is not eligible for getting processed by all BeanPostProcessors (for example: not eligible for auto-proxying)
13:18:20.173 febs [main] INFO  c.alibaba.druid.pool.DruidDataSource - {dataSource-1} inited
13:18:20.173 febs [main] INFO  o.s.c.s.PostProcessorRegistrationDelegate$BeanPostProcessorChecker - Bean 'dataSource' of type [com.alibaba.druid.spring.boot.autoconfigure.DruidDataSourceWrapper] is not eligible for getting processed by all BeanPostProcessors (for example: not eligible for auto-proxying)
13:18:20.220 febs [main] INFO  o.s.c.s.PostProcessorRegistrationDelegate$BeanPostProcessorChecker - Bean 'org.springframework.boot.autoconfigure.jdbc.DataSourceInitializerInvoker' of type [org.springframework.boot.autoconfigure.jdbc.DataSourceInitializerInvoker] is not eligible for getting processed by all BeanPostProcessors (for example: not eligible for auto-proxying)
13:18:20.907 febs [main] INFO  o.s.c.s.PostProcessorRegistrationDelegate$BeanPostProcessorChecker - Bean 'sqlSessionFactory' of type [org.apache.ibatis.session.defaults.DefaultSqlSessionFactory] is not eligible for getting processed by all BeanPostProcessors (for example: not eligible for auto-proxying)
13:18:20.923 febs [main] INFO  o.s.c.s.PostProcessorRegistrationDelegate$BeanPostProcessorChecker - Bean 'sqlSessionTemplate' of type [org.mybatis.spring.SqlSessionTemplate] is not eligible for getting processed by all BeanPostProcessors (for example: not eligible for auto-proxying)
13:18:20.985 febs [main] INFO  o.s.c.s.PostProcessorRegistrationDelegate$BeanPostProcessorChecker - Bean 'userMapper' of type [tk.mybatis.spring.mapper.MapperFactoryBean] is not eligible for getting processed by all BeanPostProcessors (for example: not eligible for auto-proxying)
13:18:20.985 febs [main] INFO  o.s.c.s.PostProcessorRegistrationDelegate$BeanPostProcessorChecker - Bean 'userMapper' of type [com.sun.proxy.$Proxy115] is not eligible for getting processed by all BeanPostProcessors (for example: not eligible for auto-proxying)
13:18:21.032 febs [main] INFO  o.s.c.s.PostProcessorRegistrationDelegate$BeanPostProcessorChecker - Bean 'userRoleMapper' of type [tk.mybatis.spring.mapper.MapperFactoryBean] is not eligible for getting processed by all BeanPostProcessors (for example: not eligible for auto-proxying)
13:18:21.032 febs [main] INFO  o.s.c.s.PostProcessorRegistrationDelegate$BeanPostProcessorChecker - Bean 'userRoleMapper' of type [com.sun.proxy.$Proxy117] is not eligible for getting processed by all BeanPostProcessors (for example: not eligible for auto-proxying)
13:18:21.048 febs [main] INFO  o.s.c.s.PostProcessorRegistrationDelegate$BeanPostProcessorChecker - Bean 'userRoleService' of type [com.xsz.system.service.impl.UserRoleServiceImpl] is not eligible for getting processed by all BeanPostProcessors (for example: not eligible for auto-proxying)
13:18:21.063 febs [main] INFO  o.s.c.s.PostProcessorRegistrationDelegate$BeanPostProcessorChecker - Bean 'userService' of type [com.xsz.system.service.impl.UserServiceImpl] is not eligible for getting processed by all BeanPostProcessors (for example: not eligible for auto-proxying)
13:18:21.126 febs [main] INFO  o.s.c.s.PostProcessorRegistrationDelegate$BeanPostProcessorChecker - Bean 'roleMapper' of type [tk.mybatis.spring.mapper.MapperFactoryBean] is not eligible for getting processed by all BeanPostProcessors (for example: not eligible for auto-proxying)
13:18:21.126 febs [main] INFO  o.s.c.s.PostProcessorRegistrationDelegate$BeanPostProcessorChecker - Bean 'roleMapper' of type [com.sun.proxy.$Proxy123] is not eligible for getting processed by all BeanPostProcessors (for example: not eligible for auto-proxying)
13:18:21.157 febs [main] INFO  o.s.c.s.PostProcessorRegistrationDelegate$BeanPostProcessorChecker - Bean 'roleMenuMapper' of type [tk.mybatis.spring.mapper.MapperFactoryBean] is not eligible for getting processed by all BeanPostProcessors (for example: not eligible for auto-proxying)
13:18:21.157 febs [main] INFO  o.s.c.s.PostProcessorRegistrationDelegate$BeanPostProcessorChecker - Bean 'roleMenuMapper' of type [com.sun.proxy.$Proxy124] is not eligible for getting processed by all BeanPostProcessors (for example: not eligible for auto-proxying)
13:18:21.173 febs [main] INFO  o.s.c.s.PostProcessorRegistrationDelegate$BeanPostProcessorChecker - Bean 'roleMenuService' of type [com.xsz.system.service.impl.RoleMenuServiceImpl] is not eligible for getting processed by all BeanPostProcessors (for example: not eligible for auto-proxying)
13:18:21.188 febs [main] INFO  o.s.c.s.PostProcessorRegistrationDelegate$BeanPostProcessorChecker - Bean 'roleService' of type [com.xsz.system.service.impl.RoleServiceImpl] is not eligible for getting processed by all BeanPostProcessors (for example: not eligible for auto-proxying)
13:18:21.251 febs [main] INFO  o.s.c.s.PostProcessorRegistrationDelegate$BeanPostProcessorChecker - Bean 'menuMapper' of type [tk.mybatis.spring.mapper.MapperFactoryBean] is not eligible for getting processed by all BeanPostProcessors (for example: not eligible for auto-proxying)
13:18:21.251 febs [main] INFO  o.s.c.s.PostProcessorRegistrationDelegate$BeanPostProcessorChecker - Bean 'menuMapper' of type [com.sun.proxy.$Proxy125] is not eligible for getting processed by all BeanPostProcessors (for example: not eligible for auto-proxying)
13:18:21.251 febs [main] INFO  o.s.c.s.PostProcessorRegistrationDelegate$BeanPostProcessorChecker - Bean 'menuService' of type [com.xsz.system.service.impl.MenuServiceImpl] is not eligible for getting processed by all BeanPostProcessors (for example: not eligible for auto-proxying)
13:18:21.267 febs [main] INFO  o.s.c.s.PostProcessorRegistrationDelegate$BeanPostProcessorChecker - Bean 'shiroRealm' of type [com.xsz.common.shiro.ShiroRealm] is not eligible for getting processed by all BeanPostProcessors (for example: not eligible for auto-proxying)
13:18:21.282 febs [main] INFO  o.s.c.s.PostProcessorRegistrationDelegate$BeanPostProcessorChecker - Bean 'redisSessionDAO' of type [org.crazycake.shiro.RedisSessionDAO] is not eligible for getting processed by all BeanPostProcessors (for example: not eligible for auto-proxying)
13:18:21.298 febs [main] INFO  o.s.c.s.PostProcessorRegistrationDelegate$BeanPostProcessorChecker - Bean 'sessionManager' of type [org.apache.shiro.web.session.mgt.DefaultWebSessionManager] is not eligible for getting processed by all BeanPostProcessors (for example: not eligible for auto-proxying)
13:18:21.313 febs [main] INFO  o.s.c.s.PostProcessorRegistrationDelegate$BeanPostProcessorChecker - Bean 'securityManager' of type [org.apache.shiro.web.mgt.DefaultWebSecurityManager] is not eligible for getting processed by all BeanPostProcessors (for example: not eligible for auto-proxying)
13:18:21.345 febs [main] INFO  o.s.c.s.PostProcessorRegistrationDelegate$BeanPostProcessorChecker - Bean 'authorizationAttributeSourceAdvisor' of type [org.apache.shiro.spring.security.interceptor.AuthorizationAttributeSourceAdvisor] is not eligible for getting processed by all BeanPostProcessors (for example: not eligible for auto-proxying)
13:18:22.407 febs [main] INFO  o.s.b.w.e.tomcat.TomcatWebServer - Tomcat initialized with port(s): 9020 (http)
13:18:22.423 febs [main] INFO  o.a.coyote.http11.Http11NioProtocol - Initializing ProtocolHandler ["http-nio-9020"]
13:18:22.532 febs [main] INFO  o.a.catalina.core.StandardService - Starting service [Tomcat]
13:18:22.532 febs [main] INFO  o.a.catalina.core.StandardEngine - Starting Servlet Engine: Apache Tomcat/8.5.32
13:18:22.548 febs [localhost-startStop-1] INFO  o.a.c.core.AprLifecycleListener - The APR based Apache Tomcat Native library which allows optimal performance in production environments was not found on the java.library.path: [C:\Program Files\Java\jdk1.8.0_131\bin;C:\WINDOWS\Sun\Java\bin;C:\WINDOWS\system32;C:\WINDOWS;C:\ProgramData\Oracle\Java\javapath;C:\WINDOWS\system32;C:\WINDOWS;C:\WINDOWS\System32\Wbem;C:\WINDOWS\System32\WindowsPowerShell\v1.0\;C:\Program Files\Git\cmd;C:\Users\jiyu\AppData\Local\Microsoft\WindowsApps;;.]
13:18:22.798 febs [localhost-startStop-1] INFO  o.a.c.c.C.[Tomcat].[localhost].[/] - Initializing Spring embedded WebApplicationContext
13:18:22.798 febs [localhost-startStop-1] INFO  o.s.web.context.ContextLoader - Root WebApplicationContext: initialization completed in 12407 ms
13:18:23.157 febs [localhost-startStop-1] INFO  o.s.b.w.s.FilterRegistrationBean - Mapping filter: 'characterEncodingFilter' to: [/*]
13:18:23.157 febs [localhost-startStop-1] INFO  o.s.b.w.s.FilterRegistrationBean - Mapping filter: 'hiddenHttpMethodFilter' to: [/*]
13:18:23.157 febs [localhost-startStop-1] INFO  o.s.b.w.s.FilterRegistrationBean - Mapping filter: 'httpPutFormContentFilter' to: [/*]
13:18:23.157 febs [localhost-startStop-1] INFO  o.s.b.w.s.FilterRegistrationBean - Mapping filter: 'requestContextFilter' to: [/*]
13:18:23.157 febs [localhost-startStop-1] INFO  o.s.b.w.s.FilterRegistrationBean - Mapping filter: 'xssFilter' to urls: [/*]
13:18:23.157 febs [localhost-startStop-1] INFO  o.s.b.w.s.FilterRegistrationBean - Mapping filter: 'webStatFilter' to urls: [/*]
13:18:23.157 febs [localhost-startStop-1] INFO  o.s.b.w.s.FilterRegistrationBean - Mapping filter: 'shiroFilterFactoryBean' to: [/*]
13:18:23.157 febs [localhost-startStop-1] INFO  o.s.b.w.s.ServletRegistrationBean - Servlet dispatcherServlet mapped to [/]
13:18:23.157 febs [localhost-startStop-1] INFO  o.s.b.w.s.ServletRegistrationBean - Servlet statViewServlet mapped to [/druid/*]
13:18:23.282 febs [localhost-startStop-1] INFO  com.xsz.common.xss.XssFilter - ------------ xss filter init ------------
13:18:24.548 febs [main] INFO  org.quartz.impl.StdSchedulerFactory - Using default implementation for ThreadExecutor
13:18:24.548 febs [main] INFO  o.quartz.core.SchedulerSignalerImpl - Initialized Scheduler Signaller of type: class org.quartz.core.SchedulerSignalerImpl
13:18:24.548 febs [main] INFO  org.quartz.core.QuartzScheduler - Quartz Scheduler v.2.3.0 created.
13:18:24.563 febs [main] INFO  o.s.s.quartz.LocalDataSourceJobStore - Using db table-based data access locking (synchronization).
13:18:24.563 febs [main] INFO  o.s.s.quartz.LocalDataSourceJobStore - JobStoreCMT initialized.
13:18:24.563 febs [main] INFO  org.quartz.core.QuartzScheduler - Scheduler meta-data: Quartz Scheduler (v2.3.0) 'MyScheduler' with instanceId 'DESKTOP-5G79DEK1592025504548'
  Scheduler class: 'org.quartz.core.QuartzScheduler' - running locally.
  NOT STARTED.
  Currently in standby mode.
  Number of jobs executed: 0
  Using thread pool 'org.quartz.simpl.SimpleThreadPool' - with 20 threads.
  Using job-store 'org.springframework.scheduling.quartz.LocalDataSourceJobStore' - which supports persistence. and is clustered.

13:18:24.563 febs [main] INFO  org.quartz.impl.StdSchedulerFactory - Quartz scheduler 'MyScheduler' initialized from an externally provided properties instance.
13:18:24.563 febs [main] INFO  org.quartz.impl.StdSchedulerFactory - Quartz scheduler version: 2.3.0
13:18:24.563 febs [main] INFO  org.quartz.core.QuartzScheduler - JobFactory set to: org.springframework.scheduling.quartz.AdaptableJobFactory@6f38f084
13:18:24.688 febs [main] INFO  c.x.c.i.SqlStatementInterceptor - 【SQL语句Id】>>>> com.xsz.job.dao.JobMapper.queryList
13:18:24.688 febs [main] INFO  c.x.c.i.SqlStatementInterceptor - 【SQL语句耗时】>>>> 78 ms
13:18:24.688 febs [main] INFO  c.x.c.i.SqlStatementInterceptor - 【SQL语句】>>>> select job_id jobId,bean_name beanName,method_name methodName, params,cron_expression cronExpression,status,remark,create_time createTime from t_job order by job_id
13:18:30.157 febs [main] INFO  o.s.w.s.m.m.a.RequestMappingHandlerMapping - Mapped "{[/common/download]}" onto public void com.xsz.common.controller.CommonController.fileDownload(java.lang.String,java.lang.Boolean,javax.servlet.http.HttpServletResponse) throws java.io.IOException,com.xsz.common.exception.FileDownloadException
13:18:30.173 febs [main] INFO  o.s.w.s.m.m.a.RequestMappingHandlerMapping - Mapped "{[/test],methods=[GET]}" onto public int com.xsz.common.controller.TestController.testLimiter()
13:18:30.173 febs [main] INFO  o.s.w.s.m.m.a.RequestMappingHandlerMapping - Mapped "{[/job]}" onto public java.lang.String com.xsz.job.controller.JobController.index()
13:18:30.173 febs [main] INFO  o.s.w.s.m.m.a.RequestMappingHandlerMapping - Mapped "{[/job/pause]}" onto public com.xsz.common.domain.ResponseBo com.xsz.job.controller.JobController.pauseJob(java.lang.String)
13:18:30.173 febs [main] INFO  o.s.w.s.m.m.a.RequestMappingHandlerMapping - Mapped "{[/job/resume]}" onto public com.xsz.common.domain.ResponseBo com.xsz.job.controller.JobController.resumeJob(java.lang.String)
13:18:30.173 febs [main] INFO  o.s.w.s.m.m.a.RequestMappingHandlerMapping - Mapped "{[/job/delete]}" onto public com.xsz.common.domain.ResponseBo com.xsz.job.controller.JobController.deleteJob(java.lang.String)
13:18:30.173 febs [main] INFO  o.s.w.s.m.m.a.RequestMappingHandlerMapping - Mapped "{[/job/add]}" onto public com.xsz.common.domain.ResponseBo com.xsz.job.controller.JobController.addJob(com.xsz.job.domain.Job)
13:18:30.173 febs [main] INFO  o.s.w.s.m.m.a.RequestMappingHandlerMapping - Mapped "{[/job/csv]}" onto public com.xsz.common.domain.ResponseBo com.xsz.job.controller.JobController.jobCsv(com.xsz.job.domain.Job)
13:18:30.173 febs [main] INFO  o.s.w.s.m.m.a.RequestMappingHandlerMapping - Mapped "{[/job/update]}" onto public com.xsz.common.domain.ResponseBo com.xsz.job.controller.JobController.updateJob(com.xsz.job.domain.Job)
13:18:30.189 febs [main] INFO  o.s.w.s.m.m.a.RequestMappingHandlerMapping - Mapped "{[/job/run]}" onto public com.xsz.common.domain.ResponseBo com.xsz.job.controller.JobController.runJob(java.lang.String)
13:18:30.189 febs [main] INFO  o.s.w.s.m.m.a.RequestMappingHandlerMapping - Mapped "{[/job/list]}" onto public java.util.Map<java.lang.String, java.lang.Object> com.xsz.job.controller.JobController.jobList(com.xsz.common.domain.QueryRequest,com.xsz.job.domain.Job)
13:18:30.189 febs [main] INFO  o.s.w.s.m.m.a.RequestMappingHandlerMapping - Mapped "{[/job/getSysCronClazz]}" onto public com.xsz.common.domain.ResponseBo com.xsz.job.controller.JobController.getSysCronClazz(com.xsz.job.domain.Job)
13:18:30.189 febs [main] INFO  o.s.w.s.m.m.a.RequestMappingHandlerMapping - Mapped "{[/job/excel]}" onto public com.xsz.common.domain.ResponseBo com.xsz.job.controller.JobController.jobExcel(com.xsz.job.domain.Job)
13:18:30.189 febs [main] INFO  o.s.w.s.m.m.a.RequestMappingHandlerMapping - Mapped "{[/job/checkCron]}" onto public boolean com.xsz.job.controller.JobController.checkCron(java.lang.String)
13:18:30.189 febs [main] INFO  o.s.w.s.m.m.a.RequestMappingHandlerMapping - Mapped "{[/job/getJob]}" onto public com.xsz.common.domain.ResponseBo com.xsz.job.controller.JobController.getJob(java.lang.Long)
13:18:30.189 febs [main] INFO  o.s.w.s.m.m.a.RequestMappingHandlerMapping - Mapped "{[/jobLog]}" onto public java.lang.String com.xsz.job.controller.JobLogController.index()
13:18:30.189 febs [main] INFO  o.s.w.s.m.m.a.RequestMappingHandlerMapping - Mapped "{[/jobLog/csv]}" onto public com.xsz.common.domain.ResponseBo com.xsz.job.controller.JobLogController.jobLogCsv(com.xsz.job.domain.JobLog)
13:18:30.189 febs [main] INFO  o.s.w.s.m.m.a.RequestMappingHandlerMapping - Mapped "{[/jobLog/delete]}" onto public com.xsz.common.domain.ResponseBo com.xsz.job.controller.JobLogController.deleteJobLog(java.lang.String)
13:18:30.189 febs [main] INFO  o.s.w.s.m.m.a.RequestMappingHandlerMapping - Mapped "{[/jobLog/excel]}" onto public com.xsz.common.domain.ResponseBo com.xsz.job.controller.JobLogController.jobLogExcel(com.xsz.job.domain.JobLog)
13:18:30.204 febs [main] INFO  o.s.w.s.m.m.a.RequestMappingHandlerMapping - Mapped "{[/jobLog/list]}" onto public java.util.Map<java.lang.String, java.lang.Object> com.xsz.job.controller.JobLogController.jobLogList(com.xsz.common.domain.QueryRequest,com.xsz.job.domain.JobLog)
13:18:30.204 febs [main] INFO  o.s.w.s.m.m.a.RequestMappingHandlerMapping - Mapped "{[/category/category],methods=[POST]}" onto public java.lang.String com.xsz.product.controller.CategoryController.index()
13:18:30.204 febs [main] INFO  o.s.w.s.m.m.a.RequestMappingHandlerMapping - Mapped "{[/category/categoryListByDishes/{dishesId}],methods=[GET]}" onto public com.xsz.common.domain.ResponseBo com.xsz.product.controller.CategoryController.categoryListByDishes(java.lang.Long)
13:18:30.204 febs [main] INFO  o.s.w.s.m.m.a.RequestMappingHandlerMapping - Mapped "{[/category/getCategory/{categoryId}],methods=[GET]}" onto public com.xsz.common.domain.ResponseBo com.xsz.product.controller.CategoryController.getCategory(java.lang.Long)
13:18:30.204 febs [main] INFO  o.s.w.s.m.m.a.RequestMappingHandlerMapping - Mapped "{[/category/categoryList],methods=[GET]}" onto public com.xsz.common.domain.ResponseBo com.xsz.product.controller.CategoryController.categoryList()
13:18:30.204 febs [main] INFO  o.s.w.s.m.m.a.RequestMappingHandlerMapping - Mapped "{[/category/categoryAdd],methods=[POST]}" onto public com.xsz.common.domain.ResponseBo com.xsz.product.controller.CategoryController.categoryAdd(com.xsz.product.form.CategoryForm)
13:18:30.204 febs [main] INFO  o.s.w.s.m.m.a.RequestMappingHandlerMapping - Mapped "{[/category/categoryUpdate],methods=[POST]}" onto public com.xsz.common.domain.ResponseBo com.xsz.product.controller.CategoryController.categoryUpdate(com.xsz.product.form.CategoryForm)
13:18:30.204 febs [main] INFO  o.s.w.s.m.m.a.RequestMappingHandlerMapping - Mapped "{[/category/categoryListPage],methods=[GET]}" onto public java.util.Map<java.lang.String, java.lang.Object> com.xsz.product.controller.CategoryController.categoryListPage(com.xsz.common.domain.QueryRequest,com.xsz.product.form.CategoryForm)
13:18:30.204 febs [main] INFO  o.s.w.s.m.m.a.RequestMappingHandlerMapping - Mapped "{[/category/categoryDelete/{categoryId}],methods=[POST]}" onto public com.xsz.common.domain.ResponseBo com.xsz.product.controller.CategoryController.categoryDelete(java.lang.Long)
13:18:30.204 febs [main] INFO  o.s.w.s.m.m.a.RequestMappingHandlerMapping - Mapped "{[/dishes/dishes],methods=[POST]}" onto public java.lang.String com.xsz.product.controller.DishesController.index()
13:18:30.204 febs [main] INFO  o.s.w.s.m.m.a.RequestMappingHandlerMapping - Mapped "{[/dishes/dishesUpdate],methods=[POST]}" onto public com.xsz.common.domain.ResponseBo com.xsz.product.controller.DishesController.dishesUpdate(com.xsz.product.form.DishesForm)
13:18:30.204 febs [main] INFO  o.s.w.s.m.m.a.RequestMappingHandlerMapping - Mapped "{[/dishes/dishesFileUpload/{dishesId}],methods=[POST]}" onto public com.xsz.common.domain.ResponseBo com.xsz.product.controller.DishesController.dishesFileUpload(java.lang.Long,javax.servlet.http.HttpServletRequest,org.springframework.web.multipart.MultipartHttpServletRequest)
13:18:30.204 febs [main] INFO  o.s.w.s.m.m.a.RequestMappingHandlerMapping - Mapped "{[/dishes/getDishes/{dishesId}],methods=[GET]}" onto public com.xsz.common.domain.ResponseBo com.xsz.product.controller.DishesController.getDishes(java.lang.Long)
13:18:30.220 febs [main] INFO  o.s.w.s.m.m.a.RequestMappingHandlerMapping - Mapped "{[/dishes/dishesDelete],methods=[POST]}" onto public com.xsz.common.domain.ResponseBo com.xsz.product.controller.DishesController.dishesDelete(java.lang.String)
13:18:30.220 febs [main] INFO  o.s.w.s.m.m.a.RequestMappingHandlerMapping - Mapped "{[/dishes/dishesAdd],methods=[POST]}" onto public com.xsz.common.domain.ResponseBo com.xsz.product.controller.DishesController.dishesAdd(com.xsz.product.form.DishesForm)
13:18:30.220 febs [main] INFO  o.s.w.s.m.m.a.RequestMappingHandlerMapping - Mapped "{[/dishes/dishesList],methods=[GET]}" onto public java.util.Map<java.lang.String, java.lang.Object> com.xsz.product.controller.DishesController.dishesList(com.xsz.common.domain.QueryRequest,com.xsz.product.form.DishesForm)
13:18:30.220 febs [main] INFO  o.s.w.s.m.m.a.RequestMappingHandlerMapping - Mapped "{[/dishes/dishesModelUpdate/{dishesId}],methods=[POST]}" onto public com.xsz.common.domain.ResponseBo com.xsz.product.controller.DishesModelController.dishesModelUpdate(java.lang.Long,java.lang.String)
13:18:30.220 febs [main] INFO  o.s.w.s.m.m.a.RequestMappingHandlerMapping - Mapped "{[/dishes/dishesModelListPage/{dishesId}],methods=[GET]}" onto public java.util.Map<java.lang.String, java.lang.Object> com.xsz.product.controller.DishesModelController.dishesModelListPage(com.xsz.common.domain.QueryRequest,java.lang.Long)
13:18:30.220 febs [main] INFO  o.s.w.s.m.m.a.RequestMappingHandlerMapping - Mapped "{[/dishes/dishesModelAdd/{dishesId}],methods=[POST]}" onto public com.xsz.common.domain.ResponseBo com.xsz.product.controller.DishesModelController.dishesModelAdd(java.lang.Long,java.lang.String)
13:18:30.220 febs [main] INFO  o.s.w.s.m.m.a.RequestMappingHandlerMapping - Mapped "{[/product/product]}" onto public java.lang.String com.xsz.product.controller.ProductController.index(org.springframework.ui.Model)
13:18:30.220 febs [main] INFO  o.s.w.s.m.m.a.RequestMappingHandlerMapping - Mapped "{[/product/updateUserProfile]}" onto public com.xsz.common.domain.ResponseBo com.xsz.product.controller.ProductController.updateUserProfile(com.xsz.system.domain.User)
13:18:30.220 febs [main] INFO  o.s.w.s.m.m.a.RequestMappingHandlerMapping - Mapped "{[/product/add]}" onto public com.xsz.common.domain.ResponseBo com.xsz.product.controller.ProductController.addUser(com.xsz.system.domain.User,java.lang.Long[])
13:18:30.220 febs [main] INFO  o.s.w.s.m.m.a.RequestMappingHandlerMapping - Mapped "{[/product/delete]}" onto public com.xsz.common.domain.ResponseBo com.xsz.product.controller.ProductController.deleteUsers(java.lang.String)
13:18:30.220 febs [main] INFO  o.s.w.s.m.m.a.RequestMappingHandlerMapping - Mapped "{[/product/checkUserName]}" onto public boolean com.xsz.product.controller.ProductController.checkUserName(java.lang.String,java.lang.String)
13:18:30.220 febs [main] INFO  o.s.w.s.m.m.a.RequestMappingHandlerMapping - Mapped "{[/product/getUserProfile]}" onto public com.xsz.common.domain.ResponseBo com.xsz.product.controller.ProductController.getUserProfile(java.lang.Long)
13:18:30.220 febs [main] INFO  o.s.w.s.m.m.a.RequestMappingHandlerMapping - Mapped "{[/product/checkPassword]}" onto public boolean com.xsz.product.controller.ProductController.checkPassword(java.lang.String)
13:18:30.220 febs [main] INFO  o.s.w.s.m.m.a.RequestMappingHandlerMapping - Mapped "{[/product/getUser]}" onto public com.xsz.common.domain.ResponseBo com.xsz.product.controller.ProductController.getUser(java.lang.Long)
13:18:30.220 febs [main] INFO  o.s.w.s.m.m.a.RequestMappingHandlerMapping - Mapped "{[/product/profile]}" onto public java.lang.String com.xsz.product.controller.ProductController.profileIndex(org.springframework.ui.Model)
13:18:30.235 febs [main] INFO  o.s.w.s.m.m.a.RequestMappingHandlerMapping - Mapped "{[/product/excel]}" onto public com.xsz.common.domain.ResponseBo com.xsz.product.controller.ProductController.userExcel(com.xsz.system.domain.User)
13:18:30.235 febs [main] INFO  o.s.w.s.m.m.a.RequestMappingHandlerMapping - Mapped "{[/product/changeAvatar]}" onto public com.xsz.common.domain.ResponseBo com.xsz.product.controller.ProductController.changeAvatar(java.lang.String)
13:18:30.235 febs [main] INFO  o.s.w.s.m.m.a.RequestMappingHandlerMapping - Mapped "{[/product/list]}" onto public java.util.Map<java.lang.String, java.lang.Object> com.xsz.product.controller.ProductController.productList(com.xsz.common.domain.QueryRequest,com.xsz.product.domain.Product)
13:18:30.235 febs [main] INFO  o.s.w.s.m.m.a.RequestMappingHandlerMapping - Mapped "{[/product/csv]}" onto public com.xsz.common.domain.ResponseBo com.xsz.product.controller.ProductController.userCsv(com.xsz.system.domain.User)
13:18:30.235 febs [main] INFO  o.s.w.s.m.m.a.RequestMappingHandlerMapping - Mapped "{[/product/regist]}" onto public com.xsz.common.domain.ResponseBo com.xsz.product.controller.ProductController.regist(com.xsz.system.domain.User)
13:18:30.235 febs [main] INFO  o.s.w.s.m.m.a.RequestMappingHandlerMapping - Mapped "{[/product/update]}" onto public com.xsz.common.domain.ResponseBo com.xsz.product.controller.ProductController.updateUser(com.xsz.system.domain.User,java.lang.Long[])
13:18:30.235 febs [main] INFO  o.s.w.s.m.m.a.RequestMappingHandlerMapping - Mapped "{[/product/theme]}" onto public com.xsz.common.domain.ResponseBo com.xsz.product.controller.ProductController.updateTheme(com.xsz.system.domain.User)
13:18:30.235 febs [main] INFO  o.s.w.s.m.m.a.RequestMappingHandlerMapping - Mapped "{[/product/updatePassword]}" onto public com.xsz.common.domain.ResponseBo com.xsz.product.controller.ProductController.updatePassword(java.lang.String)
13:18:30.235 febs [main] INFO  o.s.w.s.m.m.a.RequestMappingHandlerMapping - Mapped "{[/dept]}" onto public java.lang.String com.xsz.system.controller.DeptController.index()
13:18:30.235 febs [main] INFO  o.s.w.s.m.m.a.RequestMappingHandlerMapping - Mapped "{[/dept/add]}" onto public com.xsz.common.domain.ResponseBo com.xsz.system.controller.DeptController.addRole(com.xsz.system.domain.Dept)
13:18:30.235 febs [main] INFO  o.s.w.s.m.m.a.RequestMappingHandlerMapping - Mapped "{[/dept/csv]}" onto public com.xsz.common.domain.ResponseBo com.xsz.system.controller.DeptController.deptCsv(com.xsz.system.domain.Dept)
13:18:30.235 febs [main] INFO  o.s.w.s.m.m.a.RequestMappingHandlerMapping - Mapped "{[/dept/checkDeptName]}" onto public boolean com.xsz.system.controller.DeptController.checkDeptName(java.lang.String,java.lang.String)
13:18:30.235 febs [main] INFO  o.s.w.s.m.m.a.RequestMappingHandlerMapping - Mapped "{[/dept/getDept]}" onto public com.xsz.common.domain.ResponseBo com.xsz.system.controller.DeptController.getDept(java.lang.Long)
13:18:30.235 febs [main] INFO  o.s.w.s.m.m.a.RequestMappingHandlerMapping - Mapped "{[/dept/delete]}" onto public com.xsz.common.domain.ResponseBo com.xsz.system.controller.DeptController.deleteDepts(java.lang.String)
13:18:30.235 febs [main] INFO  o.s.w.s.m.m.a.RequestMappingHandlerMapping - Mapped "{[/dept/update]}" onto public com.xsz.common.domain.ResponseBo com.xsz.system.controller.DeptController.updateRole(com.xsz.system.domain.Dept)
13:18:30.251 febs [main] INFO  o.s.w.s.m.m.a.RequestMappingHandlerMapping - Mapped "{[/dept/list]}" onto public java.util.List<com.xsz.system.domain.Dept> com.xsz.system.controller.DeptController.deptList(com.xsz.system.domain.Dept)
13:18:30.251 febs [main] INFO  o.s.w.s.m.m.a.RequestMappingHandlerMapping - Mapped "{[/dept/tree]}" onto public com.xsz.common.domain.ResponseBo com.xsz.system.controller.DeptController.getDeptTree()
13:18:30.251 febs [main] INFO  o.s.w.s.m.m.a.RequestMappingHandlerMapping - Mapped "{[/dept/excel]}" onto public com.xsz.common.domain.ResponseBo com.xsz.system.controller.DeptController.deptExcel(com.xsz.system.domain.Dept)
13:18:30.251 febs [main] INFO  o.s.w.s.m.m.a.RequestMappingHandlerMapping - Mapped "{[/dict]}" onto public java.lang.String com.xsz.system.controller.DictController.index()
13:18:30.251 febs [main] INFO  o.s.w.s.m.m.a.RequestMappingHandlerMapping - Mapped "{[/dict/list]}" onto public java.util.Map<java.lang.String, java.lang.Object> com.xsz.system.controller.DictController.dictList(com.xsz.common.domain.QueryRequest,com.xsz.system.domain.Dict)
13:18:30.251 febs [main] INFO  o.s.w.s.m.m.a.RequestMappingHandlerMapping - Mapped "{[/dict/excel]}" onto public com.xsz.common.domain.ResponseBo com.xsz.system.controller.DictController.dictExcel(com.xsz.system.domain.Dict)
13:18:30.251 febs [main] INFO  o.s.w.s.m.m.a.RequestMappingHandlerMapping - Mapped "{[/dict/getDict]}" onto public com.xsz.common.domain.ResponseBo com.xsz.system.controller.DictController.getDict(java.lang.Long)
13:18:30.251 febs [main] INFO  o.s.w.s.m.m.a.RequestMappingHandlerMapping - Mapped "{[/dict/update]}" onto public com.xsz.common.domain.ResponseBo com.xsz.system.controller.DictController.updateDict(com.xsz.system.domain.Dict)
13:18:30.251 febs [main] INFO  o.s.w.s.m.m.a.RequestMappingHandlerMapping - Mapped "{[/dict/add]}" onto public com.xsz.common.domain.ResponseBo com.xsz.system.controller.DictController.addDict(com.xsz.system.domain.Dict)
13:18:30.251 febs [main] INFO  o.s.w.s.m.m.a.RequestMappingHandlerMapping - Mapped "{[/dict/csv]}" onto public com.xsz.common.domain.ResponseBo com.xsz.system.controller.DictController.dictCsv(com.xsz.system.domain.Dict)
13:18:30.251 febs [main] INFO  o.s.w.s.m.m.a.RequestMappingHandlerMapping - Mapped "{[/dict/delete]}" onto public com.xsz.common.domain.ResponseBo com.xsz.system.controller.DictController.deleteDicts(java.lang.String)
13:18:30.251 febs [main] INFO  o.s.w.s.m.m.a.RequestMappingHandlerMapping - Mapped "{[/log]}" onto public java.lang.String com.xsz.system.controller.LogController.index()
13:18:30.251 febs [main] INFO  o.s.w.s.m.m.a.RequestMappingHandlerMapping - Mapped "{[/log/csv]}" onto public com.xsz.common.domain.ResponseBo com.xsz.system.controller.LogController.logCsv(com.xsz.system.domain.SysLog)
13:18:30.251 febs [main] INFO  o.s.w.s.m.m.a.RequestMappingHandlerMapping - Mapped "{[/log/delete]}" onto public com.xsz.common.domain.ResponseBo com.xsz.system.controller.LogController.deleteLogss(java.lang.String)
13:18:30.267 febs [main] INFO  o.s.w.s.m.m.a.RequestMappingHandlerMapping - Mapped "{[/log/list]}" onto public java.util.Map<java.lang.String, java.lang.Object> com.xsz.system.controller.LogController.logList(com.xsz.common.domain.QueryRequest,com.xsz.system.domain.SysLog)
13:18:30.267 febs [main] INFO  o.s.w.s.m.m.a.RequestMappingHandlerMapping - Mapped "{[/log/excel]}" onto public com.xsz.common.domain.ResponseBo com.xsz.system.controller.LogController.logExcel(com.xsz.system.domain.SysLog)
13:18:30.267 febs [main] INFO  o.s.w.s.m.m.a.RequestMappingHandlerMapping - Mapped "{[/index]}" onto public java.lang.String com.xsz.system.controller.LoginController.index(org.springframework.ui.Model)
13:18:30.267 febs [main] INFO  o.s.w.s.m.m.a.RequestMappingHandlerMapping - Mapped "{[/login],methods=[POST]}" onto public com.xsz.common.domain.ResponseBo com.xsz.system.controller.LoginController.login(java.lang.String,java.lang.String,java.lang.String,java.lang.Boolean)
13:18:30.267 febs [main] INFO  o.s.w.s.m.m.a.RequestMappingHandlerMapping - Mapped "{[/login],methods=[GET]}" onto public java.lang.String com.xsz.system.controller.LoginController.login()
13:18:30.267 febs [main] INFO  o.s.w.s.m.m.a.RequestMappingHandlerMapping - Mapped "{[/403],methods=[GET]}" onto public java.lang.String com.xsz.system.controller.LoginController.forbid()
13:18:30.267 febs [main] INFO  o.s.w.s.m.m.a.RequestMappingHandlerMapping - Mapped "{[/gifCode],methods=[GET]}" onto public void com.xsz.system.controller.LoginController.getGifCode(javax.servlet.http.HttpServletResponse,javax.servlet.http.HttpServletRequest)
13:18:30.267 febs [main] INFO  o.s.w.s.m.m.a.RequestMappingHandlerMapping - Mapped "{[/]}" onto public java.lang.String com.xsz.system.controller.LoginController.redirectIndex()
13:18:30.267 febs [main] INFO  o.s.w.s.m.m.a.RequestMappingHandlerMapping - Mapped "{[/menu]}" onto public java.lang.String com.xsz.system.controller.MenuController.index()
13:18:30.267 febs [main] INFO  o.s.w.s.m.m.a.RequestMappingHandlerMapping - Mapped "{[/menu/menuButtonTree]}" onto public com.xsz.common.domain.ResponseBo com.xsz.system.controller.MenuController.getMenuButtonTree()
13:18:30.267 febs [main] INFO  o.s.w.s.m.m.a.RequestMappingHandlerMapping - Mapped "{[/menu/add]}" onto public com.xsz.common.domain.ResponseBo com.xsz.system.controller.MenuController.addMenu(com.xsz.system.domain.Menu)
13:18:30.267 febs [main] INFO  o.s.w.s.m.m.a.RequestMappingHandlerMapping - Mapped "{[/menu/urlList],methods=[GET]}" onto public java.util.List<java.util.Map<java.lang.String, java.lang.String>> com.xsz.system.controller.MenuController.getAllUrl()
13:18:30.267 febs [main] INFO  o.s.w.s.m.m.a.RequestMappingHandlerMapping - Mapped "{[/menu/update]}" onto public com.xsz.common.domain.ResponseBo com.xsz.system.controller.MenuController.updateMenu(com.xsz.system.domain.Menu)
13:18:30.267 febs [main] INFO  o.s.w.s.m.m.a.RequestMappingHandlerMapping - Mapped "{[/menu/getMenu]}" onto public com.xsz.common.domain.ResponseBo com.xsz.system.controller.MenuController.getMenu(java.lang.Long)
13:18:30.282 febs [main] INFO  o.s.w.s.m.m.a.RequestMappingHandlerMapping - Mapped "{[/menu/menu]}" onto public com.xsz.common.domain.ResponseBo com.xsz.system.controller.MenuController.getMenu(java.lang.String)
13:18:30.282 febs [main] INFO  o.s.w.s.m.m.a.RequestMappingHandlerMapping - Mapped "{[/menu/csv]}" onto public com.xsz.common.domain.ResponseBo com.xsz.system.controller.MenuController.menuCsv(com.xsz.system.domain.Menu)
13:18:30.282 febs [main] INFO  o.s.w.s.m.m.a.RequestMappingHandlerMapping - Mapped "{[/menu/list]}" onto public java.util.List<com.xsz.system.domain.Menu> com.xsz.system.controller.MenuController.menuList(com.xsz.system.domain.Menu)
13:18:30.282 febs [main] INFO  o.s.w.s.m.m.a.RequestMappingHandlerMapping - Mapped "{[/menu/tree]}" onto public com.xsz.common.domain.ResponseBo com.xsz.system.controller.MenuController.getMenuTree()
13:18:30.282 febs [main] INFO  o.s.w.s.m.m.a.RequestMappingHandlerMapping - Mapped "{[/menu/checkMenuName]}" onto public boolean com.xsz.system.controller.MenuController.checkMenuName(java.lang.String,java.lang.String,java.lang.String)
13:18:30.282 febs [main] INFO  o.s.w.s.m.m.a.RequestMappingHandlerMapping - Mapped "{[/menu/excel]}" onto public com.xsz.common.domain.ResponseBo com.xsz.system.controller.MenuController.menuExcel(com.xsz.system.domain.Menu)
13:18:30.282 febs [main] INFO  o.s.w.s.m.m.a.RequestMappingHandlerMapping - Mapped "{[/menu/delete]}" onto public com.xsz.common.domain.ResponseBo com.xsz.system.controller.MenuController.deleteMenus(java.lang.String)
13:18:30.282 febs [main] INFO  o.s.w.s.m.m.a.RequestMappingHandlerMapping - Mapped "{[/menu/getUserMenu]}" onto public com.xsz.common.domain.ResponseBo com.xsz.system.controller.MenuController.getUserMenu(java.lang.String)
13:18:30.282 febs [main] INFO  o.s.w.s.m.m.a.RequestMappingHandlerMapping - Mapped "{[/redis/get]}" onto public com.xsz.common.domain.ResponseBo com.xsz.system.controller.RedisController.get(java.lang.String)
13:18:30.282 febs [main] INFO  o.s.w.s.m.m.a.RequestMappingHandlerMapping - Mapped "{[/redis/keys]}" onto public com.xsz.common.domain.ResponseBo com.xsz.system.controller.RedisController.keys(java.lang.String)
13:18:30.282 febs [main] INFO  o.s.w.s.m.m.a.RequestMappingHandlerMapping - Mapped "{[/redis/set]}" onto public com.xsz.common.domain.ResponseBo com.xsz.system.controller.RedisController.set(java.lang.String)
13:18:30.282 febs [main] INFO  o.s.w.s.m.m.a.RequestMappingHandlerMapping - Mapped "{[/redis/exists]}" onto public com.xsz.common.domain.ResponseBo com.xsz.system.controller.RedisController.exists(java.lang.String)
13:18:30.282 febs [main] INFO  o.s.w.s.m.m.a.RequestMappingHandlerMapping - Mapped "{[/redis/keysSize]}" onto public java.lang.String com.xsz.system.controller.RedisController.getKeysSize()
13:18:30.282 febs [main] INFO  o.s.w.s.m.m.a.RequestMappingHandlerMapping - Mapped "{[/redis/pttl]}" onto public com.xsz.common.domain.ResponseBo com.xsz.system.controller.RedisController.pttl(java.lang.String)
13:18:30.298 febs [main] INFO  o.s.w.s.m.m.a.RequestMappingHandlerMapping - Mapped "{[/redis/pexpire]}" onto public com.xsz.common.domain.ResponseBo com.xsz.system.controller.RedisController.pexpire(java.lang.String)
13:18:30.298 febs [main] INFO  o.s.w.s.m.m.a.RequestMappingHandlerMapping - Mapped "{[/redis/info]}" onto public java.lang.String com.xsz.system.controller.RedisController.getRedisInfo(org.springframework.ui.Model)
13:18:30.298 febs [main] INFO  o.s.w.s.m.m.a.RequestMappingHandlerMapping - Mapped "{[/redis/memoryInfo]}" onto public java.lang.String com.xsz.system.controller.RedisController.getMemoryInfo()
13:18:30.298 febs [main] INFO  o.s.w.s.m.m.a.RequestMappingHandlerMapping - Mapped "{[/redis/terminal]}" onto public java.lang.String com.xsz.system.controller.RedisController.redisTerminal(org.springframework.ui.Model)
13:18:30.298 febs [main] INFO  o.s.w.s.m.m.a.RequestMappingHandlerMapping - Mapped "{[/redis/del]}" onto public com.xsz.common.domain.ResponseBo com.xsz.system.controller.RedisController.del(java.lang.String)
13:18:30.298 febs [main] INFO  o.s.w.s.m.m.a.RequestMappingHandlerMapping - Mapped "{[/role]}" onto public java.lang.String com.xsz.system.controller.RoleController.index()
13:18:30.298 febs [main] INFO  o.s.w.s.m.m.a.RequestMappingHandlerMapping - Mapped "{[/role/getRole]}" onto public com.xsz.common.domain.ResponseBo com.xsz.system.controller.RoleController.getRole(java.lang.Long)
13:18:30.298 febs [main] INFO  o.s.w.s.m.m.a.RequestMappingHandlerMapping - Mapped "{[/role/add]}" onto public com.xsz.common.domain.ResponseBo com.xsz.system.controller.RoleController.addRole(com.xsz.system.domain.Role,java.lang.Long[])
13:18:30.298 febs [main] INFO  o.s.w.s.m.m.a.RequestMappingHandlerMapping - Mapped "{[/role/update]}" onto public com.xsz.common.domain.ResponseBo com.xsz.system.controller.RoleController.updateRole(com.xsz.system.domain.Role,java.lang.Long[])
13:18:30.298 febs [main] INFO  o.s.w.s.m.m.a.RequestMappingHandlerMapping - Mapped "{[/role/csv]}" onto public com.xsz.common.domain.ResponseBo com.xsz.system.controller.RoleController.roleCsv(com.xsz.system.domain.Role)
13:18:30.298 febs [main] INFO  o.s.w.s.m.m.a.RequestMappingHandlerMapping - Mapped "{[/role/delete]}" onto public com.xsz.common.domain.ResponseBo com.xsz.system.controller.RoleController.deleteRoles(java.lang.String)
13:18:30.298 febs [main] INFO  o.s.w.s.m.m.a.RequestMappingHandlerMapping - Mapped "{[/role/list]}" onto public java.util.Map<java.lang.String, java.lang.Object> com.xsz.system.controller.RoleController.roleList(com.xsz.common.domain.QueryRequest,com.xsz.system.domain.Role)
13:18:30.298 febs [main] INFO  o.s.w.s.m.m.a.RequestMappingHandlerMapping - Mapped "{[/role/excel]}" onto public com.xsz.common.domain.ResponseBo com.xsz.system.controller.RoleController.roleExcel(com.xsz.system.domain.Role)
13:18:30.298 febs [main] INFO  o.s.w.s.m.m.a.RequestMappingHandlerMapping - Mapped "{[/role/checkRoleName]}" onto public boolean com.xsz.system.controller.RoleController.checkRoleName(java.lang.String,java.lang.String)
13:18:30.314 febs [main] INFO  o.s.w.s.m.m.a.RequestMappingHandlerMapping - Mapped "{[/session/list]}" onto public java.util.Map<java.lang.String, java.lang.Object> com.xsz.system.controller.SessionController.list()
13:18:30.314 febs [main] INFO  o.s.w.s.m.m.a.RequestMappingHandlerMapping - Mapped "{[/session/forceLogout]}" onto public com.xsz.common.domain.ResponseBo com.xsz.system.controller.SessionController.forceLogout(java.lang.String)
13:18:30.314 febs [main] INFO  o.s.w.s.m.m.a.RequestMappingHandlerMapping - Mapped "{[/session]}" onto public java.lang.String com.xsz.system.controller.SessionController.online()
13:18:30.314 febs [main] INFO  o.s.w.s.m.m.a.RequestMappingHandlerMapping - Mapped "{[/user]}" onto public java.lang.String com.xsz.system.controller.UserController.index(org.springframework.ui.Model)
13:18:30.314 febs [main] INFO  o.s.w.s.m.m.a.RequestMappingHandlerMapping - Mapped "{[/user/list]}" onto public java.util.Map<java.lang.String, java.lang.Object> com.xsz.system.controller.UserController.userList(com.xsz.common.domain.QueryRequest,com.xsz.system.domain.User)
13:18:30.314 febs [main] INFO  o.s.w.s.m.m.a.RequestMappingHandlerMapping - Mapped "{[/user/updateUserProfile]}" onto public com.xsz.common.domain.ResponseBo com.xsz.system.controller.UserController.updateUserProfile(com.xsz.system.domain.User)
13:18:30.314 febs [main] INFO  o.s.w.s.m.m.a.RequestMappingHandlerMapping - Mapped "{[/user/add]}" onto public com.xsz.common.domain.ResponseBo com.xsz.system.controller.UserController.addUser(com.xsz.system.domain.User,java.lang.Long[])
13:18:30.314 febs [main] INFO  o.s.w.s.m.m.a.RequestMappingHandlerMapping - Mapped "{[/user/delete]}" onto public com.xsz.common.domain.ResponseBo com.xsz.system.controller.UserController.deleteUsers(java.lang.String)
13:18:30.314 febs [main] INFO  o.s.w.s.m.m.a.RequestMappingHandlerMapping - Mapped "{[/user/checkUserName]}" onto public boolean com.xsz.system.controller.UserController.checkUserName(java.lang.String,java.lang.String)
13:18:30.314 febs [main] INFO  o.s.w.s.m.m.a.RequestMappingHandlerMapping - Mapped "{[/user/getUserProfile]}" onto public com.xsz.common.domain.ResponseBo com.xsz.system.controller.UserController.getUserProfile(java.lang.Long)
13:18:30.314 febs [main] INFO  o.s.w.s.m.m.a.RequestMappingHandlerMapping - Mapped "{[/user/checkPassword]}" onto public boolean com.xsz.system.controller.UserController.checkPassword(java.lang.String)
13:18:30.314 febs [main] INFO  o.s.w.s.m.m.a.RequestMappingHandlerMapping - Mapped "{[/user/getUser]}" onto public com.xsz.common.domain.ResponseBo com.xsz.system.controller.UserController.getUser(java.lang.Long)
13:18:30.314 febs [main] INFO  o.s.w.s.m.m.a.RequestMappingHandlerMapping - Mapped "{[/user/profile]}" onto public java.lang.String com.xsz.system.controller.UserController.profileIndex(org.springframework.ui.Model)
13:18:30.314 febs [main] INFO  o.s.w.s.m.m.a.RequestMappingHandlerMapping - Mapped "{[/user/excel]}" onto public com.xsz.common.domain.ResponseBo com.xsz.system.controller.UserController.userExcel(com.xsz.system.domain.User)
13:18:30.329 febs [main] INFO  o.s.w.s.m.m.a.RequestMappingHandlerMapping - Mapped "{[/user/changeAvatar]}" onto public com.xsz.common.domain.ResponseBo com.xsz.system.controller.UserController.changeAvatar(java.lang.String)
13:18:30.329 febs [main] INFO  o.s.w.s.m.m.a.RequestMappingHandlerMapping - Mapped "{[/user/csv]}" onto public com.xsz.common.domain.ResponseBo com.xsz.system.controller.UserController.userCsv(com.xsz.system.domain.User)
13:18:30.329 febs [main] INFO  o.s.w.s.m.m.a.RequestMappingHandlerMapping - Mapped "{[/user/regist]}" onto public com.xsz.common.domain.ResponseBo com.xsz.system.controller.UserController.regist(com.xsz.system.domain.User)
13:18:30.329 febs [main] INFO  o.s.w.s.m.m.a.RequestMappingHandlerMapping - Mapped "{[/user/update]}" onto public com.xsz.common.domain.ResponseBo com.xsz.system.controller.UserController.updateUser(com.xsz.system.domain.User,java.lang.Long[])
13:18:30.329 febs [main] INFO  o.s.w.s.m.m.a.RequestMappingHandlerMapping - Mapped "{[/user/theme]}" onto public com.xsz.common.domain.ResponseBo com.xsz.system.controller.UserController.updateTheme(com.xsz.system.domain.User)
13:18:30.329 febs [main] INFO  o.s.w.s.m.m.a.RequestMappingHandlerMapping - Mapped "{[/user/updatePassword]}" onto public com.xsz.common.domain.ResponseBo com.xsz.system.controller.UserController.updatePassword(java.lang.String)
13:18:30.329 febs [main] INFO  o.s.w.s.m.m.a.RequestMappingHandlerMapping - Mapped "{[/article]}" onto public java.lang.String com.xsz.web.controller.ArticleController.index()
13:18:30.329 febs [main] INFO  o.s.w.s.m.m.a.RequestMappingHandlerMapping - Mapped "{[/article/query]}" onto public com.xsz.common.domain.ResponseBo com.xsz.web.controller.ArticleController.queryArticle(java.lang.String)
13:18:30.329 febs [main] INFO  o.s.w.s.m.m.a.RequestMappingHandlerMapping - Mapped "{[/movie/comments]}" onto public com.xsz.common.domain.ResponseBo com.xsz.web.controller.MovieController.getComments(java.lang.String)
13:18:30.329 febs [main] INFO  o.s.w.s.m.m.a.RequestMappingHandlerMapping - Mapped "{[/movie/getMovieHot]}" onto public com.xsz.common.domain.ResponseBo com.xsz.web.controller.MovieController.getMoiveHot()
13:18:30.329 febs [main] INFO  o.s.w.s.m.m.a.RequestMappingHandlerMapping - Mapped "{[/movie/detail]}" onto public com.xsz.common.domain.ResponseBo com.xsz.web.controller.MovieController.getDetail(java.lang.String)
13:18:30.329 febs [main] INFO  o.s.w.s.m.m.a.RequestMappingHandlerMapping - Mapped "{[/movie/hot]}" onto public java.lang.String com.xsz.web.controller.MovieController.movieHot()
13:18:30.329 febs [main] INFO  o.s.w.s.m.m.a.RequestMappingHandlerMapping - Mapped "{[/movie/coming]}" onto public java.lang.String com.xsz.web.controller.MovieController.movieComing()
13:18:30.329 febs [main] INFO  o.s.w.s.m.m.a.RequestMappingHandlerMapping - Mapped "{[/movie/getMovieComing]}" onto public com.xsz.common.domain.ResponseBo com.xsz.web.controller.MovieController.getMovieComing()
13:18:30.329 febs [main] INFO  o.s.w.s.m.m.a.RequestMappingHandlerMapping - Mapped "{[/one/yuwen]}" onto public java.lang.String com.xsz.web.controller.OneIsAllController.yuwenIndex()
13:18:30.345 febs [main] INFO  o.s.w.s.m.m.a.RequestMappingHandlerMapping - Mapped "{[/one/yuwenComments]}" onto public com.xsz.common.domain.ResponseBo com.xsz.web.controller.OneIsAllController.getYuwenComments(java.lang.String)
13:18:30.345 febs [main] INFO  o.s.w.s.m.m.a.RequestMappingHandlerMapping - Mapped "{[/one/yuwenDetail]}" onto public com.xsz.common.domain.ResponseBo com.xsz.web.controller.OneIsAllController.getYuwenDetail(java.lang.String,java.lang.String)
13:18:30.345 febs [main] INFO  o.s.w.s.m.m.a.RequestMappingHandlerMapping - Mapped "{[/one/readingList]}" onto public com.xsz.common.domain.ResponseBo com.xsz.web.controller.OneIsAllController.getReadingList()
13:18:30.345 febs [main] INFO  o.s.w.s.m.m.a.RequestMappingHandlerMapping - Mapped "{[/one/essay]}" onto public java.lang.String com.xsz.web.controller.OneIsAllController.essayIndex()
13:18:30.345 febs [main] INFO  o.s.w.s.m.m.a.RequestMappingHandlerMapping - Mapped "{[/one/essayDetail]}" onto public com.xsz.common.domain.ResponseBo com.xsz.web.controller.OneIsAllController.getEssayDetail(java.lang.String,java.lang.String)
13:18:30.345 febs [main] INFO  o.s.w.s.m.m.a.RequestMappingHandlerMapping - Mapped "{[/one/oneList]}" onto public com.xsz.common.domain.ResponseBo com.xsz.web.controller.OneIsAllController.getOneList()
13:18:30.345 febs [main] INFO  o.s.w.s.m.m.a.RequestMappingHandlerMapping - Mapped "{[/one/painting]}" onto public java.lang.String com.xsz.web.controller.OneIsAllController.paintIndex()
13:18:30.345 febs [main] INFO  o.s.w.s.m.m.a.RequestMappingHandlerMapping - Mapped "{[/one/essayComments]}" onto public com.xsz.common.domain.ResponseBo com.xsz.web.controller.OneIsAllController.getEssayComments(java.lang.String)
13:18:30.345 febs [main] INFO  o.s.w.s.m.m.a.RequestMappingHandlerMapping - Mapped "{[/weather]}" onto public java.lang.String com.xsz.web.controller.WeatherController.weather()
13:18:30.345 febs [main] INFO  o.s.w.s.m.m.a.RequestMappingHandlerMapping - Mapped "{[/weather/query]}" onto public com.xsz.common.domain.ResponseBo com.xsz.web.controller.WeatherController.queryWeather(java.lang.String)
13:18:30.345 febs [main] INFO  o.s.w.s.m.m.a.RequestMappingHandlerMapping - Mapped "{[/v2/api-docs],methods=[GET],produces=[application/json || application/hal+json]}" onto public org.springframework.http.ResponseEntity<springfox.documentation.spring.web.json.Json> springfox.documentation.swagger2.web.Swagger2Controller.getDocumentation(java.lang.String,javax.servlet.http.HttpServletRequest)
13:18:30.360 febs [main] INFO  o.s.w.s.m.m.a.RequestMappingHandlerMapping - Mapped "{[/swagger-resources/configuration/security]}" onto org.springframework.http.ResponseEntity<springfox.documentation.swagger.web.SecurityConfiguration> springfox.documentation.swagger.web.ApiResourceController.securityConfiguration()
13:18:30.360 febs [main] INFO  o.s.w.s.m.m.a.RequestMappingHandlerMapping - Mapped "{[/swagger-resources/configuration/ui]}" onto org.springframework.http.ResponseEntity<springfox.documentation.swagger.web.UiConfiguration> springfox.documentation.swagger.web.ApiResourceController.uiConfiguration()
13:18:30.360 febs [main] INFO  o.s.w.s.m.m.a.RequestMappingHandlerMapping - Mapped "{[/swagger-resources]}" onto org.springframework.http.ResponseEntity<java.util.List<springfox.documentation.swagger.web.SwaggerResource>> springfox.documentation.swagger.web.ApiResourceController.swaggerResources()
13:18:30.376 febs [main] INFO  o.s.w.s.m.m.a.RequestMappingHandlerMapping - Mapped "{[/error]}" onto public org.springframework.http.ResponseEntity<java.util.Map<java.lang.String, java.lang.Object>> org.springframework.boot.autoconfigure.web.servlet.error.BasicErrorController.error(javax.servlet.http.HttpServletRequest)
13:18:30.376 febs [main] INFO  o.s.w.s.m.m.a.RequestMappingHandlerMapping - Mapped "{[/error],produces=[text/html]}" onto public org.springframework.web.servlet.ModelAndView org.springframework.boot.autoconfigure.web.servlet.error.BasicErrorController.errorHtml(javax.servlet.http.HttpServletRequest,javax.servlet.http.HttpServletResponse)
13:18:30.579 febs [main] INFO  o.s.s.c.ThreadPoolTaskExecutor - Initializing ExecutorService  'taskExecutor'
13:18:30.923 febs [main] INFO  o.s.w.s.h.SimpleUrlHandlerMapping - Mapped URL path [/**/favicon.ico] onto handler of type [class org.springframework.web.servlet.resource.ResourceHttpRequestHandler]
13:18:31.346 febs [main] INFO  o.s.w.s.m.m.a.RequestMappingHandlerAdapter - Looking for @ControllerAdvice: org.springframework.boot.web.servlet.context.AnnotationConfigServletWebServerApplicationContext@f2ff811: startup date [Sat Jun 13 13:18:10 CST 2020]; root of context hierarchy
13:18:31.424 febs [main] INFO  o.s.w.s.h.SimpleUrlHandlerMapping - Mapped URL path [/webjars/**] onto handler of type [class org.springframework.web.servlet.resource.ResourceHttpRequestHandler]
13:18:31.424 febs [main] INFO  o.s.w.s.h.SimpleUrlHandlerMapping - Mapped URL path [/**] onto handler of type [class org.springframework.web.servlet.resource.ResourceHttpRequestHandler]
13:18:31.424 febs [main] INFO  o.s.w.s.h.SimpleUrlHandlerMapping - Mapped URL path [/images/**] onto handler of type [class org.springframework.web.servlet.resource.ResourceHttpRequestHandler]
13:18:31.456 febs [main] INFO  o.s.w.s.m.m.a.ExceptionHandlerExceptionResolver - Detected @ExceptionHandler methods in globalExceptionHandler
13:18:31.456 febs [main] INFO  o.s.w.s.m.m.a.ExceptionHandlerExceptionResolver - Detected @ExceptionHandler methods in controllerExceptionHandler
13:18:31.674 febs [main] INFO  o.s.b.a.w.s.WelcomePageHandlerMapping - Adding welcome page template: index
13:18:32.721 febs [main] INFO  o.s.j.e.a.AnnotationMBeanExporter - Registering beans for JMX exposure on startup
13:18:32.721 febs [main] INFO  o.s.j.e.a.AnnotationMBeanExporter - Bean with name 'statFilter' has been autodetected for JMX exposure
13:18:32.721 febs [main] INFO  o.s.j.e.a.AnnotationMBeanExporter - Bean with name 'dataSource' has been autodetected for JMX exposure
13:18:32.721 febs [main] INFO  o.s.j.e.a.AnnotationMBeanExporter - Located MBean 'dataSource': registering with JMX server as MBean [com.alibaba.druid.spring.boot.autoconfigure:name=dataSource,type=DruidDataSourceWrapper]
13:18:32.721 febs [main] INFO  o.s.j.e.a.AnnotationMBeanExporter - Located MBean 'statFilter': registering with JMX server as MBean [com.alibaba.druid.filter.stat:name=statFilter,type=StatFilter]
13:18:32.737 febs [main] INFO  o.s.c.s.DefaultLifecycleProcessor - Starting beans in phase 2147483647
13:18:32.737 febs [main] INFO  s.d.s.w.p.DocumentationPluginsBootstrapper - Context refreshed
13:18:32.846 febs [main] INFO  s.d.s.w.p.DocumentationPluginsBootstrapper - Found 1 custom documentation plugin(s)
13:18:32.877 febs [main] INFO  s.d.s.w.s.ApiListingReferenceScanner - Scanning for api listing references
13:18:33.284 febs [main] INFO  o.s.s.quartz.SchedulerFactoryBean - Will start Quartz Scheduler [MyScheduler] in 1 seconds
13:18:33.299 febs [main] INFO  o.a.coyote.http11.Http11NioProtocol - Starting ProtocolHandler ["http-nio-9020"]
13:18:33.518 febs [main] INFO  o.a.tomcat.util.net.NioSelectorPool - Using a shared selector for servlet write/read
13:18:33.565 febs [main] INFO  o.s.b.w.e.tomcat.TomcatWebServer - Tomcat started on port(s): 9020 (http) with context path ''
13:18:33.581 febs [main] INFO  com.xsz.Application - Started Application in 26.065 seconds (JVM running for 27.609)
13:18:33.581 febs [main] INFO  c.x.c.r.ApplicationStartupRunner - FEBS 权限系统启动完毕，地址：http://192.168.3.30:9020
13:18:34.284 febs [Quartz Scheduler [MyScheduler]] INFO  o.s.s.quartz.SchedulerFactoryBean - Starting Quartz Scheduler now, after delay of 1 seconds
13:18:34.581 febs [Quartz Scheduler [MyScheduler]] INFO  o.s.s.quartz.LocalDataSourceJobStore - ClusterManager: detected 1 failed or restarted instances.
13:18:34.581 febs [Quartz Scheduler [MyScheduler]] INFO  o.s.s.quartz.LocalDataSourceJobStore - ClusterManager: Scanning for instance "DESKTOP-5G79DEK1591979967253"'s failed in-progress jobs.
13:18:34.784 febs [Quartz Scheduler [MyScheduler]] INFO  org.quartz.core.QuartzScheduler - Scheduler MyScheduler_$_DESKTOP-5G79DEK1592025504548 started.
